2025-02-23 23:42:33,673 - app.utils.opcua_client - INFO - Connecting to OPCUA server at opc.tcp://localhost:4840
2025-02-23 23:42:33,673 - app.utils.opcua_client - ERROR - Failed to connect to OPCUA server: Client.set_security() got an unexpected keyword argument 'security_string'
2025-02-23 23:42:33,673 - app.main - ERROR - Failed to connect to OPCUA server: Client.set_security() got an unexpected keyword argument 'security_string'
2025-02-23 23:42:33,674 - app.routes.websocket - INFO - WebSocket connection established
2025-02-23 23:42:33,674 - app.utils.opcua_client - INFO - Connecting to OPCUA server at opc.tcp://localhost:4840
2025-02-23 23:42:33,674 - app.utils.opcua_client - ERROR - Failed to connect to OPCUA server: Client.set_security() got an unexpected keyword argument 'security_string'
2025-02-23 23:42:33,674 - app.routes.websocket - ERROR - WebSocket error: Client.set_security() got an unexpected keyword argument 'security_string'
2025-02-23 23:42:38,679 - app.routes.websocket - INFO - WebSocket connection established
2025-02-23 23:42:38,679 - app.utils.opcua_client - ERROR - Error getting namespace index: 'NoneType' object has no attribute 'send_request'
2025-02-23 23:42:38,679 - app.routes.websocket - ERROR - WebSocket error: 'NoneType' object has no attribute 'send_request'
2025-02-23 23:42:39,642 - app.routes.websocket - INFO - WebSocket connection established
2025-02-23 23:42:39,642 - app.utils.opcua_client - ERROR - Error getting namespace index: 'NoneType' object has no attribute 'send_request'
2025-02-23 23:42:39,642 - app.routes.websocket - ERROR - WebSocket error: 'NoneType' object has no attribute 'send_request'
2025-02-23 23:42:39,644 - app.utils.opcua_client - ERROR - Error getting namespace index: 'NoneType' object has no attribute 'get_namespace_index'
2025-02-23 23:42:39,644 - app.routes.data - ERROR - Error retrieving data: 'NoneType' object has no attribute 'get_namespace_index'
2025-02-23 23:42:44,651 - app.routes.websocket - INFO - WebSocket connection established
2025-02-23 23:42:44,651 - app.utils.opcua_client - ERROR - Error getting namespace index: 'NoneType' object has no attribute 'send_request'
2025-02-23 23:42:44,651 - app.routes.websocket - ERROR - WebSocket error: 'NoneType' object has no attribute 'send_request'
2025-02-23 23:42:49,658 - app.routes.websocket - INFO - WebSocket connection established
2025-02-23 23:42:49,658 - app.utils.opcua_client - ERROR - Error getting namespace index: 'NoneType' object has no attribute 'send_request'
2025-02-23 23:42:49,658 - app.routes.websocket - ERROR - WebSocket error: 'NoneType' object has no attribute 'send_request'
2025-02-23 23:42:54,663 - app.routes.websocket - INFO - WebSocket connection established
2025-02-23 23:42:54,663 - app.utils.opcua_client - ERROR - Error getting namespace index: 'NoneType' object has no attribute 'send_request'
2025-02-23 23:42:54,663 - app.routes.websocket - ERROR - WebSocket error: 'NoneType' object has no attribute 'send_request'
2025-02-23 23:42:59,668 - app.routes.websocket - INFO - WebSocket connection established
2025-02-23 23:42:59,668 - app.utils.opcua_client - ERROR - Error getting namespace index: 'NoneType' object has no attribute 'send_request'
2025-02-23 23:42:59,668 - app.routes.websocket - ERROR - WebSocket error: 'NoneType' object has no attribute 'send_request'
2025-02-23 23:43:04,674 - app.routes.websocket - INFO - WebSocket connection established
2025-02-23 23:43:04,674 - app.utils.opcua_client - ERROR - Error getting namespace index: 'NoneType' object has no attribute 'send_request'
2025-02-23 23:43:04,674 - app.routes.websocket - ERROR - WebSocket error: 'NoneType' object has no attribute 'send_request'
2025-02-23 23:43:09,687 - app.routes.websocket - INFO - WebSocket connection established
2025-02-23 23:43:09,687 - app.utils.opcua_client - ERROR - Error getting namespace index: 'NoneType' object has no attribute 'send_request'
2025-02-23 23:43:09,687 - app.routes.websocket - ERROR - WebSocket error: 'NoneType' object has no attribute 'send_request'
2025-02-23 23:43:14,693 - app.routes.websocket - INFO - WebSocket connection established
2025-02-23 23:43:14,693 - app.utils.opcua_client - ERROR - Error getting namespace index: 'NoneType' object has no attribute 'send_request'
2025-02-23 23:43:14,693 - app.routes.websocket - ERROR - WebSocket error: 'NoneType' object has no attribute 'send_request'
2025-02-23 23:43:19,700 - app.routes.websocket - INFO - WebSocket connection established
2025-02-23 23:43:19,700 - app.utils.opcua_client - ERROR - Error getting namespace index: 'NoneType' object has no attribute 'send_request'
2025-02-23 23:43:19,700 - app.routes.websocket - ERROR - WebSocket error: 'NoneType' object has no attribute 'send_request'
2025-02-23 23:43:24,706 - app.routes.websocket - INFO - WebSocket connection established
2025-02-23 23:43:24,706 - app.utils.opcua_client - ERROR - Error getting namespace index: 'NoneType' object has no attribute 'send_request'
2025-02-23 23:43:24,706 - app.routes.websocket - ERROR - WebSocket error: 'NoneType' object has no attribute 'send_request'
2025-02-23 23:43:29,713 - app.routes.websocket - INFO - WebSocket connection established
2025-02-23 23:43:29,713 - app.utils.opcua_client - ERROR - Error getting namespace index: 'NoneType' object has no attribute 'send_request'
2025-02-23 23:43:29,713 - app.routes.websocket - ERROR - WebSocket error: 'NoneType' object has no attribute 'send_request'
2025-02-23 23:43:34,720 - app.routes.websocket - INFO - WebSocket connection established
2025-02-23 23:43:34,720 - app.utils.opcua_client - ERROR - Error getting namespace index: 'NoneType' object has no attribute 'send_request'
2025-02-23 23:43:34,720 - app.routes.websocket - ERROR - WebSocket error: 'NoneType' object has no attribute 'send_request'
2025-02-23 23:43:39,725 - app.routes.websocket - INFO - WebSocket connection established
2025-02-23 23:43:39,725 - app.utils.opcua_client - ERROR - Error getting namespace index: 'NoneType' object has no attribute 'send_request'
2025-02-23 23:43:39,725 - app.routes.websocket - ERROR - WebSocket error: 'NoneType' object has no attribute 'send_request'
2025-02-23 23:43:44,732 - app.routes.websocket - INFO - WebSocket connection established
2025-02-23 23:43:44,732 - app.utils.opcua_client - ERROR - Error getting namespace index: 'NoneType' object has no attribute 'send_request'
2025-02-23 23:43:44,732 - app.routes.websocket - ERROR - WebSocket error: 'NoneType' object has no attribute 'send_request'
2025-02-23 23:43:49,739 - app.routes.websocket - INFO - WebSocket connection established
2025-02-23 23:43:49,739 - app.utils.opcua_client - ERROR - Error getting namespace index: 'NoneType' object has no attribute 'send_request'
2025-02-23 23:43:49,739 - app.routes.websocket - ERROR - WebSocket error: 'NoneType' object has no attribute 'send_request'
2025-02-23 23:43:50,366 - app.utils.opcua_client - INFO - Disconnected from OPCUA server
2025-02-23 23:43:50,366 - app.main - INFO - Successfully disconnected from OPCUA server
