2025-02-24 11:22:09,616 - app.utils.opcua_client - INFO - Connecting to OPCUA server at opc.tcp://localhost:4841
2025-02-24 11:22:11,672 - app.utils.opcua_client - INFO - Connected to OPCUA server at opc.tcp://localhost:4841
2025-02-24 11:22:11,672 - app.main - INFO - Successfully connected to OPCUA server
2025-02-24 11:22:11,691 - app.routes.websocket - INFO - WebSocket connection established
2025-02-24 11:22:11,693 - app.utils.opcua_client - INFO - Connecting to OPCUA server at opc.tcp://localhost:4841
2025-02-24 11:22:13,763 - app.utils.opcua_client - INFO - Connected to OPCUA server at opc.tcp://localhost:4841
2025-02-24 11:22:13,771 - app.routes.websocket - ERROR - WebSocket error: User does not have permission to perform the requested operation.(BadUserAccessDenied)
2025-02-24 11:22:19,106 - app.routes.websocket - INFO - WebSocket connection established
2025-02-24 11:22:19,114 - app.routes.websocket - ERROR - WebSocket error: User does not have permission to perform the requested operation.(BadUserAccessDenied)
2025-02-24 11:22:24,444 - app.routes.websocket - INFO - WebSocket connection established
2025-02-24 11:22:24,451 - app.routes.websocket - ERROR - WebSocket error: User does not have permission to perform the requested operation.(BadUserAccessDenied)
2025-02-24 11:22:29,777 - app.routes.websocket - INFO - WebSocket connection established
2025-02-24 11:22:29,782 - app.routes.websocket - ERROR - WebSocket error: User does not have permission to perform the requested operation.(BadUserAccessDenied)
2025-02-24 11:22:35,099 - app.routes.websocket - INFO - WebSocket connection established
2025-02-24 11:22:35,102 - app.routes.websocket - ERROR - WebSocket error: User does not have permission to perform the requested operation.(BadUserAccessDenied)
2025-02-24 11:22:40,427 - app.routes.websocket - INFO - WebSocket connection established
2025-02-24 11:22:40,432 - app.routes.websocket - ERROR - WebSocket error: User does not have permission to perform the requested operation.(BadUserAccessDenied)
2025-02-24 11:22:45,752 - app.routes.websocket - INFO - WebSocket connection established
2025-02-24 11:22:45,756 - app.routes.websocket - ERROR - WebSocket error: User does not have permission to perform the requested operation.(BadUserAccessDenied)
2025-02-24 11:22:51,074 - app.routes.websocket - INFO - WebSocket connection established
2025-02-24 11:22:51,078 - app.routes.websocket - ERROR - WebSocket error: User does not have permission to perform the requested operation.(BadUserAccessDenied)
2025-02-24 11:22:56,406 - app.routes.websocket - INFO - WebSocket connection established
2025-02-24 11:22:56,410 - app.routes.websocket - ERROR - WebSocket error: User does not have permission to perform the requested operation.(BadUserAccessDenied)
2025-02-24 11:23:01,735 - app.routes.websocket - INFO - WebSocket connection established
2025-02-24 11:23:01,738 - app.routes.websocket - ERROR - WebSocket error: User does not have permission to perform the requested operation.(BadUserAccessDenied)
2025-02-24 11:23:07,060 - app.routes.websocket - INFO - WebSocket connection established
2025-02-24 11:23:07,066 - app.routes.websocket - ERROR - WebSocket error: User does not have permission to perform the requested operation.(BadUserAccessDenied)
2025-02-24 11:23:12,392 - app.routes.websocket - INFO - WebSocket connection established
2025-02-24 11:23:12,395 - app.routes.websocket - ERROR - WebSocket error: User does not have permission to perform the requested operation.(BadUserAccessDenied)
2025-02-24 11:23:17,725 - app.routes.websocket - INFO - WebSocket connection established
2025-02-24 11:23:17,729 - app.routes.websocket - ERROR - WebSocket error: User does not have permission to perform the requested operation.(BadUserAccessDenied)
2025-02-24 11:23:23,048 - app.routes.websocket - INFO - WebSocket connection established
2025-02-24 11:23:23,055 - app.routes.websocket - ERROR - WebSocket error: User does not have permission to perform the requested operation.(BadUserAccessDenied)
2025-02-24 11:23:28,386 - app.routes.websocket - INFO - WebSocket connection established
2025-02-24 11:23:28,394 - app.routes.websocket - ERROR - WebSocket error: User does not have permission to perform the requested operation.(BadUserAccessDenied)
2025-02-24 11:23:33,722 - app.routes.websocket - INFO - WebSocket connection established
2025-02-24 11:23:33,729 - app.routes.websocket - ERROR - WebSocket error: User does not have permission to perform the requested operation.(BadUserAccessDenied)
2025-02-24 11:23:39,055 - app.routes.websocket - INFO - WebSocket connection established
2025-02-24 11:23:39,061 - app.routes.websocket - ERROR - WebSocket error: User does not have permission to perform the requested operation.(BadUserAccessDenied)
2025-02-24 11:23:44,394 - app.routes.websocket - INFO - WebSocket connection established
2025-02-24 11:23:44,403 - app.routes.websocket - ERROR - WebSocket error: User does not have permission to perform the requested operation.(BadUserAccessDenied)
2025-02-24 11:23:49,724 - app.routes.websocket - INFO - WebSocket connection established
2025-02-24 11:23:49,728 - app.routes.websocket - ERROR - WebSocket error: User does not have permission to perform the requested operation.(BadUserAccessDenied)
2025-02-24 11:23:55,058 - app.routes.websocket - INFO - WebSocket connection established
2025-02-24 11:23:55,064 - app.routes.websocket - ERROR - WebSocket error: User does not have permission to perform the requested operation.(BadUserAccessDenied)
2025-02-24 11:24:00,382 - app.routes.websocket - INFO - WebSocket connection established
2025-02-24 11:24:00,387 - app.routes.websocket - ERROR - WebSocket error: User does not have permission to perform the requested operation.(BadUserAccessDenied)
2025-02-24 11:24:05,712 - app.routes.websocket - INFO - WebSocket connection established
2025-02-24 11:24:05,716 - app.routes.websocket - ERROR - WebSocket error: User does not have permission to perform the requested operation.(BadUserAccessDenied)
2025-02-24 11:24:11,049 - app.routes.websocket - INFO - WebSocket connection established
2025-02-24 11:24:11,053 - app.routes.websocket - ERROR - WebSocket error: User does not have permission to perform the requested operation.(BadUserAccessDenied)
2025-02-24 11:24:16,380 - app.routes.websocket - INFO - WebSocket connection established
2025-02-24 11:24:16,388 - app.routes.websocket - ERROR - WebSocket error: User does not have permission to perform the requested operation.(BadUserAccessDenied)
2025-02-24 11:24:21,718 - app.routes.websocket - INFO - WebSocket connection established
2025-02-24 11:24:21,722 - app.routes.websocket - ERROR - WebSocket error: User does not have permission to perform the requested operation.(BadUserAccessDenied)
2025-02-24 11:24:27,047 - app.routes.websocket - INFO - WebSocket connection established
2025-02-24 11:24:27,051 - app.routes.websocket - ERROR - WebSocket error: User does not have permission to perform the requested operation.(BadUserAccessDenied)
2025-02-24 11:24:32,370 - app.routes.websocket - INFO - WebSocket connection established
2025-02-24 11:24:32,374 - app.routes.websocket - ERROR - WebSocket error: User does not have permission to perform the requested operation.(BadUserAccessDenied)
2025-02-24 11:24:37,695 - app.routes.websocket - INFO - WebSocket connection established
2025-02-24 11:24:37,701 - app.routes.websocket - ERROR - WebSocket error: User does not have permission to perform the requested operation.(BadUserAccessDenied)
2025-02-24 11:24:43,027 - app.routes.websocket - INFO - WebSocket connection established
2025-02-24 11:24:43,030 - app.routes.websocket - ERROR - WebSocket error: User does not have permission to perform the requested operation.(BadUserAccessDenied)
2025-02-24 11:24:48,351 - app.routes.websocket - INFO - WebSocket connection established
2025-02-24 11:24:48,355 - app.routes.websocket - ERROR - WebSocket error: User does not have permission to perform the requested operation.(BadUserAccessDenied)
2025-02-24 11:24:53,682 - app.routes.websocket - INFO - WebSocket connection established
2025-02-24 11:24:53,685 - app.routes.websocket - ERROR - WebSocket error: User does not have permission to perform the requested operation.(BadUserAccessDenied)
2025-02-24 11:24:59,008 - app.routes.websocket - INFO - WebSocket connection established
2025-02-24 11:24:59,011 - app.routes.websocket - ERROR - WebSocket error: User does not have permission to perform the requested operation.(BadUserAccessDenied)
2025-02-24 11:25:04,325 - app.routes.websocket - INFO - WebSocket connection established
2025-02-24 11:25:04,329 - app.routes.websocket - ERROR - WebSocket error: User does not have permission to perform the requested operation.(BadUserAccessDenied)
2025-02-24 11:25:09,658 - app.routes.websocket - INFO - WebSocket connection established
2025-02-24 11:25:09,662 - app.routes.websocket - ERROR - WebSocket error: User does not have permission to perform the requested operation.(BadUserAccessDenied)
2025-02-24 11:25:14,983 - app.routes.websocket - INFO - WebSocket connection established
2025-02-24 11:25:14,988 - app.routes.websocket - ERROR - WebSocket error: User does not have permission to perform the requested operation.(BadUserAccessDenied)
2025-02-24 11:25:20,033 - app.utils.opcua_client - INFO - Disconnected from OPCUA server
2025-02-24 11:25:20,034 - app.main - INFO - Successfully disconnected from OPCUA server
