2025-02-24 13:19:47,907 - app.utils.opcua_client - INFO - Connecting to OPCUA server at opc.tcp://localhost:4841
2025-02-24 13:19:49,947 - app.utils.opcua_client - INFO - Connected to OPCUA server at opc.tcp://localhost:4841
2025-02-24 13:19:49,948 - app.main - INFO - Successfully connected to OPCUA server
2025-02-24 13:19:54,587 - app.routes.websocket - INFO - WebSocket connection established
2025-02-24 13:19:54,588 - app.utils.opcua_client - INFO - Connecting to OPCUA server at opc.tcp://localhost:4841
2025-02-24 13:19:56,632 - app.utils.opcua_client - INFO - Connected to OPCUA server at opc.tcp://localhost:4841
2025-02-24 13:19:56,639 - app.utils.opcua_client - INFO - Created OPCUA subscription
2025-02-24 13:20:17,798 - app.utils.opcua_client - INFO - Connecting to OPCUA server at opc.tcp://localhost:4841
2025-02-24 13:20:19,835 - app.utils.opcua_client - INFO - Connected to OPCUA server at opc.tcp://localhost:4841
2025-02-24 13:20:19,841 - app.routes.data - INFO - Retrieved data: {'variable1': 0, 'variable2': 'initial_state'}
2025-02-24 13:20:32,877 - app.main - ERROR - Health check failed: 'UaClient' object has no attribute '_uasocket'
2025-02-24 13:20:41,825 - app.routes.websocket - INFO - WebSocket connection established
2025-02-24 13:20:41,835 - app.utils.opcua_client - INFO - Created OPCUA subscription
2025-02-24 13:20:41,849 - app.routes.data - INFO - Retrieved data: {'variable1': 0, 'variable2': 'initial_state'}
2025-02-24 13:20:48,663 - app.routes.data - INFO - Retrieved data: {'variable1': 0, 'variable2': 'initial_state'}
2025-02-24 13:20:48,677 - app.routes.data - INFO - Retrieved data: {'variable1': 0, 'variable2': 'initial_state'}
2025-02-24 13:20:48,954 - app.routes.websocket - INFO - WebSocket connection established
2025-02-24 13:20:48,961 - app.utils.opcua_client - INFO - Created OPCUA subscription
2025-02-24 13:20:53,215 - app.routes.data - INFO - Retrieved data: {'variable1': 0, 'variable2': 'initial_state'}
2025-02-24 13:20:53,484 - app.routes.websocket - INFO - WebSocket connection established
2025-02-24 13:20:53,489 - app.utils.opcua_client - INFO - Created OPCUA subscription
2025-02-24 13:21:03,853 - app.routes.data - INFO - Retrieved data: {'variable1': 0, 'variable2': 'initial_state'}
2025-02-24 13:21:03,869 - app.routes.data - INFO - Retrieved data: {'variable1': 0, 'variable2': 'initial_state'}
2025-02-24 13:21:04,141 - app.routes.websocket - INFO - WebSocket connection established
2025-02-24 13:21:04,148 - app.utils.opcua_client - INFO - Created OPCUA subscription
2025-02-24 13:21:54,738 - app.routes.websocket - INFO - WebSocket connection established
2025-02-24 13:21:54,745 - app.utils.opcua_client - INFO - Created OPCUA subscription
2025-02-24 13:22:45,290 - app.routes.data - INFO - Retrieved data: {'variable1': 0, 'variable2': 'initial_state'}
2025-02-24 13:22:45,307 - app.routes.data - INFO - Retrieved data: {'variable1': 0, 'variable2': 'initial_state'}
2025-02-24 13:22:45,560 - app.routes.websocket - INFO - WebSocket connection established
2025-02-24 13:22:45,565 - app.utils.opcua_client - INFO - Created OPCUA subscription
2025-02-24 13:24:01,588 - app.routes.websocket - INFO - WebSocket connection established
2025-02-24 13:24:01,595 - app.utils.opcua_client - INFO - Created OPCUA subscription
2025-02-24 13:26:25,175 - app.utils.opcua_client - INFO - Disconnected from OPCUA server
2025-02-24 13:26:25,175 - app.main - INFO - Successfully disconnected from OPCUA server
