2025-02-24 13:36:52,487 - app.utils.opcua_client - INFO - Connecting to OPCUA server at opc.tcp://localhost:4841
2025-02-24 13:36:54,542 - app.utils.opcua_client - INFO - Connected to OPCUA server at opc.tcp://localhost:4841
2025-02-24 13:36:54,543 - app.main - INFO - Successfully connected to OPCUA server
2025-02-24 13:36:54,595 - app.routes.websocket - INFO - WebSocket connection established
2025-02-24 13:36:54,596 - app.utils.opcua_client - INFO - Connecting to OPCUA server at opc.tcp://localhost:4841
2025-02-24 13:36:56,659 - app.utils.opcua_client - INFO - Connected to OPCUA server at opc.tcp://localhost:4841
2025-02-24 13:36:56,665 - app.utils.opcua_client - INFO - Created OPCUA subscription
2025-02-24 13:36:57,185 - app.routes.websocket - ERROR - Error in datachange_notification: type object 'WebSocket' has no attribute 'CONNECTED'
2025-02-24 13:36:57,186 - app.routes.websocket - ERROR - Error in datachange_notification: type object 'WebSocket' has no attribute 'CONNECTED'
2025-02-24 13:36:57,186 - app.routes.websocket - ERROR - Error in datachange_notification: type object 'WebSocket' has no attribute 'CONNECTED'
2025-02-24 13:36:57,187 - app.routes.websocket - ERROR - Error in datachange_notification: type object 'WebSocket' has no attribute 'CONNECTED'
2025-02-24 13:36:58,166 - app.routes.websocket - ERROR - Error in datachange_notification: type object 'WebSocket' has no attribute 'CONNECTED'
2025-02-24 13:36:59,676 - app.routes.websocket - ERROR - Error in datachange_notification: type object 'WebSocket' has no attribute 'CONNECTED'
2025-02-24 13:37:00,674 - app.routes.websocket - ERROR - Error in datachange_notification: type object 'WebSocket' has no attribute 'CONNECTED'
2025-02-24 13:37:01,673 - app.routes.websocket - ERROR - Error in datachange_notification: type object 'WebSocket' has no attribute 'CONNECTED'
2025-02-24 13:37:02,674 - app.routes.websocket - ERROR - Error in datachange_notification: type object 'WebSocket' has no attribute 'CONNECTED'
2025-02-24 13:37:03,667 - app.routes.websocket - ERROR - Error in datachange_notification: type object 'WebSocket' has no attribute 'CONNECTED'
2025-02-24 13:37:04,666 - app.routes.websocket - ERROR - Error in datachange_notification: type object 'WebSocket' has no attribute 'CONNECTED'
2025-02-24 13:37:05,682 - app.routes.websocket - ERROR - Error in datachange_notification: type object 'WebSocket' has no attribute 'CONNECTED'
2025-02-24 13:37:06,664 - app.routes.websocket - ERROR - Error in datachange_notification: type object 'WebSocket' has no attribute 'CONNECTED'
2025-02-24 13:37:07,651 - app.routes.websocket - ERROR - Error in datachange_notification: type object 'WebSocket' has no attribute 'CONNECTED'
2025-02-24 13:37:08,664 - app.routes.websocket - ERROR - Error in datachange_notification: type object 'WebSocket' has no attribute 'CONNECTED'
2025-02-24 13:37:09,656 - app.routes.websocket - ERROR - Error in datachange_notification: type object 'WebSocket' has no attribute 'CONNECTED'
2025-02-24 13:37:10,654 - app.routes.websocket - ERROR - Error in datachange_notification: type object 'WebSocket' has no attribute 'CONNECTED'
2025-02-24 13:37:11,656 - app.routes.websocket - ERROR - Error in datachange_notification: type object 'WebSocket' has no attribute 'CONNECTED'
2025-02-24 13:37:12,659 - app.routes.websocket - ERROR - Error in datachange_notification: type object 'WebSocket' has no attribute 'CONNECTED'
2025-02-24 13:37:13,677 - app.routes.websocket - ERROR - Error in datachange_notification: type object 'WebSocket' has no attribute 'CONNECTED'
2025-02-24 13:37:14,676 - app.routes.websocket - ERROR - Error in datachange_notification: type object 'WebSocket' has no attribute 'CONNECTED'
2025-02-24 13:37:15,681 - app.routes.websocket - ERROR - Error in datachange_notification: type object 'WebSocket' has no attribute 'CONNECTED'
2025-02-24 13:37:16,682 - app.routes.websocket - ERROR - Error in datachange_notification: type object 'WebSocket' has no attribute 'CONNECTED'
2025-02-24 13:37:17,671 - app.routes.websocket - ERROR - Error in datachange_notification: type object 'WebSocket' has no attribute 'CONNECTED'
2025-02-24 13:37:18,671 - app.routes.websocket - ERROR - Error in datachange_notification: type object 'WebSocket' has no attribute 'CONNECTED'
2025-02-24 13:37:19,677 - app.routes.websocket - ERROR - Error in datachange_notification: type object 'WebSocket' has no attribute 'CONNECTED'
2025-02-24 13:37:20,675 - app.routes.websocket - ERROR - Error in datachange_notification: type object 'WebSocket' has no attribute 'CONNECTED'
2025-02-24 13:37:21,673 - app.routes.websocket - ERROR - Error in datachange_notification: type object 'WebSocket' has no attribute 'CONNECTED'
2025-02-24 13:37:22,682 - app.routes.websocket - ERROR - Error in datachange_notification: type object 'WebSocket' has no attribute 'CONNECTED'
2025-02-24 13:37:23,671 - app.routes.websocket - ERROR - Error in datachange_notification: type object 'WebSocket' has no attribute 'CONNECTED'
2025-02-24 13:37:24,677 - app.routes.websocket - ERROR - Error in datachange_notification: type object 'WebSocket' has no attribute 'CONNECTED'
2025-02-24 13:37:25,667 - app.routes.websocket - ERROR - Error in datachange_notification: type object 'WebSocket' has no attribute 'CONNECTED'
2025-02-24 13:37:26,669 - app.routes.websocket - ERROR - Error in datachange_notification: type object 'WebSocket' has no attribute 'CONNECTED'
2025-02-24 13:37:27,676 - app.routes.websocket - ERROR - Error in datachange_notification: type object 'WebSocket' has no attribute 'CONNECTED'
2025-02-24 13:37:28,675 - app.routes.websocket - ERROR - Error in datachange_notification: type object 'WebSocket' has no attribute 'CONNECTED'
2025-02-24 13:37:29,677 - app.routes.websocket - ERROR - Error in datachange_notification: type object 'WebSocket' has no attribute 'CONNECTED'
2025-02-24 13:37:30,667 - app.routes.websocket - ERROR - Error in datachange_notification: type object 'WebSocket' has no attribute 'CONNECTED'
2025-02-24 13:37:31,680 - app.routes.websocket - ERROR - Error in datachange_notification: type object 'WebSocket' has no attribute 'CONNECTED'
2025-02-24 13:37:32,664 - app.routes.websocket - ERROR - Error in datachange_notification: type object 'WebSocket' has no attribute 'CONNECTED'
2025-02-24 13:37:33,678 - app.routes.websocket - ERROR - Error in datachange_notification: type object 'WebSocket' has no attribute 'CONNECTED'
2025-02-24 13:37:34,678 - app.routes.websocket - ERROR - Error in datachange_notification: type object 'WebSocket' has no attribute 'CONNECTED'
2025-02-24 13:37:34,790 - app.utils.opcua_client - INFO - Disconnected from OPCUA server
2025-02-24 13:37:34,790 - app.main - INFO - Successfully disconnected from OPCUA server
