2025-02-23 23:39:18,802 - app.utils.opcua_client - INFO - Connecting to OPCUA server at opc.tcp://localhost:4840
2025-02-23 23:39:18,806 - app.utils.opcua_client - INFO - Connected to OPCUA server at opc.tcp://localhost:4840
2025-02-23 23:39:18,806 - app.main - INFO - Successfully connected to OPCUA server
2025-02-23 23:39:22,119 - app.routes.websocket - INFO - WebSocket connection established
2025-02-23 23:39:22,119 - app.utils.opcua_client - INFO - Connecting to OPCUA server at opc.tcp://localhost:4840
2025-02-23 23:39:22,121 - app.utils.opcua_client - INFO - Connected to OPCUA server at opc.tcp://localhost:4840
2025-02-23 23:39:22,122 - app.routes.websocket - ERROR - WebSocket error: The requested operation has no match to return.(BadNoMatch)
2025-02-23 23:39:23,831 - app.routes.websocket - INFO - WebSocket connection established
2025-02-23 23:39:23,832 - app.utils.opcua_client - ERROR - Error getting namespace index: 'NoneType' object has no attribute 'get_namespace_index'
2025-02-23 23:39:23,833 - app.routes.data - ERROR - Error retrieving data: 'NoneType' object has no attribute 'get_namespace_index'
2025-02-23 23:39:23,836 - app.routes.websocket - ERROR - WebSocket error: The requested operation has no match to return.(BadNoMatch)
2025-02-23 23:39:28,850 - app.routes.websocket - INFO - WebSocket connection established
2025-02-23 23:39:28,854 - app.routes.websocket - ERROR - WebSocket error: The requested operation has no match to return.(BadNoMatch)
2025-02-23 23:39:33,862 - app.routes.websocket - INFO - WebSocket connection established
2025-02-23 23:39:33,864 - app.routes.websocket - ERROR - WebSocket error: The requested operation has no match to return.(BadNoMatch)
2025-02-23 23:39:38,872 - app.routes.websocket - INFO - WebSocket connection established
2025-02-23 23:39:38,873 - app.routes.websocket - ERROR - WebSocket error: The requested operation has no match to return.(BadNoMatch)
2025-02-23 23:39:43,879 - app.routes.websocket - INFO - WebSocket connection established
2025-02-23 23:39:43,880 - app.routes.websocket - ERROR - WebSocket error: The requested operation has no match to return.(BadNoMatch)
2025-02-23 23:39:48,888 - app.routes.websocket - INFO - WebSocket connection established
2025-02-23 23:39:48,890 - app.routes.websocket - ERROR - WebSocket error: The requested operation has no match to return.(BadNoMatch)
2025-02-23 23:39:53,897 - app.routes.websocket - INFO - WebSocket connection established
2025-02-23 23:39:53,898 - app.routes.websocket - ERROR - WebSocket error: The requested operation has no match to return.(BadNoMatch)
2025-02-23 23:39:58,905 - app.routes.websocket - INFO - WebSocket connection established
2025-02-23 23:39:58,905 - app.routes.websocket - ERROR - WebSocket error: The requested operation has no match to return.(BadNoMatch)
2025-02-23 23:40:03,911 - app.routes.websocket - INFO - WebSocket connection established
2025-02-23 23:40:03,912 - app.routes.websocket - ERROR - WebSocket error: The requested operation has no match to return.(BadNoMatch)
2025-02-23 23:40:08,917 - app.routes.websocket - INFO - WebSocket connection established
2025-02-23 23:40:08,918 - app.routes.websocket - ERROR - WebSocket error: The requested operation has no match to return.(BadNoMatch)
2025-02-23 23:40:13,923 - app.routes.websocket - INFO - WebSocket connection established
2025-02-23 23:40:13,923 - app.routes.websocket - ERROR - WebSocket error: The requested operation has no match to return.(BadNoMatch)
2025-02-23 23:40:18,929 - app.routes.websocket - INFO - WebSocket connection established
2025-02-23 23:40:18,929 - app.routes.websocket - ERROR - WebSocket error: The requested operation has no match to return.(BadNoMatch)
2025-02-23 23:40:23,934 - app.routes.websocket - INFO - WebSocket connection established
2025-02-23 23:40:23,935 - app.routes.websocket - ERROR - WebSocket error: The requested operation has no match to return.(BadNoMatch)
2025-02-23 23:40:28,941 - app.routes.websocket - INFO - WebSocket connection established
2025-02-23 23:40:28,943 - app.routes.websocket - ERROR - WebSocket error: The requested operation has no match to return.(BadNoMatch)
2025-02-23 23:40:31,043 - app.utils.opcua_client - INFO - Disconnected from OPCUA server
2025-02-23 23:40:31,043 - app.main - INFO - Successfully disconnected from OPCUA server
