2025-02-24 13:39:50,990 - app.utils.opcua_client - INFO - Connecting to OPCUA server at opc.tcp://localhost:4841
2025-02-24 13:39:53,050 - app.utils.opcua_client - INFO - Connected to OPCUA server at opc.tcp://localhost:4841
2025-02-24 13:39:53,051 - app.main - INFO - Successfully connected to OPCUA server
2025-02-24 13:39:57,600 - app.routes.websocket - INFO - WebSocket connection established
2025-02-24 13:39:57,601 - app.utils.opcua_client - INFO - Connecting to OPCUA server at opc.tcp://localhost:4841
2025-02-24 13:39:59,644 - app.utils.opcua_client - INFO - Connected to OPCUA server at opc.tcp://localhost:4841
2025-02-24 13:39:59,649 - app.utils.opcua_client - INFO - Created OPCUA subscription
2025-02-24 13:40:00,173 - app.routes.websocket - INFO - Sent WebSocket update: {'variable1': 0}
2025-02-24 13:40:00,174 - app.routes.websocket - INFO - Sent WebSocket update: {'variable2': 'initial_state'}
2025-02-24 13:40:00,175 - app.routes.websocket - INFO - Sent WebSocket update: {'Temperature': 19.540690172068345}
2025-02-24 13:40:00,641 - app.routes.websocket - INFO - Sent WebSocket update: {'Temperature': 17.283208534583352}
2025-02-24 13:40:01,679 - app.routes.websocket - INFO - Sent WebSocket update: {'Temperature': 18.629670865924197}
2025-02-24 13:40:02,669 - app.routes.websocket - INFO - Sent WebSocket update: {'Temperature': 22.0158538421121}
2025-02-24 13:40:03,668 - app.routes.websocket - INFO - Sent WebSocket update: {'Temperature': 24.99099112594918}
2025-02-24 13:40:04,680 - app.routes.websocket - INFO - Sent WebSocket update: {'Temperature': 21.57749353691342}
2025-02-24 13:40:05,645 - app.routes.websocket - INFO - Sent WebSocket update: {'Temperature': 15.952133232007705}
2025-02-24 13:40:06,643 - app.routes.websocket - INFO - Sent WebSocket update: {'Temperature': 18.96112147125579}
2025-02-24 13:40:07,643 - app.routes.websocket - INFO - Sent WebSocket update: {'Temperature': 22.395752896197607}
2025-02-24 13:40:08,639 - app.routes.websocket - INFO - Sent WebSocket update: {'Temperature': 19.653699008666855}
2025-02-24 13:40:09,654 - app.routes.websocket - INFO - Sent WebSocket update: {'Temperature': 24.873392433873953}
2025-02-24 13:40:11,158 - app.routes.websocket - INFO - Sent WebSocket update: {'Temperature': 15.692158708602541}
2025-02-24 13:40:12,159 - app.routes.websocket - INFO - Sent WebSocket update: {'Temperature': 23.61997392517346}
2025-02-24 13:40:13,157 - app.routes.websocket - INFO - Sent WebSocket update: {'Temperature': 19.817012106064507}
2025-02-24 13:40:14,155 - app.routes.websocket - INFO - Sent WebSocket update: {'Temperature': 24.969117578429845}
2025-02-24 13:40:15,168 - app.routes.websocket - INFO - Sent WebSocket update: {'Temperature': 21.891734444292503}
2025-02-24 13:40:16,167 - app.routes.websocket - INFO - Sent WebSocket update: {'Temperature': 20.560123638324473}
2025-02-24 13:40:17,157 - app.routes.websocket - ERROR - Error in datachange_notification: 
2025-02-24 13:40:17,662 - app.routes.websocket - INFO - WebSocket connection established
2025-02-24 13:40:17,673 - app.utils.opcua_client - INFO - Connecting to OPCUA server at opc.tcp://localhost:4841
2025-02-24 13:40:17,677 - app.utils.opcua_client - INFO - Created OPCUA subscription
2025-02-24 13:40:17,831 - app.routes.websocket - INFO - Subscription deleted
2025-02-24 13:40:18,191 - app.routes.websocket - INFO - Sent WebSocket update: {'variable1': 0}
2025-02-24 13:40:18,192 - app.routes.websocket - INFO - Sent WebSocket update: {'variable2': 'initial_state'}
2025-02-24 13:40:18,193 - app.routes.websocket - INFO - Sent WebSocket update: {'Temperature': 19.32457769868931}
2025-02-24 13:40:19,182 - app.routes.websocket - INFO - Sent WebSocket update: {'Temperature': 21.344190771589897}
2025-02-24 13:40:19,704 - app.utils.opcua_client - INFO - Connected to OPCUA server at opc.tcp://localhost:4841
2025-02-24 13:40:19,720 - app.routes.data - INFO - Retrieved data: {'variable1': 0, 'variable2': 'initial_state', 'Temperature': 21.43997999845209}
2025-02-24 13:40:20,182 - app.routes.websocket - INFO - Sent WebSocket update: {'Temperature': 21.43997999845209}
2025-02-24 13:40:20,696 - app.routes.websocket - INFO - Sent WebSocket update: {'Temperature': 17.101353794343815}
2025-02-24 13:40:22,166 - app.routes.websocket - INFO - Sent WebSocket update: {'Temperature': 21.3208998041491}
2025-02-24 13:40:23,177 - app.routes.websocket - INFO - Sent WebSocket update: {'Temperature': 23.066179158845536}
2025-02-24 13:40:24,192 - app.routes.websocket - INFO - Sent WebSocket update: {'Temperature': 15.665398736123867}
2025-02-24 13:40:25,179 - app.routes.websocket - INFO - Sent WebSocket update: {'Temperature': 17.851308131051276}
2025-02-24 13:40:26,175 - app.routes.websocket - INFO - Sent WebSocket update: {'Temperature': 18.527333793568076}
2025-02-24 13:40:27,189 - app.routes.websocket - INFO - Sent WebSocket update: {'Temperature': 22.813742370483695}
2025-02-24 13:40:28,184 - app.routes.websocket - INFO - Sent WebSocket update: {'Temperature': 20.76393432577201}
2025-02-24 13:40:29,180 - app.routes.websocket - INFO - Sent WebSocket update: {'Temperature': 15.86560861014822}
2025-02-24 13:40:30,193 - app.routes.websocket - INFO - Sent WebSocket update: {'Temperature': 19.585694685275257}
2025-02-24 13:40:31,185 - app.routes.websocket - INFO - Sent WebSocket update: {'Temperature': 24.581873851147847}
2025-02-24 13:40:31,673 - app.routes.websocket - INFO - Sent WebSocket update: {'Temperature': 24.25053442222595}
2025-02-24 13:40:32,687 - app.routes.websocket - INFO - Sent WebSocket update: {'Temperature': 23.840982101030228}
2025-02-24 13:40:34,184 - app.routes.websocket - INFO - Sent WebSocket update: {'Temperature': 20.95003688567428}
2025-02-24 13:40:35,184 - app.routes.websocket - INFO - Sent WebSocket update: {'Temperature': 18.87994274824934}
2025-02-24 13:40:36,183 - app.routes.websocket - INFO - Sent WebSocket update: {'Temperature': 16.29391496588516}
2025-02-24 13:40:37,182 - app.routes.websocket - INFO - Sent WebSocket update: {'Temperature': 22.31742525154646}
2025-02-24 13:40:38,176 - app.routes.websocket - INFO - Sent WebSocket update: {'Temperature': 19.975241771969905}
2025-02-24 13:40:39,176 - app.routes.websocket - INFO - Sent WebSocket update: {'Temperature': 18.10636911093422}
2025-02-24 13:40:40,187 - app.routes.websocket - INFO - Sent WebSocket update: {'Temperature': 20.36630251137813}
2025-02-24 13:40:41,190 - app.routes.websocket - INFO - Sent WebSocket update: {'Temperature': 19.38506315864303}
2025-02-24 13:40:42,182 - app.routes.websocket - INFO - Sent WebSocket update: {'Temperature': 16.321004874937465}
2025-02-24 13:40:43,179 - app.routes.websocket - INFO - Sent WebSocket update: {'Temperature': 17.063926166183904}
2025-02-24 13:40:44,187 - app.routes.websocket - INFO - Sent WebSocket update: {'Temperature': 19.85543902872985}
2025-02-24 13:40:45,184 - app.routes.websocket - INFO - Sent WebSocket update: {'Temperature': 23.445643072728863}
2025-02-24 13:40:46,180 - app.routes.websocket - INFO - Sent WebSocket update: {'Temperature': 15.03505668244074}
2025-02-24 13:40:47,189 - app.routes.websocket - INFO - Sent WebSocket update: {'Temperature': 21.86001515398685}
2025-02-24 13:40:48,180 - app.routes.websocket - INFO - Sent WebSocket update: {'Temperature': 15.291267637278281}
2025-02-24 13:40:49,185 - app.routes.websocket - INFO - Sent WebSocket update: {'Temperature': 23.758444250427303}
2025-02-24 13:40:50,187 - app.routes.websocket - INFO - Sent WebSocket update: {'Temperature': 24.442952165882296}
2025-02-24 13:40:51,182 - app.routes.websocket - INFO - Sent WebSocket update: {'Temperature': 17.927387472643577}
2025-02-24 13:40:52,184 - app.routes.websocket - INFO - Sent WebSocket update: {'Temperature': 24.975678410695245}
2025-02-24 13:40:53,188 - app.routes.websocket - INFO - Sent WebSocket update: {'Temperature': 15.14322292781716}
2025-02-24 13:40:54,185 - app.routes.websocket - INFO - Sent WebSocket update: {'Temperature': 18.373026283180977}
2025-02-24 13:40:55,198 - app.routes.websocket - INFO - Sent WebSocket update: {'Temperature': 22.033420232388494}
2025-02-24 13:40:56,173 - app.routes.websocket - INFO - Sent WebSocket update: {'Temperature': 17.5094669521641}
2025-02-24 13:40:57,181 - app.routes.websocket - INFO - Sent WebSocket update: {'Temperature': 20.18174223743786}
2025-02-24 13:40:58,176 - app.routes.websocket - INFO - Sent WebSocket update: {'Temperature': 15.439529645122413}
2025-02-24 13:40:59,176 - app.routes.websocket - INFO - Sent WebSocket update: {'Temperature': 19.497926529024326}
2025-02-24 13:41:00,194 - app.routes.websocket - INFO - Sent WebSocket update: {'Temperature': 16.591442233187383}
2025-02-24 13:41:01,194 - app.routes.websocket - INFO - Sent WebSocket update: {'Temperature': 21.869353808598827}
2025-02-24 13:41:02,186 - app.routes.websocket - INFO - Sent WebSocket update: {'Temperature': 24.972956797738867}
2025-02-24 13:41:03,180 - app.routes.websocket - INFO - Sent WebSocket update: {'Temperature': 18.421376738654352}
2025-02-24 13:41:04,178 - app.routes.websocket - INFO - Sent WebSocket update: {'Temperature': 21.155883287028402}
2025-02-24 13:41:05,175 - app.routes.websocket - INFO - Sent WebSocket update: {'Temperature': 20.294077820034893}
2025-02-24 13:41:06,191 - app.routes.websocket - INFO - Sent WebSocket update: {'Temperature': 16.162766020905845}
2025-02-24 13:41:07,196 - app.routes.websocket - INFO - Sent WebSocket update: {'Temperature': 20.358353180347198}
2025-02-24 13:41:08,184 - app.routes.websocket - INFO - Sent WebSocket update: {'Temperature': 17.181223945373212}
2025-02-24 13:41:09,196 - app.routes.websocket - INFO - Sent WebSocket update: {'Temperature': 23.50242301513255}
2025-02-24 13:41:10,178 - app.routes.websocket - ERROR - Error in datachange_notification: 
2025-02-24 13:41:10,631 - app.routes.data - INFO - Retrieved data: {'variable1': 0, 'variable2': 'initial_state', 'Temperature': 24.95289450056554}
2025-02-24 13:41:10,844 - app.routes.websocket - INFO - WebSocket connection established
2025-02-24 13:41:10,849 - app.utils.opcua_client - INFO - Created OPCUA subscription
2025-02-24 13:41:10,855 - app.routes.websocket - INFO - Subscription deleted
2025-02-24 13:41:11,349 - app.routes.websocket - INFO - Sent WebSocket update: {'variable1': 0}
2025-02-24 13:41:11,354 - app.routes.websocket - INFO - Sent WebSocket update: {'variable2': 'initial_state'}
2025-02-24 13:41:11,355 - app.routes.websocket - INFO - Sent WebSocket update: {'Temperature': 24.95289450056554}
2025-02-24 13:41:11,357 - app.routes.websocket - INFO - Sent WebSocket update: {'Temperature': 24.81231887605246}
2025-02-24 13:41:12,362 - app.routes.websocket - INFO - Sent WebSocket update: {'Temperature': 16.47184670369017}
2025-02-24 13:41:13,360 - app.routes.websocket - INFO - Sent WebSocket update: {'Temperature': 15.172485639451875}
2025-02-24 13:41:14,360 - app.routes.websocket - INFO - Sent WebSocket update: {'Temperature': 21.818732078240146}
2025-02-24 13:41:15,363 - app.routes.websocket - INFO - Sent WebSocket update: {'Temperature': 20.458883833773513}
2025-02-24 13:41:16,361 - app.routes.websocket - INFO - Sent WebSocket update: {'Temperature': 24.281805149936307}
2025-02-24 13:41:17,359 - app.routes.websocket - INFO - Sent WebSocket update: {'Temperature': 24.03050186298588}
2025-02-24 13:41:18,355 - app.routes.websocket - INFO - Sent WebSocket update: {'Temperature': 18.757985156376822}
2025-02-24 13:41:19,359 - app.routes.websocket - INFO - Sent WebSocket update: {'Temperature': 22.53036308456744}
2025-02-24 13:41:20,370 - app.routes.websocket - INFO - Sent WebSocket update: {'Temperature': 22.285312826191088}
2025-02-24 13:41:21,340 - app.routes.websocket - INFO - Sent WebSocket update: {'Temperature': 21.765442614636914}
2025-02-24 13:41:22,369 - app.routes.websocket - INFO - Sent WebSocket update: {'Temperature': 18.7073828396546}
2025-02-24 13:41:23,367 - app.routes.websocket - INFO - Sent WebSocket update: {'Temperature': 18.990340555628094}
2025-02-24 13:41:24,350 - app.routes.websocket - INFO - Sent WebSocket update: {'Temperature': 15.869433373458685}
2025-02-24 13:41:25,359 - app.routes.websocket - INFO - Sent WebSocket update: {'Temperature': 20.367828133339305}
2025-02-24 13:41:26,354 - app.routes.websocket - INFO - Sent WebSocket update: {'Temperature': 18.423807899933458}
2025-02-24 13:41:27,362 - app.routes.websocket - INFO - Sent WebSocket update: {'Temperature': 23.682353520683648}
2025-02-24 13:41:28,363 - app.routes.websocket - INFO - Sent WebSocket update: {'Temperature': 19.422946467061898}
2025-02-24 13:41:29,356 - app.routes.websocket - INFO - Sent WebSocket update: {'Temperature': 16.593704773295634}
2025-02-24 13:41:30,355 - app.routes.websocket - INFO - Sent WebSocket update: {'Temperature': 22.05582398755714}
2025-02-24 13:41:31,384 - app.routes.websocket - INFO - Sent WebSocket update: {'Temperature': 18.553052670749228}
2025-02-24 13:41:32,366 - app.routes.websocket - INFO - Sent WebSocket update: {'Temperature': 17.390107465292672}
2025-02-24 13:41:33,352 - app.routes.websocket - INFO - Sent WebSocket update: {'Temperature': 20.15278038710189}
2025-02-24 13:41:34,349 - app.routes.websocket - INFO - Sent WebSocket update: {'Temperature': 19.1175534351113}
2025-02-24 13:41:35,369 - app.routes.websocket - INFO - Sent WebSocket update: {'Temperature': 19.891840333689963}
2025-02-24 13:41:36,337 - app.routes.websocket - INFO - Sent WebSocket update: {'Temperature': 16.030699058228358}
2025-02-24 13:41:37,357 - app.routes.websocket - INFO - Sent WebSocket update: {'Temperature': 16.462344710752703}
2025-02-24 13:41:38,354 - app.routes.websocket - INFO - Sent WebSocket update: {'Temperature': 19.327184062984813}
2025-02-24 13:41:39,333 - app.routes.websocket - INFO - Sent WebSocket update: {'Temperature': 19.143940638540908}
2025-02-24 13:41:40,352 - app.routes.websocket - INFO - Sent WebSocket update: {'Temperature': 22.905750343843362}
2025-02-24 13:41:41,353 - app.routes.websocket - INFO - Sent WebSocket update: {'Temperature': 16.338653809392465}
2025-02-24 13:41:42,366 - app.routes.websocket - INFO - Sent WebSocket update: {'Temperature': 18.285214140539914}
2025-02-24 13:41:43,365 - app.routes.websocket - INFO - Sent WebSocket update: {'Temperature': 17.860536535400236}
2025-02-24 13:41:44,344 - app.routes.websocket - INFO - Sent WebSocket update: {'Temperature': 15.457018841609624}
2025-02-24 13:41:45,355 - app.routes.websocket - INFO - Sent WebSocket update: {'Temperature': 22.42320986802813}
2025-02-24 13:41:46,854 - app.routes.websocket - INFO - Sent WebSocket update: {'Temperature': 15.617637791198865}
2025-02-24 13:41:47,866 - app.routes.websocket - INFO - Sent WebSocket update: {'Temperature': 22.82410189100209}
2025-02-24 13:41:48,851 - app.routes.websocket - INFO - Sent WebSocket update: {'Temperature': 16.91435350948962}
2025-02-24 13:41:49,862 - app.routes.websocket - INFO - Sent WebSocket update: {'Temperature': 18.82123445890994}
2025-02-24 13:41:50,861 - app.routes.websocket - INFO - Sent WebSocket update: {'Temperature': 22.79071834187602}
2025-02-24 13:41:51,861 - app.routes.websocket - INFO - Sent WebSocket update: {'Temperature': 15.039850713446274}
2025-02-24 13:41:52,853 - app.routes.websocket - INFO - Sent WebSocket update: {'Temperature': 24.785759983941496}
2025-02-24 13:41:53,870 - app.routes.websocket - INFO - Sent WebSocket update: {'Temperature': 21.150485192461854}
2025-02-24 13:41:54,863 - app.routes.websocket - INFO - Sent WebSocket update: {'Temperature': 23.248146057136992}
2025-02-24 13:41:55,859 - app.routes.websocket - INFO - Sent WebSocket update: {'Temperature': 15.45102547627535}
2025-02-24 13:41:56,869 - app.routes.websocket - INFO - Sent WebSocket update: {'Temperature': 22.092666875598223}
2025-02-24 13:41:57,851 - app.routes.websocket - INFO - Sent WebSocket update: {'Temperature': 17.171335537981328}
2025-02-24 13:41:58,867 - app.routes.websocket - INFO - Sent WebSocket update: {'Temperature': 15.125548000809347}
2025-02-24 13:41:59,852 - app.routes.websocket - INFO - Sent WebSocket update: {'Temperature': 21.149064563049862}
2025-02-24 13:42:00,852 - app.routes.websocket - INFO - Sent WebSocket update: {'Temperature': 21.607041020884218}
2025-02-24 13:42:01,868 - app.routes.websocket - INFO - Sent WebSocket update: {'Temperature': 20.41410088965914}
2025-02-24 13:42:02,847 - app.routes.websocket - INFO - Sent WebSocket update: {'Temperature': 24.071659676252967}
2025-02-24 13:42:03,859 - app.routes.websocket - INFO - Sent WebSocket update: {'Temperature': 17.89870957652323}
2025-02-24 13:42:04,866 - app.routes.websocket - INFO - Sent WebSocket update: {'Temperature': 22.40978129267682}
2025-02-24 13:42:05,863 - app.routes.websocket - INFO - Sent WebSocket update: {'Temperature': 18.39583779877353}
2025-02-24 13:42:06,862 - app.routes.websocket - INFO - Sent WebSocket update: {'Temperature': 22.175109412965277}
2025-02-24 13:42:07,857 - app.routes.websocket - INFO - Sent WebSocket update: {'Temperature': 20.29891516530293}
2025-02-24 13:42:08,855 - app.routes.websocket - INFO - Sent WebSocket update: {'Temperature': 24.963965260428214}
2025-02-24 13:42:09,867 - app.routes.websocket - INFO - Sent WebSocket update: {'Temperature': 17.36483762545964}
2025-02-24 13:42:10,864 - app.routes.websocket - INFO - Sent WebSocket update: {'Temperature': 24.633635186315438}
2025-02-24 13:42:11,864 - app.routes.websocket - INFO - Sent WebSocket update: {'Temperature': 23.213455992046548}
2025-02-24 13:42:12,863 - app.routes.websocket - INFO - Sent WebSocket update: {'Temperature': 18.58494865222873}
2025-02-24 13:42:13,861 - app.routes.websocket - INFO - Sent WebSocket update: {'Temperature': 24.819382716019987}
2025-02-24 13:42:14,862 - app.routes.websocket - INFO - Sent WebSocket update: {'Temperature': 17.457237504892944}
2025-02-24 13:42:15,842 - app.routes.websocket - INFO - Sent WebSocket update: {'Temperature': 22.98789211136075}
2025-02-24 13:42:16,857 - app.routes.websocket - INFO - Sent WebSocket update: {'Temperature': 22.103344730862613}
2025-02-24 13:42:17,871 - app.routes.websocket - INFO - Sent WebSocket update: {'Temperature': 19.90678402640436}
2025-02-24 13:42:18,851 - app.routes.websocket - INFO - Sent WebSocket update: {'Temperature': 16.578348822583216}
2025-02-24 13:42:19,862 - app.routes.websocket - INFO - Sent WebSocket update: {'Temperature': 21.270572384181293}
2025-02-24 13:42:20,863 - app.routes.websocket - INFO - Sent WebSocket update: {'Temperature': 16.419077645232314}
2025-02-24 13:42:21,864 - app.routes.websocket - INFO - Sent WebSocket update: {'Temperature': 19.127981331046733}
2025-02-24 13:42:22,866 - app.routes.websocket - INFO - Sent WebSocket update: {'Temperature': 24.359660288261693}
2025-02-24 13:42:23,871 - app.routes.websocket - INFO - Sent WebSocket update: {'Temperature': 15.218132491667268}
2025-02-24 13:42:24,856 - app.routes.websocket - INFO - Sent WebSocket update: {'Temperature': 21.689465215614316}
2025-02-24 13:42:25,854 - app.routes.websocket - INFO - Sent WebSocket update: {'Temperature': 21.68780092004879}
2025-02-24 13:42:26,869 - app.routes.websocket - INFO - Sent WebSocket update: {'Temperature': 16.51621388322542}
2025-02-24 13:42:27,837 - app.routes.websocket - INFO - Sent WebSocket update: {'Temperature': 23.395633149268246}
2025-02-24 13:42:28,822 - app.routes.websocket - INFO - Sent WebSocket update: {'Temperature': 18.322805997467135}
2025-02-24 13:42:29,836 - app.routes.websocket - INFO - Sent WebSocket update: {'Temperature': 22.904397496097886}
2025-02-24 13:42:30,845 - app.routes.websocket - INFO - Sent WebSocket update: {'Temperature': 23.831520895458084}
2025-02-24 13:42:31,845 - app.routes.websocket - INFO - Sent WebSocket update: {'Temperature': 18.887364140561267}
2025-02-24 13:42:33,363 - app.routes.websocket - INFO - Sent WebSocket update: {'Temperature': 18.399186308776535}
2025-02-24 13:42:33,850 - app.routes.websocket - INFO - Sent WebSocket update: {'Temperature': 24.623465820054015}
2025-02-24 13:42:34,859 - app.routes.websocket - INFO - Sent WebSocket update: {'Temperature': 17.097537719357803}
2025-02-24 13:42:35,859 - app.routes.websocket - INFO - Sent WebSocket update: {'Temperature': 16.32994026562483}
2025-02-24 13:42:36,841 - app.routes.websocket - INFO - Sent WebSocket update: {'Temperature': 23.62150565026974}
2025-02-24 13:42:37,842 - app.routes.websocket - INFO - Sent WebSocket update: {'Temperature': 15.332856562748919}
2025-02-24 13:42:38,846 - app.routes.websocket - INFO - Sent WebSocket update: {'Temperature': 23.906555653925153}
2025-02-24 13:42:39,857 - app.routes.websocket - INFO - Sent WebSocket update: {'Temperature': 20.696399024253815}
2025-02-24 13:42:40,845 - app.routes.websocket - INFO - Sent WebSocket update: {'Temperature': 16.258858314085874}
2025-02-24 13:42:41,845 - app.routes.websocket - INFO - Sent WebSocket update: {'Temperature': 21.83468527401932}
2025-02-24 13:42:42,858 - app.routes.websocket - INFO - Sent WebSocket update: {'Temperature': 16.555163843418683}
2025-02-24 13:42:44,353 - app.routes.websocket - INFO - Sent WebSocket update: {'Temperature': 18.383981561739144}
2025-02-24 13:42:45,341 - app.routes.websocket - INFO - Sent WebSocket update: {'Temperature': 19.58782532972615}
2025-02-24 13:42:46,357 - app.routes.websocket - INFO - Sent WebSocket update: {'Temperature': 19.06688342970495}
2025-02-24 13:42:47,340 - app.routes.websocket - INFO - Sent WebSocket update: {'Temperature': 16.739684057875593}
2025-02-24 13:42:48,353 - app.routes.websocket - INFO - Sent WebSocket update: {'Temperature': 23.54395865411377}
2025-02-24 13:42:49,357 - app.routes.websocket - INFO - Sent WebSocket update: {'Temperature': 16.75467635721096}
2025-02-24 13:42:50,367 - app.routes.websocket - INFO - Sent WebSocket update: {'Temperature': 16.236749811821365}
2025-02-24 13:42:51,354 - app.routes.websocket - INFO - Sent WebSocket update: {'Temperature': 23.35841806091158}
2025-02-24 13:42:52,350 - app.routes.websocket - INFO - Sent WebSocket update: {'Temperature': 20.90567941957191}
2025-02-24 13:42:53,360 - app.routes.websocket - INFO - Sent WebSocket update: {'Temperature': 21.164230124994468}
2025-02-24 13:42:54,361 - app.routes.websocket - INFO - Sent WebSocket update: {'Temperature': 17.8335853606346}
2025-02-24 13:42:55,362 - app.routes.websocket - INFO - Sent WebSocket update: {'Temperature': 18.735855552002796}
2025-02-24 13:42:56,358 - app.routes.websocket - INFO - Sent WebSocket update: {'Temperature': 16.406007940910047}
2025-02-24 13:42:57,366 - app.routes.websocket - INFO - Sent WebSocket update: {'Temperature': 16.01934742810094}
2025-02-24 13:42:58,339 - app.routes.websocket - INFO - Sent WebSocket update: {'Temperature': 24.076643257105463}
2025-02-24 13:42:59,349 - app.routes.websocket - INFO - Sent WebSocket update: {'Temperature': 15.38702623307373}
2025-02-24 13:43:00,359 - app.routes.websocket - INFO - Sent WebSocket update: {'Temperature': 17.247862598411622}
2025-02-24 13:43:01,370 - app.routes.websocket - INFO - Sent WebSocket update: {'Temperature': 24.675667734862287}
2025-02-24 13:43:02,350 - app.routes.websocket - INFO - Sent WebSocket update: {'Temperature': 16.950024623794032}
2025-02-24 13:43:03,363 - app.routes.websocket - INFO - Sent WebSocket update: {'Temperature': 16.127049282653335}
2025-02-24 13:43:04,359 - app.routes.websocket - INFO - Sent WebSocket update: {'Temperature': 18.746162496644434}
2025-02-24 13:43:05,362 - app.routes.websocket - INFO - Sent WebSocket update: {'Temperature': 21.0994599206271}
2025-02-24 13:43:06,357 - app.routes.websocket - INFO - Sent WebSocket update: {'Temperature': 18.03024384125286}
2025-02-24 13:43:07,359 - app.routes.websocket - INFO - Sent WebSocket update: {'Temperature': 17.22001765646329}
2025-02-24 13:43:08,370 - app.routes.websocket - INFO - Sent WebSocket update: {'Temperature': 16.243345101481236}
2025-02-24 13:43:09,356 - app.routes.websocket - INFO - Sent WebSocket update: {'Temperature': 20.56843942995299}
2025-02-24 13:43:10,352 - app.routes.websocket - INFO - Sent WebSocket update: {'Temperature': 23.823627505342387}
2025-02-24 13:43:11,362 - app.routes.websocket - INFO - Sent WebSocket update: {'Temperature': 16.37425004002398}
2025-02-24 13:43:12,364 - app.routes.websocket - INFO - Sent WebSocket update: {'Temperature': 21.67636981169244}
2025-02-24 13:43:13,359 - app.routes.websocket - INFO - Sent WebSocket update: {'Temperature': 23.77803708464572}
2025-02-24 13:43:14,359 - app.routes.websocket - INFO - Sent WebSocket update: {'Temperature': 18.33167640188971}
2025-02-24 13:43:15,355 - app.routes.websocket - INFO - Sent WebSocket update: {'Temperature': 19.614894560004505}
2025-02-24 13:43:16,354 - app.routes.websocket - INFO - Sent WebSocket update: {'Temperature': 20.593328531721415}
2025-02-24 13:43:17,354 - app.routes.websocket - INFO - Sent WebSocket update: {'Temperature': 24.22782126524146}
2025-02-24 13:43:18,354 - app.routes.websocket - INFO - Sent WebSocket update: {'Temperature': 16.33298339110144}
2025-02-24 13:43:19,364 - app.routes.websocket - INFO - Sent WebSocket update: {'Temperature': 21.436421857888025}
2025-02-24 13:43:20,362 - app.routes.websocket - INFO - Sent WebSocket update: {'Temperature': 21.540897101948655}
2025-02-24 13:43:21,367 - app.routes.websocket - INFO - Sent WebSocket update: {'Temperature': 17.794108376702027}
2025-02-24 13:43:22,379 - app.routes.websocket - INFO - Sent WebSocket update: {'Temperature': 23.67773071194334}
2025-02-24 13:43:23,364 - app.routes.websocket - INFO - Sent WebSocket update: {'Temperature': 22.831487126645747}
2025-02-24 13:43:24,363 - app.routes.websocket - INFO - Sent WebSocket update: {'Temperature': 15.042610621691795}
2025-02-24 13:43:25,360 - app.routes.websocket - INFO - Sent WebSocket update: {'Temperature': 24.181545998280644}
2025-02-24 13:43:26,356 - app.routes.websocket - INFO - Sent WebSocket update: {'Temperature': 23.37285409519106}
2025-02-24 13:43:27,353 - app.routes.websocket - INFO - Sent WebSocket update: {'Temperature': 20.18590057910604}
2025-02-24 13:43:28,366 - app.routes.websocket - INFO - Sent WebSocket update: {'Temperature': 22.240449422400616}
2025-02-24 13:43:29,363 - app.routes.websocket - INFO - Sent WebSocket update: {'Temperature': 20.49744306041315}
2025-02-24 13:43:30,363 - app.routes.websocket - INFO - Sent WebSocket update: {'Temperature': 16.220379407909135}
2025-02-24 13:43:31,359 - app.routes.websocket - INFO - Sent WebSocket update: {'Temperature': 24.66741499632745}
2025-02-24 13:43:32,355 - app.routes.websocket - INFO - Sent WebSocket update: {'Temperature': 24.879109716000663}
2025-02-24 13:43:33,362 - app.routes.websocket - INFO - Sent WebSocket update: {'Temperature': 19.443818132207905}
2025-02-24 13:43:34,354 - app.routes.websocket - INFO - Sent WebSocket update: {'Temperature': 23.409520313341304}
2025-02-24 13:43:35,350 - app.routes.websocket - INFO - Sent WebSocket update: {'Temperature': 19.77153723115398}
2025-02-24 13:43:36,362 - app.routes.websocket - INFO - Sent WebSocket update: {'Temperature': 16.29287990142996}
2025-02-24 13:43:37,356 - app.routes.websocket - INFO - Sent WebSocket update: {'Temperature': 16.441141572432414}
2025-02-24 13:43:38,355 - app.routes.websocket - INFO - Sent WebSocket update: {'Temperature': 20.449296456060118}
2025-02-24 13:43:39,359 - app.routes.websocket - INFO - Sent WebSocket update: {'Temperature': 18.64510558132364}
2025-02-24 13:43:40,343 - app.routes.websocket - INFO - Sent WebSocket update: {'Temperature': 22.768987116535005}
2025-02-24 13:43:41,345 - app.routes.websocket - INFO - Sent WebSocket update: {'Temperature': 16.046457931781124}
2025-02-24 13:43:42,353 - app.routes.websocket - INFO - Sent WebSocket update: {'Temperature': 18.807688490571984}
2025-02-24 13:43:43,343 - app.routes.websocket - INFO - Sent WebSocket update: {'Temperature': 15.934247730305541}
2025-02-24 13:43:44,367 - app.routes.websocket - INFO - Sent WebSocket update: {'Temperature': 17.399604403520847}
2025-02-24 13:43:45,864 - app.routes.websocket - INFO - Sent WebSocket update: {'Temperature': 20.431060657500538}
2025-02-24 13:43:46,861 - app.routes.websocket - INFO - Sent WebSocket update: {'Temperature': 15.700154578694562}
2025-02-24 13:43:47,863 - app.routes.websocket - INFO - Sent WebSocket update: {'Temperature': 21.74850816491095}
2025-02-24 13:43:48,860 - app.routes.websocket - INFO - Sent WebSocket update: {'Temperature': 19.03511541820408}
2025-02-24 13:43:49,860 - app.routes.websocket - INFO - Sent WebSocket update: {'Temperature': 22.16716322315909}
2025-02-24 13:43:50,860 - app.routes.websocket - INFO - Sent WebSocket update: {'Temperature': 20.936064560181737}
2025-02-24 13:43:51,845 - app.routes.websocket - INFO - Sent WebSocket update: {'Temperature': 22.686109738343532}
2025-02-24 13:43:52,847 - app.routes.websocket - INFO - Sent WebSocket update: {'Temperature': 22.607520110919264}
2025-02-24 13:43:53,841 - app.routes.websocket - INFO - Sent WebSocket update: {'Temperature': 22.289432408822094}
2025-02-24 13:43:54,857 - app.routes.websocket - INFO - Sent WebSocket update: {'Temperature': 21.60598834533237}
2025-02-24 13:43:55,839 - app.routes.websocket - INFO - Sent WebSocket update: {'Temperature': 23.863019687228885}
2025-02-24 13:43:56,868 - app.routes.websocket - INFO - Sent WebSocket update: {'Temperature': 18.135613094633236}
2025-02-24 13:43:57,867 - app.routes.websocket - INFO - Sent WebSocket update: {'Temperature': 23.091286534155234}
2025-02-24 13:43:58,870 - app.routes.websocket - INFO - Sent WebSocket update: {'Temperature': 19.23352752679481}
2025-02-24 13:43:59,852 - app.routes.websocket - INFO - Sent WebSocket update: {'Temperature': 20.565503197024274}
2025-02-24 13:44:00,865 - app.routes.websocket - INFO - Sent WebSocket update: {'Temperature': 21.29630052554996}
2025-02-24 13:44:01,862 - app.routes.websocket - INFO - Sent WebSocket update: {'Temperature': 21.146468325207913}
2025-02-24 13:44:02,855 - app.routes.websocket - INFO - Sent WebSocket update: {'Temperature': 17.983672220252068}
2025-02-24 13:44:03,866 - app.routes.websocket - INFO - Sent WebSocket update: {'Temperature': 21.622538955439914}
2025-02-24 13:44:04,863 - app.routes.websocket - INFO - Sent WebSocket update: {'Temperature': 21.74238790139339}
2025-02-24 13:44:05,860 - app.routes.websocket - INFO - Sent WebSocket update: {'Temperature': 16.057270150857843}
2025-02-24 13:44:06,856 - app.routes.websocket - INFO - Sent WebSocket update: {'Temperature': 21.846581792564926}
2025-02-24 13:44:07,858 - app.routes.websocket - INFO - Sent WebSocket update: {'Temperature': 24.98159031681508}
2025-02-24 13:44:08,856 - app.routes.websocket - INFO - Sent WebSocket update: {'Temperature': 22.457336261069194}
2025-02-24 13:44:09,864 - app.routes.websocket - INFO - Sent WebSocket update: {'Temperature': 22.07017913670302}
2025-02-24 13:44:10,864 - app.routes.websocket - INFO - Sent WebSocket update: {'Temperature': 19.39255714019288}
2025-02-24 13:44:11,859 - app.routes.websocket - INFO - Sent WebSocket update: {'Temperature': 21.534801849590806}
2025-02-24 13:44:12,862 - app.routes.websocket - INFO - Sent WebSocket update: {'Temperature': 24.04207810083853}
2025-02-24 13:44:13,862 - app.routes.websocket - INFO - Sent WebSocket update: {'Temperature': 22.64679005185749}
2025-02-24 13:44:14,861 - app.routes.websocket - INFO - Sent WebSocket update: {'Temperature': 20.987046143781782}
2025-02-24 13:44:15,855 - app.routes.websocket - INFO - Sent WebSocket update: {'Temperature': 21.86238539997575}
2025-02-24 13:44:16,852 - app.routes.websocket - INFO - Sent WebSocket update: {'Temperature': 18.455042804107812}
2025-02-24 13:44:17,865 - app.routes.websocket - INFO - Sent WebSocket update: {'Temperature': 23.53750448602057}
2025-02-24 13:44:18,864 - app.routes.websocket - INFO - Sent WebSocket update: {'Temperature': 24.456111794355515}
2025-02-24 13:44:19,857 - app.routes.websocket - INFO - Sent WebSocket update: {'Temperature': 18.89709962411155}
2025-02-24 13:44:20,858 - app.routes.websocket - INFO - Sent WebSocket update: {'Temperature': 17.518274442375986}
2025-02-24 13:44:21,860 - app.routes.websocket - INFO - Sent WebSocket update: {'Temperature': 22.398521254546502}
2025-02-24 13:44:22,878 - app.routes.websocket - INFO - Sent WebSocket update: {'Temperature': 20.69019702173731}
2025-02-24 13:44:23,855 - app.routes.websocket - INFO - Sent WebSocket update: {'Temperature': 16.28126852238558}
2025-02-24 13:44:24,860 - app.routes.websocket - INFO - Sent WebSocket update: {'Temperature': 16.511061157695696}
2025-02-24 13:44:25,858 - app.routes.websocket - INFO - Sent WebSocket update: {'Temperature': 18.073304206831356}
2025-02-24 13:44:26,858 - app.routes.websocket - INFO - Sent WebSocket update: {'Temperature': 21.25067442111435}
2025-02-24 13:44:27,868 - app.routes.websocket - INFO - Sent WebSocket update: {'Temperature': 16.10018269286921}
2025-02-24 13:44:28,853 - app.routes.websocket - INFO - Sent WebSocket update: {'Temperature': 20.63657891111776}
2025-02-24 13:44:29,862 - app.routes.websocket - INFO - Sent WebSocket update: {'Temperature': 24.261000954222673}
2025-02-24 13:44:30,863 - app.routes.websocket - INFO - Sent WebSocket update: {'Temperature': 20.313223590175376}
2025-02-24 13:44:31,859 - app.routes.websocket - INFO - Sent WebSocket update: {'Temperature': 22.99271089706913}
2025-02-24 13:44:32,868 - app.routes.websocket - INFO - Sent WebSocket update: {'Temperature': 21.46147229790354}
2025-02-24 13:44:33,855 - app.routes.websocket - INFO - Sent WebSocket update: {'Temperature': 18.517162066597404}
2025-02-24 13:44:34,842 - app.routes.websocket - INFO - Sent WebSocket update: {'Temperature': 23.317330919205418}
2025-02-24 13:44:35,860 - app.routes.websocket - INFO - Sent WebSocket update: {'Temperature': 15.58609096034102}
2025-02-24 13:44:36,854 - app.routes.websocket - INFO - Sent WebSocket update: {'Temperature': 17.530800597838947}
2025-02-24 13:44:37,865 - app.routes.websocket - INFO - Sent WebSocket update: {'Temperature': 15.05880343564619}
2025-02-24 13:44:38,862 - app.routes.websocket - INFO - Sent WebSocket update: {'Temperature': 16.775999900342367}
2025-02-24 13:44:39,863 - app.routes.websocket - INFO - Sent WebSocket update: {'Temperature': 17.34324690957503}
2025-02-24 13:44:40,856 - app.routes.websocket - INFO - Sent WebSocket update: {'Temperature': 18.16301707990483}
2025-02-24 13:44:41,842 - app.routes.websocket - INFO - Sent WebSocket update: {'Temperature': 16.60515467491626}
2025-02-24 13:44:42,856 - app.routes.websocket - INFO - Sent WebSocket update: {'Temperature': 16.376376303509208}
2025-02-24 13:44:43,865 - app.routes.websocket - INFO - Sent WebSocket update: {'Temperature': 21.684890724877985}
2025-02-24 13:44:44,862 - app.routes.websocket - INFO - Sent WebSocket update: {'Temperature': 15.768838208024135}
2025-02-24 13:44:45,869 - app.routes.websocket - INFO - Sent WebSocket update: {'Temperature': 16.80885633588836}
2025-02-24 13:44:46,854 - app.routes.websocket - INFO - Sent WebSocket update: {'Temperature': 21.324670189686895}
2025-02-24 13:44:47,852 - app.routes.websocket - INFO - Sent WebSocket update: {'Temperature': 16.970968156376628}
2025-02-24 13:44:48,863 - app.routes.websocket - INFO - Sent WebSocket update: {'Temperature': 24.802548422804904}
2025-02-24 13:44:49,859 - app.routes.websocket - INFO - Sent WebSocket update: {'Temperature': 22.752083342193338}
2025-02-24 13:44:50,875 - app.routes.websocket - INFO - Sent WebSocket update: {'Temperature': 16.06921809574427}
2025-02-24 13:44:51,853 - app.routes.websocket - INFO - Sent WebSocket update: {'Temperature': 23.24785086938613}
2025-02-24 13:44:52,867 - app.routes.websocket - INFO - Sent WebSocket update: {'Temperature': 21.156645977985907}
2025-02-24 13:44:53,863 - app.routes.websocket - INFO - Sent WebSocket update: {'Temperature': 19.56522603733403}
2025-02-24 13:44:54,861 - app.routes.websocket - INFO - Sent WebSocket update: {'Temperature': 22.592613482313297}
2025-02-24 13:44:55,858 - app.routes.websocket - INFO - Sent WebSocket update: {'Temperature': 24.570053319730373}
2025-02-24 13:44:56,858 - app.routes.websocket - INFO - Sent WebSocket update: {'Temperature': 21.2205985715175}
2025-02-24 13:44:57,864 - app.routes.websocket - INFO - Sent WebSocket update: {'Temperature': 16.173914838209242}
2025-02-24 13:44:58,866 - app.routes.websocket - INFO - Sent WebSocket update: {'Temperature': 16.56133185753253}
2025-02-24 13:44:59,866 - app.routes.websocket - INFO - Sent WebSocket update: {'Temperature': 18.496655628194926}
2025-02-24 13:45:00,863 - app.routes.websocket - INFO - Sent WebSocket update: {'Temperature': 23.015157912819706}
2025-02-24 13:45:01,860 - app.routes.websocket - INFO - Sent WebSocket update: {'Temperature': 20.685141998001768}
2025-02-24 13:45:02,856 - app.routes.websocket - INFO - Sent WebSocket update: {'Temperature': 17.67007718722087}
2025-02-24 13:45:03,839 - app.routes.websocket - INFO - Sent WebSocket update: {'Temperature': 19.50753514504637}
2025-02-24 13:45:04,851 - app.routes.websocket - INFO - Sent WebSocket update: {'Temperature': 24.512385032873272}
2025-02-24 13:45:05,863 - app.routes.websocket - INFO - Sent WebSocket update: {'Temperature': 17.15570433146786}
2025-02-24 13:45:07,359 - app.routes.websocket - INFO - Sent WebSocket update: {'Temperature': 23.357984824677285}
2025-02-24 13:45:08,357 - app.routes.websocket - INFO - Sent WebSocket update: {'Temperature': 24.75357864112908}
2025-02-24 13:45:09,345 - app.routes.websocket - INFO - Sent WebSocket update: {'Temperature': 16.29104437793618}
2025-02-24 13:45:10,354 - app.routes.websocket - INFO - Sent WebSocket update: {'Temperature': 15.594339229532434}
2025-02-24 13:45:11,339 - app.routes.websocket - INFO - Sent WebSocket update: {'Temperature': 17.92782632200587}
2025-02-24 13:45:12,344 - app.routes.websocket - INFO - Sent WebSocket update: {'Temperature': 21.347819585127223}
2025-02-24 13:45:13,355 - app.routes.websocket - INFO - Sent WebSocket update: {'Temperature': 18.493379937871573}
2025-02-24 13:45:14,350 - app.routes.websocket - INFO - Sent WebSocket update: {'Temperature': 23.683501818869946}
2025-02-24 13:45:15,361 - app.routes.websocket - INFO - Sent WebSocket update: {'Temperature': 17.00406006752689}
2025-02-24 13:45:16,359 - app.routes.websocket - INFO - Sent WebSocket update: {'Temperature': 20.31857420564424}
2025-02-24 13:45:17,360 - app.routes.websocket - INFO - Sent WebSocket update: {'Temperature': 22.880502714516645}
2025-02-24 13:45:18,359 - app.routes.websocket - INFO - Sent WebSocket update: {'Temperature': 18.616200200958144}
2025-02-24 13:45:19,355 - app.routes.websocket - INFO - Sent WebSocket update: {'Temperature': 24.892460321798474}
2025-02-24 13:45:20,366 - app.routes.websocket - INFO - Sent WebSocket update: {'Temperature': 22.21361044985801}
2025-02-24 13:45:21,366 - app.routes.websocket - INFO - Sent WebSocket update: {'Temperature': 23.19181725806586}
2025-02-24 13:45:22,362 - app.routes.websocket - INFO - Sent WebSocket update: {'Temperature': 23.39365934660893}
2025-02-24 13:45:23,356 - app.routes.websocket - INFO - Sent WebSocket update: {'Temperature': 24.024621089313086}
2025-02-24 13:45:24,362 - app.routes.websocket - INFO - Sent WebSocket update: {'Temperature': 16.35153477269514}
2025-02-24 13:45:25,359 - app.routes.websocket - INFO - Sent WebSocket update: {'Temperature': 22.657154363341654}
2025-02-24 13:45:26,354 - app.routes.websocket - INFO - Sent WebSocket update: {'Temperature': 22.94916691713216}
2025-02-24 13:45:27,351 - app.routes.websocket - INFO - Sent WebSocket update: {'Temperature': 19.608461933455327}
2025-02-24 13:45:28,367 - app.routes.websocket - INFO - Sent WebSocket update: {'Temperature': 17.601967945208706}
2025-02-24 13:45:29,365 - app.routes.websocket - INFO - Sent WebSocket update: {'Temperature': 23.705393537800273}
2025-02-24 13:45:30,358 - app.routes.websocket - INFO - Sent WebSocket update: {'Temperature': 22.55282578448788}
2025-02-24 13:45:31,366 - app.routes.websocket - INFO - Sent WebSocket update: {'Temperature': 15.329517998972763}
2025-02-24 13:45:32,363 - app.routes.websocket - INFO - Sent WebSocket update: {'Temperature': 24.989587663427915}
2025-02-24 13:45:33,364 - app.routes.websocket - INFO - Sent WebSocket update: {'Temperature': 19.982078893459573}
2025-02-24 13:45:34,350 - app.routes.websocket - INFO - Sent WebSocket update: {'Temperature': 16.723699613690933}
2025-02-24 13:45:35,365 - app.routes.websocket - INFO - Sent WebSocket update: {'Temperature': 19.95526863822358}
2025-02-24 13:45:36,358 - app.routes.websocket - INFO - Sent WebSocket update: {'Temperature': 24.672120321228718}
2025-02-24 13:45:37,368 - app.routes.websocket - INFO - Sent WebSocket update: {'Temperature': 19.63790403577096}
2025-02-24 13:45:38,363 - app.routes.websocket - INFO - Sent WebSocket update: {'Temperature': 18.449571711269662}
2025-02-24 13:45:39,358 - app.routes.websocket - INFO - Sent WebSocket update: {'Temperature': 21.005367722951302}
2025-02-24 13:45:40,360 - app.routes.websocket - INFO - Sent WebSocket update: {'Temperature': 16.13194946204462}
2025-02-24 13:45:41,356 - app.routes.websocket - INFO - Sent WebSocket update: {'Temperature': 23.145926023359152}
2025-02-24 13:45:42,374 - app.routes.websocket - INFO - Sent WebSocket update: {'Temperature': 24.686878789310207}
2025-02-24 13:45:43,367 - app.routes.websocket - INFO - Sent WebSocket update: {'Temperature': 19.728919920345316}
2025-02-24 13:45:44,362 - app.routes.websocket - INFO - Sent WebSocket update: {'Temperature': 17.344277285961976}
2025-02-24 13:45:45,358 - app.routes.websocket - INFO - Sent WebSocket update: {'Temperature': 16.51088861993263}
2025-02-24 13:45:46,357 - app.routes.websocket - INFO - Sent WebSocket update: {'Temperature': 24.56378389119066}
2025-02-24 13:45:47,365 - app.routes.websocket - INFO - Sent WebSocket update: {'Temperature': 22.578378751117334}
2025-02-24 13:45:48,361 - app.routes.websocket - INFO - Sent WebSocket update: {'Temperature': 19.38396486157704}
2025-02-24 13:45:49,362 - app.routes.websocket - INFO - Sent WebSocket update: {'Temperature': 18.366544174671333}
2025-02-24 13:45:50,366 - app.routes.websocket - INFO - Sent WebSocket update: {'Temperature': 22.713027139330023}
2025-02-24 13:45:51,363 - app.routes.websocket - INFO - Sent WebSocket update: {'Temperature': 20.905600506293222}
2025-02-24 13:45:52,355 - app.routes.websocket - INFO - Sent WebSocket update: {'Temperature': 24.559877756071746}
2025-02-24 13:45:53,366 - app.routes.websocket - INFO - Sent WebSocket update: {'Temperature': 17.62549686501777}
2025-02-24 13:45:54,359 - app.routes.websocket - INFO - Sent WebSocket update: {'Temperature': 20.13806967493818}
2025-02-24 13:45:55,355 - app.routes.websocket - INFO - Sent WebSocket update: {'Temperature': 17.026556168399477}
2025-02-24 13:45:56,352 - app.routes.websocket - INFO - Sent WebSocket update: {'Temperature': 19.474964802112652}
2025-02-24 13:45:57,364 - app.routes.websocket - INFO - Sent WebSocket update: {'Temperature': 22.174237166534038}
2025-02-24 13:45:58,359 - app.routes.websocket - INFO - Sent WebSocket update: {'Temperature': 19.7669364041734}
2025-02-24 13:45:59,355 - app.routes.websocket - INFO - Sent WebSocket update: {'Temperature': 19.8039228221754}
2025-02-24 13:46:00,342 - app.routes.websocket - INFO - Sent WebSocket update: {'Temperature': 23.448021008071954}
2025-02-24 13:46:01,355 - app.routes.websocket - INFO - Sent WebSocket update: {'Temperature': 24.940373802283492}
2025-02-24 13:46:02,339 - app.routes.websocket - INFO - Sent WebSocket update: {'Temperature': 16.598703131381384}
2025-02-24 13:46:03,341 - app.routes.websocket - INFO - Sent WebSocket update: {'Temperature': 16.104853542492982}
2025-02-24 13:46:04,355 - app.routes.websocket - INFO - Sent WebSocket update: {'Temperature': 17.333182666948247}
2025-02-24 13:46:05,364 - app.routes.websocket - INFO - Sent WebSocket update: {'Temperature': 18.159949379447536}
2025-02-24 13:46:06,850 - app.routes.websocket - INFO - Sent WebSocket update: {'Temperature': 17.76318574787264}
2025-02-24 13:46:07,848 - app.routes.websocket - INFO - Sent WebSocket update: {'Temperature': 15.665202758109762}
2025-02-24 13:46:08,857 - app.routes.websocket - INFO - Sent WebSocket update: {'Temperature': 19.16384009615431}
2025-02-24 13:46:09,858 - app.routes.websocket - INFO - Sent WebSocket update: {'Temperature': 21.484133241686653}
2025-02-24 13:46:10,864 - app.routes.websocket - INFO - Sent WebSocket update: {'Temperature': 18.161463818413324}
2025-02-24 13:46:11,855 - app.routes.websocket - INFO - Sent WebSocket update: {'Temperature': 19.904388999405064}
2025-02-24 13:46:12,865 - app.routes.websocket - INFO - Sent WebSocket update: {'Temperature': 23.109196100575367}
2025-02-24 13:46:13,864 - app.routes.websocket - INFO - Sent WebSocket update: {'Temperature': 21.4011526365989}
2025-02-24 13:46:14,864 - app.routes.websocket - INFO - Sent WebSocket update: {'Temperature': 16.715890597511464}
2025-02-24 13:46:15,861 - app.routes.websocket - INFO - Sent WebSocket update: {'Temperature': 15.419936173877293}
2025-02-24 13:46:16,859 - app.routes.websocket - INFO - Sent WebSocket update: {'Temperature': 24.138486208599367}
2025-02-24 13:46:17,840 - app.routes.websocket - INFO - Sent WebSocket update: {'Temperature': 17.44573885139499}
2025-02-24 13:46:18,854 - app.routes.websocket - INFO - Sent WebSocket update: {'Temperature': 23.620328984598054}
2025-02-24 13:46:19,852 - app.routes.websocket - INFO - Sent WebSocket update: {'Temperature': 24.26249655755896}
2025-02-24 13:46:20,866 - app.routes.websocket - INFO - Sent WebSocket update: {'Temperature': 22.864454891929242}
2025-02-24 13:46:21,862 - app.routes.websocket - INFO - Sent WebSocket update: {'Temperature': 18.002731272840723}
2025-02-24 13:46:22,861 - app.routes.websocket - INFO - Sent WebSocket update: {'Temperature': 24.80997480160159}
2025-02-24 13:46:23,857 - app.routes.websocket - INFO - Sent WebSocket update: {'Temperature': 16.868846131134216}
2025-02-24 13:46:24,853 - app.routes.websocket - INFO - Sent WebSocket update: {'Temperature': 22.58832829433682}
2025-02-24 13:46:25,854 - app.routes.websocket - INFO - Sent WebSocket update: {'Temperature': 17.168595434526456}
2025-02-24 13:46:26,858 - app.routes.websocket - INFO - Sent WebSocket update: {'Temperature': 23.26701407734432}
2025-02-24 13:46:27,861 - app.routes.websocket - INFO - Sent WebSocket update: {'Temperature': 20.270716883868644}
2025-02-24 13:46:28,855 - app.routes.websocket - INFO - Sent WebSocket update: {'Temperature': 16.27887640017852}
2025-02-24 13:46:29,871 - app.routes.websocket - INFO - Sent WebSocket update: {'Temperature': 15.36839200465234}
2025-02-24 13:46:30,854 - app.routes.websocket - INFO - Sent WebSocket update: {'Temperature': 24.636364771257057}
2025-02-24 13:46:31,854 - app.routes.websocket - INFO - Sent WebSocket update: {'Temperature': 17.028914895917698}
2025-02-24 13:46:32,855 - app.routes.websocket - INFO - Sent WebSocket update: {'Temperature': 18.233704572051312}
2025-02-24 13:46:33,856 - app.routes.websocket - INFO - Sent WebSocket update: {'Temperature': 23.703856363259614}
2025-02-24 13:46:34,859 - app.routes.websocket - INFO - Sent WebSocket update: {'Temperature': 16.988653800060497}
2025-02-24 13:46:35,854 - app.routes.websocket - INFO - Sent WebSocket update: {'Temperature': 17.549499580707838}
2025-02-24 13:46:36,867 - app.routes.websocket - INFO - Sent WebSocket update: {'Temperature': 22.467380163041977}
2025-02-24 13:46:37,860 - app.routes.websocket - INFO - Sent WebSocket update: {'Temperature': 23.45742233115655}
2025-02-24 13:46:38,862 - app.routes.websocket - INFO - Sent WebSocket update: {'Temperature': 15.58381180168261}
2025-02-24 13:46:39,858 - app.routes.websocket - INFO - Sent WebSocket update: {'Temperature': 21.393996782989078}
2025-02-24 13:46:40,856 - app.routes.websocket - INFO - Sent WebSocket update: {'Temperature': 19.481043579015417}
2025-02-24 13:46:41,855 - app.routes.websocket - INFO - Sent WebSocket update: {'Temperature': 17.568528796407744}
2025-02-24 13:46:42,852 - app.routes.websocket - INFO - Sent WebSocket update: {'Temperature': 24.15138290158029}
2025-02-24 13:46:43,854 - app.routes.websocket - INFO - Sent WebSocket update: {'Temperature': 22.853947988021353}
2025-02-24 13:46:44,865 - app.routes.websocket - INFO - Sent WebSocket update: {'Temperature': 18.04545666864354}
2025-02-24 13:46:45,862 - app.routes.websocket - INFO - Sent WebSocket update: {'Temperature': 22.801791368818336}
2025-02-24 13:46:46,856 - app.routes.websocket - INFO - Sent WebSocket update: {'Temperature': 23.070559805319718}
2025-02-24 13:46:47,857 - app.routes.websocket - INFO - Sent WebSocket update: {'Temperature': 17.814064214188477}
2025-02-24 13:46:48,853 - app.routes.websocket - INFO - Sent WebSocket update: {'Temperature': 16.109904172701416}
2025-02-24 13:46:49,858 - app.routes.websocket - INFO - Sent WebSocket update: {'Temperature': 21.88839896250877}
2025-02-24 13:46:50,860 - app.routes.websocket - INFO - Sent WebSocket update: {'Temperature': 17.020707979594878}
2025-02-24 13:46:51,859 - app.routes.websocket - INFO - Sent WebSocket update: {'Temperature': 19.978142343936014}
2025-02-24 13:46:52,859 - app.routes.websocket - INFO - Sent WebSocket update: {'Temperature': 15.591098564650945}
2025-02-24 13:46:53,871 - app.routes.websocket - INFO - Sent WebSocket update: {'Temperature': 20.21401016143706}
2025-02-24 13:46:54,852 - app.routes.websocket - INFO - Sent WebSocket update: {'Temperature': 15.41688662494116}
2025-02-24 13:46:55,864 - app.routes.websocket - INFO - Sent WebSocket update: {'Temperature': 17.789858685080677}
2025-02-24 13:46:56,865 - app.routes.websocket - INFO - Sent WebSocket update: {'Temperature': 15.173463374973764}
2025-02-24 13:46:57,865 - app.routes.websocket - INFO - Sent WebSocket update: {'Temperature': 24.62958282945592}
2025-02-24 13:46:58,859 - app.routes.websocket - INFO - Sent WebSocket update: {'Temperature': 15.659700079536368}
2025-02-24 13:46:59,857 - app.routes.websocket - INFO - Sent WebSocket update: {'Temperature': 16.06335505930943}
2025-02-24 13:47:00,857 - app.routes.websocket - INFO - Sent WebSocket update: {'Temperature': 17.953112626554358}
2025-02-24 13:47:01,859 - app.routes.websocket - INFO - Sent WebSocket update: {'Temperature': 23.141796293729367}
2025-02-24 13:47:02,855 - app.routes.websocket - INFO - Sent WebSocket update: {'Temperature': 22.070396052863355}
2025-02-24 13:47:03,854 - app.routes.websocket - INFO - Sent WebSocket update: {'Temperature': 15.943275403747242}
2025-02-24 13:47:04,867 - app.routes.websocket - INFO - Sent WebSocket update: {'Temperature': 18.348611945890212}
2025-02-24 13:47:05,869 - app.routes.websocket - INFO - Sent WebSocket update: {'Temperature': 17.024832667129793}
2025-02-24 13:47:06,855 - app.routes.websocket - INFO - Sent WebSocket update: {'Temperature': 23.639404796808687}
2025-02-24 13:47:07,852 - app.routes.websocket - INFO - Sent WebSocket update: {'Temperature': 22.898094244528025}
2025-02-24 13:47:08,835 - app.routes.websocket - INFO - Sent WebSocket update: {'Temperature': 16.452303070709952}
2025-02-24 13:47:09,850 - app.routes.websocket - INFO - Sent WebSocket update: {'Temperature': 21.393969542216098}
2025-02-24 13:47:10,866 - app.routes.websocket - INFO - Sent WebSocket update: {'Temperature': 18.713188375297452}
2025-02-24 13:47:12,362 - app.routes.websocket - INFO - Sent WebSocket update: {'Temperature': 21.777672729550144}
2025-02-24 13:47:13,364 - app.routes.websocket - INFO - Sent WebSocket update: {'Temperature': 15.058814924616525}
2025-02-24 13:47:14,364 - app.routes.websocket - INFO - Sent WebSocket update: {'Temperature': 19.33287453840238}
2025-02-24 13:47:15,364 - app.routes.websocket - INFO - Sent WebSocket update: {'Temperature': 19.050796561263056}
2025-02-24 13:47:16,362 - app.routes.websocket - INFO - Sent WebSocket update: {'Temperature': 16.972626577024965}
2025-02-24 13:47:17,361 - app.routes.websocket - INFO - Sent WebSocket update: {'Temperature': 15.83102477909975}
2025-02-24 13:47:18,354 - app.routes.websocket - INFO - Sent WebSocket update: {'Temperature': 18.351974494036646}
2025-02-24 13:47:19,354 - app.routes.websocket - INFO - Sent WebSocket update: {'Temperature': 17.456621647496604}
2025-02-24 13:47:20,339 - app.routes.websocket - INFO - Sent WebSocket update: {'Temperature': 18.47586823997794}
2025-02-24 13:47:21,339 - app.routes.websocket - INFO - Sent WebSocket update: {'Temperature': 24.815131308680513}
2025-02-24 13:47:22,349 - app.routes.websocket - INFO - Sent WebSocket update: {'Temperature': 18.215978038843215}
2025-02-24 13:47:23,360 - app.routes.websocket - INFO - Sent WebSocket update: {'Temperature': 21.66695771441311}
2025-02-24 13:47:24,362 - app.routes.websocket - INFO - Sent WebSocket update: {'Temperature': 15.207195404124516}
2025-02-24 13:47:25,357 - app.routes.websocket - INFO - Sent WebSocket update: {'Temperature': 18.608399559012227}
2025-02-24 13:47:26,369 - app.routes.websocket - INFO - Sent WebSocket update: {'Temperature': 22.402732245703113}
2025-02-24 13:47:27,364 - app.routes.websocket - INFO - Sent WebSocket update: {'Temperature': 17.9749019701189}
2025-02-24 13:47:28,364 - app.routes.websocket - INFO - Sent WebSocket update: {'Temperature': 20.181545730304073}
2025-02-24 13:47:29,358 - app.routes.websocket - INFO - Sent WebSocket update: {'Temperature': 23.53313350085989}
2025-02-24 13:47:30,379 - app.routes.websocket - INFO - Sent WebSocket update: {'Temperature': 22.73563628284208}
2025-02-24 13:47:31,363 - app.routes.websocket - INFO - Sent WebSocket update: {'Temperature': 24.30488555942103}
2025-02-24 13:47:32,360 - app.routes.websocket - INFO - Sent WebSocket update: {'Temperature': 23.27747812137396}
2025-02-24 13:47:33,366 - app.routes.websocket - INFO - Sent WebSocket update: {'Temperature': 20.92124723079648}
2025-02-24 13:47:34,361 - app.routes.websocket - INFO - Sent WebSocket update: {'Temperature': 21.78254482245333}
2025-02-24 13:47:35,356 - app.routes.websocket - INFO - Sent WebSocket update: {'Temperature': 22.771324698044303}
2025-02-24 13:47:36,355 - app.routes.websocket - INFO - Sent WebSocket update: {'Temperature': 17.327533954455827}
2025-02-24 13:47:37,370 - app.routes.websocket - INFO - Sent WebSocket update: {'Temperature': 16.151220008567343}
2025-02-24 13:47:38,365 - app.routes.websocket - INFO - Sent WebSocket update: {'Temperature': 16.667121193755005}
2025-02-24 13:47:39,358 - app.routes.websocket - INFO - Sent WebSocket update: {'Temperature': 20.017861903565148}
2025-02-24 13:47:40,356 - app.routes.websocket - INFO - Sent WebSocket update: {'Temperature': 20.74246787737121}
2025-02-24 13:47:41,368 - app.routes.websocket - INFO - Sent WebSocket update: {'Temperature': 17.421842097607357}
2025-02-24 13:47:42,366 - app.routes.websocket - INFO - Sent WebSocket update: {'Temperature': 21.97773445023371}
2025-02-24 13:47:43,363 - app.routes.websocket - INFO - Sent WebSocket update: {'Temperature': 17.493917819643965}
2025-02-24 13:47:44,358 - app.routes.websocket - INFO - Sent WebSocket update: {'Temperature': 20.148393554806326}
2025-02-24 13:47:45,359 - app.routes.websocket - INFO - Sent WebSocket update: {'Temperature': 17.33333271561959}
2025-02-24 13:47:46,358 - app.routes.websocket - INFO - Sent WebSocket update: {'Temperature': 19.087154060101398}
2025-02-24 13:47:47,382 - app.routes.websocket - INFO - Sent WebSocket update: {'Temperature': 24.548139594112648}
2025-02-24 13:47:48,349 - app.routes.websocket - INFO - Sent WebSocket update: {'Temperature': 16.96964324278662}
2025-02-24 13:47:49,361 - app.routes.websocket - INFO - Sent WebSocket update: {'Temperature': 18.79666843256885}
2025-02-24 13:47:50,360 - app.routes.websocket - INFO - Sent WebSocket update: {'Temperature': 17.96550412856121}
2025-02-24 13:47:51,362 - app.routes.websocket - INFO - Sent WebSocket update: {'Temperature': 23.43267953234707}
2025-02-24 13:47:52,360 - app.routes.websocket - INFO - Sent WebSocket update: {'Temperature': 22.862257735455522}
2025-02-24 13:47:53,360 - app.routes.websocket - INFO - Sent WebSocket update: {'Temperature': 21.51965053382316}
2025-02-24 13:47:54,357 - app.routes.websocket - INFO - Sent WebSocket update: {'Temperature': 23.014187437354032}
2025-02-24 13:47:55,350 - app.routes.websocket - INFO - Sent WebSocket update: {'Temperature': 23.22613444594033}
2025-02-24 13:47:56,362 - app.routes.websocket - INFO - Sent WebSocket update: {'Temperature': 23.74549237630127}
2025-02-24 13:47:57,359 - app.routes.websocket - INFO - Sent WebSocket update: {'Temperature': 24.79836620063447}
2025-02-24 13:47:58,362 - app.routes.websocket - INFO - Sent WebSocket update: {'Temperature': 21.456219692151947}
2025-02-24 13:47:59,358 - app.routes.websocket - INFO - Sent WebSocket update: {'Temperature': 15.16224478080925}
2025-02-24 13:48:00,359 - app.routes.websocket - INFO - Sent WebSocket update: {'Temperature': 22.948976769408258}
2025-02-24 13:48:01,357 - app.routes.websocket - INFO - Sent WebSocket update: {'Temperature': 18.240858292159714}
2025-02-24 13:48:02,356 - app.routes.websocket - INFO - Sent WebSocket update: {'Temperature': 21.372582437967413}
2025-02-24 13:48:03,353 - app.routes.websocket - INFO - Sent WebSocket update: {'Temperature': 24.938406449131328}
2025-02-24 13:48:04,353 - app.routes.websocket - INFO - Sent WebSocket update: {'Temperature': 15.997677878872608}
2025-02-24 13:48:05,367 - app.routes.websocket - INFO - Sent WebSocket update: {'Temperature': 22.61511369653349}
2025-02-24 13:48:06,362 - app.routes.websocket - INFO - Sent WebSocket update: {'Temperature': 16.480713666628446}
2025-02-24 13:48:07,359 - app.routes.websocket - INFO - Sent WebSocket update: {'Temperature': 18.105477253853746}
2025-02-24 13:48:08,353 - app.routes.websocket - INFO - Sent WebSocket update: {'Temperature': 24.670681720732638}
2025-02-24 13:48:09,357 - app.routes.websocket - INFO - Sent WebSocket update: {'Temperature': 19.166695677266045}
2025-02-24 13:48:10,357 - app.routes.websocket - INFO - Sent WebSocket update: {'Temperature': 21.64828233137364}
2025-02-24 13:48:11,352 - app.routes.websocket - INFO - Sent WebSocket update: {'Temperature': 15.3805113706253}
