2025-02-24 11:52:21,635 - app.utils.opcua_client - INFO - Connecting to OPCUA server at opc.tcp://localhost:4841
2025-02-24 11:52:23,689 - app.utils.opcua_client - INFO - Connected to OPCUA server at opc.tcp://localhost:4841
2025-02-24 11:52:23,689 - app.main - INFO - Successfully connected to OPCUA server
2025-02-24 11:52:23,708 - app.routes.websocket - INFO - WebSocket connection established
2025-02-24 11:52:23,708 - app.utils.opcua_client - INFO - Connecting to OPCUA server at opc.tcp://localhost:4841
2025-02-24 11:52:25,765 - app.utils.opcua_client - INFO - Connected to OPCUA server at opc.tcp://localhost:4841
2025-02-24 11:52:25,774 - app.routes.websocket - ERROR - WebSocket error: User does not have permission to perform the requested operation.(BadUserAccessDenied)
2025-02-24 11:52:31,596 - app.routes.websocket - INFO - WebSocket connection established
2025-02-24 11:52:31,603 - app.routes.websocket - ERROR - WebSocket error: User does not have permission to perform the requested operation.(BadUserAccessDenied)
2025-02-24 11:52:37,594 - app.routes.websocket - INFO - WebSocket connection established
2025-02-24 11:52:37,600 - app.routes.websocket - ERROR - WebSocket error: User does not have permission to perform the requested operation.(BadUserAccessDenied)
2025-02-24 11:52:43,592 - app.routes.websocket - INFO - WebSocket connection established
2025-02-24 11:52:43,599 - app.routes.websocket - ERROR - WebSocket error: User does not have permission to perform the requested operation.(BadUserAccessDenied)
2025-02-24 11:52:49,589 - app.routes.websocket - INFO - WebSocket connection established
2025-02-24 11:52:49,598 - app.routes.websocket - ERROR - WebSocket error: User does not have permission to perform the requested operation.(BadUserAccessDenied)
2025-02-24 11:52:55,602 - app.routes.websocket - INFO - WebSocket connection established
2025-02-24 11:52:55,608 - app.routes.websocket - ERROR - WebSocket error: User does not have permission to perform the requested operation.(BadUserAccessDenied)
2025-02-24 11:53:01,593 - app.routes.websocket - INFO - WebSocket connection established
2025-02-24 11:53:01,597 - app.routes.websocket - ERROR - WebSocket error: User does not have permission to perform the requested operation.(BadUserAccessDenied)
2025-02-24 11:53:07,591 - app.routes.websocket - INFO - WebSocket connection established
2025-02-24 11:53:07,600 - app.routes.websocket - ERROR - WebSocket error: User does not have permission to perform the requested operation.(BadUserAccessDenied)
2025-02-24 11:53:13,596 - app.routes.websocket - INFO - WebSocket connection established
2025-02-24 11:53:13,600 - app.routes.websocket - ERROR - WebSocket error: User does not have permission to perform the requested operation.(BadUserAccessDenied)
2025-02-24 11:53:19,599 - app.routes.websocket - INFO - WebSocket connection established
2025-02-24 11:53:19,608 - app.routes.websocket - ERROR - WebSocket error: User does not have permission to perform the requested operation.(BadUserAccessDenied)
2025-02-24 11:53:25,591 - app.routes.websocket - INFO - WebSocket connection established
2025-02-24 11:53:25,600 - app.routes.websocket - ERROR - WebSocket error: User does not have permission to perform the requested operation.(BadUserAccessDenied)
2025-02-24 11:53:31,601 - app.routes.websocket - INFO - WebSocket connection established
2025-02-24 11:53:31,609 - app.routes.websocket - ERROR - WebSocket error: User does not have permission to perform the requested operation.(BadUserAccessDenied)
2025-02-24 11:53:37,588 - app.routes.websocket - INFO - WebSocket connection established
2025-02-24 11:53:37,597 - app.routes.websocket - ERROR - WebSocket error: User does not have permission to perform the requested operation.(BadUserAccessDenied)
2025-02-24 11:53:43,585 - app.routes.websocket - INFO - WebSocket connection established
2025-02-24 11:53:43,594 - app.routes.websocket - ERROR - WebSocket error: User does not have permission to perform the requested operation.(BadUserAccessDenied)
2025-02-24 11:53:49,594 - app.routes.websocket - INFO - WebSocket connection established
2025-02-24 11:53:49,599 - app.routes.websocket - ERROR - WebSocket error: User does not have permission to perform the requested operation.(BadUserAccessDenied)
2025-02-24 11:53:55,584 - app.routes.websocket - INFO - WebSocket connection established
2025-02-24 11:53:55,591 - app.routes.websocket - ERROR - WebSocket error: User does not have permission to perform the requested operation.(BadUserAccessDenied)
2025-02-24 11:54:01,593 - app.routes.websocket - INFO - WebSocket connection established
2025-02-24 11:54:01,599 - app.routes.websocket - ERROR - WebSocket error: User does not have permission to perform the requested operation.(BadUserAccessDenied)
2025-02-24 11:54:07,597 - app.routes.websocket - INFO - WebSocket connection established
2025-02-24 11:54:07,606 - app.routes.websocket - ERROR - WebSocket error: User does not have permission to perform the requested operation.(BadUserAccessDenied)
2025-02-24 11:54:13,591 - app.routes.websocket - INFO - WebSocket connection established
2025-02-24 11:54:13,598 - app.routes.websocket - ERROR - WebSocket error: User does not have permission to perform the requested operation.(BadUserAccessDenied)
2025-02-24 11:54:19,599 - app.routes.websocket - INFO - WebSocket connection established
2025-02-24 11:54:19,604 - app.routes.websocket - ERROR - WebSocket error: User does not have permission to perform the requested operation.(BadUserAccessDenied)
2025-02-24 11:54:25,590 - app.routes.websocket - INFO - WebSocket connection established
2025-02-24 11:54:25,599 - app.routes.websocket - ERROR - WebSocket error: User does not have permission to perform the requested operation.(BadUserAccessDenied)
2025-02-24 11:54:31,590 - app.routes.websocket - INFO - WebSocket connection established
2025-02-24 11:54:31,595 - app.routes.websocket - ERROR - WebSocket error: User does not have permission to perform the requested operation.(BadUserAccessDenied)
2025-02-24 11:54:37,597 - app.routes.websocket - INFO - WebSocket connection established
2025-02-24 11:54:37,603 - app.routes.websocket - ERROR - WebSocket error: User does not have permission to perform the requested operation.(BadUserAccessDenied)
2025-02-24 11:54:43,587 - app.routes.websocket - INFO - WebSocket connection established
2025-02-24 11:54:43,594 - app.routes.websocket - ERROR - WebSocket error: User does not have permission to perform the requested operation.(BadUserAccessDenied)
2025-02-24 11:54:49,597 - app.routes.websocket - INFO - WebSocket connection established
2025-02-24 11:54:49,602 - app.routes.websocket - ERROR - WebSocket error: User does not have permission to perform the requested operation.(BadUserAccessDenied)
2025-02-24 11:54:55,599 - app.routes.websocket - INFO - WebSocket connection established
2025-02-24 11:54:55,608 - app.routes.websocket - ERROR - WebSocket error: User does not have permission to perform the requested operation.(BadUserAccessDenied)
2025-02-24 11:55:01,597 - app.routes.websocket - INFO - WebSocket connection established
2025-02-24 11:55:01,604 - app.routes.websocket - ERROR - WebSocket error: User does not have permission to perform the requested operation.(BadUserAccessDenied)
2025-02-24 11:55:02,438 - app.utils.opcua_client - INFO - Disconnected from OPCUA server
2025-02-24 11:55:02,438 - app.main - INFO - Successfully disconnected from OPCUA server
