2025-02-23 23:50:59,976 - app.utils.opcua_client - INFO - Connecting to OPCUA server at opc.tcp://localhost:4840
2025-02-23 23:50:59,980 - app.utils.opcua_client - INFO - Connected to OPCUA server at opc.tcp://localhost:4840
2025-02-23 23:50:59,980 - app.main - INFO - Successfully connected to OPCUA server
2025-02-23 23:51:01,343 - app.routes.websocket - INFO - WebSocket connection established
2025-02-23 23:51:01,343 - app.utils.opcua_client - INFO - Connecting to OPCUA server at opc.tcp://localhost:4840
2025-02-23 23:51:01,345 - app.utils.opcua_client - INFO - Connected to OPCUA server at opc.tcp://localhost:4840
2025-02-23 23:51:01,347 - app.routes.websocket - ERROR - WebSocket error: User does not have permission to perform the requested operation.(BadUserAccessDenied)
2025-02-23 23:51:06,351 - app.routes.websocket - INFO - WebSocket connection established
2025-02-23 23:51:06,352 - app.routes.websocket - ERROR - WebSocket error: User does not have permission to perform the requested operation.(BadUserAccessDenied)
2025-02-23 23:51:06,897 - app.routes.websocket - INFO - WebSocket connection established
2025-02-23 23:51:06,899 - app.utils.opcua_client - INFO - Connecting to OPCUA server at opc.tcp://localhost:4840
2025-02-23 23:51:06,909 - app.routes.websocket - ERROR - WebSocket error: User does not have permission to perform the requested operation.(BadUserAccessDenied)
2025-02-23 23:51:06,911 - app.utils.opcua_client - INFO - Connected to OPCUA server at opc.tcp://localhost:4840
2025-02-23 23:51:06,911 - app.routes.data - ERROR - Error retrieving data: 'coroutine' object has no attribute 'get_child'
2025-02-23 23:51:11,914 - app.routes.websocket - INFO - WebSocket connection established
2025-02-23 23:51:11,915 - app.routes.websocket - ERROR - WebSocket error: User does not have permission to perform the requested operation.(BadUserAccessDenied)
2025-02-23 23:51:16,920 - app.routes.websocket - INFO - WebSocket connection established
2025-02-23 23:51:16,922 - app.routes.websocket - ERROR - WebSocket error: User does not have permission to perform the requested operation.(BadUserAccessDenied)
2025-02-23 23:51:21,926 - app.routes.websocket - INFO - WebSocket connection established
2025-02-23 23:51:21,928 - app.routes.websocket - ERROR - WebSocket error: User does not have permission to perform the requested operation.(BadUserAccessDenied)
2025-02-23 23:51:26,932 - app.routes.websocket - INFO - WebSocket connection established
2025-02-23 23:51:26,933 - app.routes.websocket - ERROR - WebSocket error: User does not have permission to perform the requested operation.(BadUserAccessDenied)
2025-02-23 23:51:31,938 - app.routes.websocket - INFO - WebSocket connection established
2025-02-23 23:51:31,939 - app.routes.websocket - ERROR - WebSocket error: User does not have permission to perform the requested operation.(BadUserAccessDenied)
2025-02-23 23:51:36,942 - app.routes.websocket - INFO - WebSocket connection established
2025-02-23 23:51:36,944 - app.routes.websocket - ERROR - WebSocket error: User does not have permission to perform the requested operation.(BadUserAccessDenied)
2025-02-23 23:51:41,948 - app.routes.websocket - INFO - WebSocket connection established
2025-02-23 23:51:41,951 - app.routes.websocket - ERROR - WebSocket error: User does not have permission to perform the requested operation.(BadUserAccessDenied)
2025-02-23 23:51:46,956 - app.routes.websocket - INFO - WebSocket connection established
2025-02-23 23:51:46,960 - app.routes.websocket - ERROR - WebSocket error: User does not have permission to perform the requested operation.(BadUserAccessDenied)
2025-02-23 23:51:51,965 - app.routes.websocket - INFO - WebSocket connection established
2025-02-23 23:51:51,968 - app.routes.websocket - ERROR - WebSocket error: User does not have permission to perform the requested operation.(BadUserAccessDenied)
2025-02-23 23:51:56,967 - app.utils.opcua_client - INFO - Disconnected from OPCUA server
2025-02-23 23:51:56,967 - app.main - INFO - Successfully disconnected from OPCUA server
