2025-02-24 13:34:24,636 - app.utils.opcua_client - INFO - Connecting to OPCUA server at opc.tcp://localhost:4841
2025-02-24 13:34:26,660 - app.utils.opcua_client - INFO - Connected to OPCUA server at opc.tcp://localhost:4841
2025-02-24 13:34:26,661 - app.main - INFO - Successfully connected to OPCUA server
2025-02-24 13:34:31,585 - app.routes.websocket - INFO - WebSocket connection established
2025-02-24 13:34:31,587 - app.utils.opcua_client - INFO - Connecting to OPCUA server at opc.tcp://localhost:4841
2025-02-24 13:34:33,650 - app.utils.opcua_client - INFO - Connected to OPCUA server at opc.tcp://localhost:4841
2025-02-24 13:34:33,657 - app.utils.opcua_client - INFO - Created OPCUA subscription
2025-02-24 13:34:34,176 - app.routes.websocket - ERROR - Error in datachange_notification: name 'WebSocketState' is not defined
2025-02-24 13:34:34,176 - app.routes.websocket - ERROR - Error in datachange_notification: name 'WebSocketState' is not defined
2025-02-24 13:34:34,177 - app.routes.websocket - ERROR - Error in datachange_notification: name 'WebSocketState' is not defined
2025-02-24 13:34:34,178 - app.routes.websocket - ERROR - Error in datachange_notification: name 'WebSocketState' is not defined
2025-02-24 13:34:35,172 - app.routes.websocket - ERROR - Error in datachange_notification: name 'WebSocketState' is not defined
2025-02-24 13:34:36,170 - app.routes.websocket - ERROR - Error in datachange_notification: name 'WebSocketState' is not defined
2025-02-24 13:34:37,170 - app.routes.websocket - ERROR - Error in datachange_notification: name 'WebSocketState' is not defined
2025-02-24 13:34:38,166 - app.routes.websocket - ERROR - Error in datachange_notification: name 'WebSocketState' is not defined
2025-02-24 13:34:39,170 - app.routes.websocket - ERROR - Error in datachange_notification: name 'WebSocketState' is not defined
2025-02-24 13:34:40,167 - app.routes.websocket - ERROR - Error in datachange_notification: name 'WebSocketState' is not defined
2025-02-24 13:34:41,165 - app.routes.websocket - ERROR - Error in datachange_notification: name 'WebSocketState' is not defined
2025-02-24 13:34:42,160 - app.routes.websocket - ERROR - Error in datachange_notification: name 'WebSocketState' is not defined
2025-02-24 13:34:43,172 - app.routes.websocket - ERROR - Error in datachange_notification: name 'WebSocketState' is not defined
2025-02-24 13:34:44,168 - app.routes.websocket - ERROR - Error in datachange_notification: name 'WebSocketState' is not defined
2025-02-24 13:34:45,167 - app.routes.websocket - ERROR - Error in datachange_notification: name 'WebSocketState' is not defined
2025-02-24 13:34:46,168 - app.routes.websocket - ERROR - Error in datachange_notification: name 'WebSocketState' is not defined
2025-02-24 13:34:47,167 - app.routes.websocket - ERROR - Error in datachange_notification: name 'WebSocketState' is not defined
2025-02-24 13:34:48,166 - app.routes.websocket - ERROR - Error in datachange_notification: name 'WebSocketState' is not defined
2025-02-24 13:34:49,160 - app.routes.websocket - ERROR - Error in datachange_notification: name 'WebSocketState' is not defined
2025-02-24 13:34:49,700 - app.utils.opcua_client - INFO - Disconnected from OPCUA server
2025-02-24 13:34:49,701 - app.main - INFO - Successfully disconnected from OPCUA server
