2025-02-23 23:35:52,182 - app.utils.opcua_client - INFO - Connecting to OPCUA server at opc.tcp://localhost:4840
2025-02-23 23:35:52,186 - app.utils.opcua_client - INFO - Connected to OPCUA server at opc.tcp://localhost:4840
2025-02-23 23:35:52,186 - app.main - INFO - Successfully connected to OPCUA server
2025-02-23 23:36:19,272 - app.utils.opcua_client - ERROR - Error getting namespace index: 'NoneType' object has no attribute 'get_namespace_index'
2025-02-23 23:36:19,272 - app.routes.data - ERROR - Error retrieving data: 'NoneType' object has no attribute 'get_namespace_index'
2025-02-23 23:36:55,277 - app.routes.websocket - INFO - WebSocket connection established
2025-02-23 23:36:55,278 - app.utils.opcua_client - ERROR - Error getting namespace index: 'NoneType' object has no attribute 'get_namespace_index'
2025-02-23 23:36:55,278 - app.routes.websocket - ERROR - WebSocket error: 'NoneType' object has no attribute 'get_namespace_index'
2025-02-23 23:36:55,280 - app.utils.opcua_client - ERROR - Error getting namespace index: 'NoneType' object has no attribute 'get_namespace_index'
2025-02-23 23:36:55,280 - app.routes.data - ERROR - Error retrieving data: 'NoneType' object has no attribute 'get_namespace_index'
2025-02-23 23:37:00,289 - app.routes.websocket - INFO - WebSocket connection established
2025-02-23 23:37:00,289 - app.utils.opcua_client - ERROR - Error getting namespace index: 'NoneType' object has no attribute 'get_namespace_index'
2025-02-23 23:37:00,289 - app.routes.websocket - ERROR - WebSocket error: 'NoneType' object has no attribute 'get_namespace_index'
2025-02-23 23:37:05,295 - app.routes.websocket - INFO - WebSocket connection established
2025-02-23 23:37:05,295 - app.utils.opcua_client - ERROR - Error getting namespace index: 'NoneType' object has no attribute 'get_namespace_index'
2025-02-23 23:37:05,295 - app.routes.websocket - ERROR - WebSocket error: 'NoneType' object has no attribute 'get_namespace_index'
2025-02-23 23:37:10,301 - app.routes.websocket - INFO - WebSocket connection established
2025-02-23 23:37:10,302 - app.utils.opcua_client - ERROR - Error getting namespace index: 'NoneType' object has no attribute 'get_namespace_index'
2025-02-23 23:37:10,302 - app.routes.websocket - ERROR - WebSocket error: 'NoneType' object has no attribute 'get_namespace_index'
2025-02-23 23:37:15,308 - app.routes.websocket - INFO - WebSocket connection established
2025-02-23 23:37:15,308 - app.utils.opcua_client - ERROR - Error getting namespace index: 'NoneType' object has no attribute 'get_namespace_index'
2025-02-23 23:37:15,308 - app.routes.websocket - ERROR - WebSocket error: 'NoneType' object has no attribute 'get_namespace_index'
2025-02-23 23:37:20,314 - app.routes.websocket - INFO - WebSocket connection established
2025-02-23 23:37:20,314 - app.utils.opcua_client - ERROR - Error getting namespace index: 'NoneType' object has no attribute 'get_namespace_index'
2025-02-23 23:37:20,314 - app.routes.websocket - ERROR - WebSocket error: 'NoneType' object has no attribute 'get_namespace_index'
2025-02-23 23:37:25,319 - app.routes.websocket - INFO - WebSocket connection established
2025-02-23 23:37:25,319 - app.utils.opcua_client - ERROR - Error getting namespace index: 'NoneType' object has no attribute 'get_namespace_index'
2025-02-23 23:37:25,319 - app.routes.websocket - ERROR - WebSocket error: 'NoneType' object has no attribute 'get_namespace_index'
2025-02-23 23:37:30,324 - app.routes.websocket - INFO - WebSocket connection established
2025-02-23 23:37:30,324 - app.utils.opcua_client - ERROR - Error getting namespace index: 'NoneType' object has no attribute 'get_namespace_index'
2025-02-23 23:37:30,324 - app.routes.websocket - ERROR - WebSocket error: 'NoneType' object has no attribute 'get_namespace_index'
2025-02-23 23:37:35,328 - app.routes.websocket - INFO - WebSocket connection established
2025-02-23 23:37:35,329 - app.utils.opcua_client - ERROR - Error getting namespace index: 'NoneType' object has no attribute 'get_namespace_index'
2025-02-23 23:37:35,329 - app.routes.websocket - ERROR - WebSocket error: 'NoneType' object has no attribute 'get_namespace_index'
2025-02-23 23:37:40,334 - app.routes.websocket - INFO - WebSocket connection established
2025-02-23 23:37:40,334 - app.utils.opcua_client - ERROR - Error getting namespace index: 'NoneType' object has no attribute 'get_namespace_index'
2025-02-23 23:37:40,334 - app.routes.websocket - ERROR - WebSocket error: 'NoneType' object has no attribute 'get_namespace_index'
2025-02-23 23:37:45,340 - app.routes.websocket - INFO - WebSocket connection established
2025-02-23 23:37:45,340 - app.utils.opcua_client - ERROR - Error getting namespace index: 'NoneType' object has no attribute 'get_namespace_index'
2025-02-23 23:37:45,340 - app.routes.websocket - ERROR - WebSocket error: 'NoneType' object has no attribute 'get_namespace_index'
2025-02-23 23:37:50,345 - app.routes.websocket - INFO - WebSocket connection established
2025-02-23 23:37:50,345 - app.utils.opcua_client - ERROR - Error getting namespace index: 'NoneType' object has no attribute 'get_namespace_index'
2025-02-23 23:37:50,345 - app.routes.websocket - ERROR - WebSocket error: 'NoneType' object has no attribute 'get_namespace_index'
2025-02-23 23:37:52,729 - app.utils.opcua_client - INFO - Disconnected from OPCUA server
2025-02-23 23:37:52,729 - app.main - INFO - Successfully disconnected from OPCUA server
