2025-02-24 11:35:49,862 - app.utils.opcua_client - INFO - Connecting to OPCUA server at opc.tcp://localhost:4841
2025-02-24 11:35:51,933 - app.utils.opcua_client - INFO - Connected to OPCUA server at opc.tcp://localhost:4841
2025-02-24 11:35:51,935 - app.main - INFO - Successfully connected to OPCUA server
2025-02-24 11:35:55,567 - app.routes.websocket - INFO - WebSocket connection established
2025-02-24 11:35:55,567 - app.utils.opcua_client - INFO - Connecting to OPCUA server at opc.tcp://localhost:4841
2025-02-24 11:35:57,605 - app.utils.opcua_client - INFO - Connected to OPCUA server at opc.tcp://localhost:4841
2025-02-24 11:35:57,616 - app.routes.websocket - ERROR - WebSocket error: User does not have permission to perform the requested operation.(BadUserAccessDenied)
2025-02-24 11:36:02,951 - app.routes.websocket - INFO - WebSocket connection established
2025-02-24 11:36:02,959 - app.routes.websocket - ERROR - WebSocket error: User does not have permission to perform the requested operation.(BadUserAccessDenied)
2025-02-24 11:36:08,287 - app.routes.websocket - INFO - WebSocket connection established
2025-02-24 11:36:08,291 - app.routes.websocket - ERROR - WebSocket error: User does not have permission to perform the requested operation.(BadUserAccessDenied)
2025-02-24 11:36:13,623 - app.routes.websocket - INFO - WebSocket connection established
2025-02-24 11:36:13,630 - app.routes.websocket - ERROR - WebSocket error: User does not have permission to perform the requested operation.(BadUserAccessDenied)
2025-02-24 11:36:50,261 - app.routes.websocket - INFO - WebSocket connection established
2025-02-24 11:36:50,264 - app.utils.opcua_client - INFO - Connecting to OPCUA server at opc.tcp://localhost:4841
2025-02-24 11:36:50,266 - app.routes.websocket - ERROR - WebSocket error: User does not have permission to perform the requested operation.(BadUserAccessDenied)
2025-02-24 11:36:52,306 - app.utils.opcua_client - INFO - Connected to OPCUA server at opc.tcp://localhost:4841
2025-02-24 11:36:52,310 - app.routes.data - ERROR - MyObject node not found: The requested operation has no match to return.(BadNoMatch)
2025-02-24 11:36:55,593 - app.routes.websocket - INFO - WebSocket connection established
2025-02-24 11:36:55,602 - app.routes.websocket - ERROR - WebSocket error: User does not have permission to perform the requested operation.(BadUserAccessDenied)
2025-02-24 11:37:00,927 - app.routes.websocket - INFO - WebSocket connection established
2025-02-24 11:37:00,935 - app.routes.websocket - ERROR - WebSocket error: User does not have permission to perform the requested operation.(BadUserAccessDenied)
2025-02-24 11:37:13,323 - app.routes.data - ERROR - MyObject node not found: The requested operation has no match to return.(BadNoMatch)
2025-02-24 11:37:13,342 - app.routes.data - ERROR - MyObject node not found: The requested operation has no match to return.(BadNoMatch)
2025-02-24 11:37:13,608 - app.routes.websocket - INFO - WebSocket connection established
2025-02-24 11:37:13,616 - app.routes.websocket - ERROR - WebSocket error: User does not have permission to perform the requested operation.(BadUserAccessDenied)
2025-02-24 11:37:18,594 - app.routes.websocket - INFO - WebSocket connection established
2025-02-24 11:37:18,602 - app.routes.websocket - ERROR - WebSocket error: User does not have permission to perform the requested operation.(BadUserAccessDenied)
2025-02-24 11:37:18,937 - app.routes.websocket - INFO - WebSocket connection established
2025-02-24 11:37:18,944 - app.routes.websocket - ERROR - WebSocket error: User does not have permission to perform the requested operation.(BadUserAccessDenied)
2025-02-24 11:37:23,926 - app.routes.websocket - INFO - WebSocket connection established
2025-02-24 11:37:23,932 - app.routes.websocket - ERROR - WebSocket error: User does not have permission to perform the requested operation.(BadUserAccessDenied)
2025-02-24 11:37:24,268 - app.routes.websocket - INFO - WebSocket connection established
2025-02-24 11:37:24,276 - app.routes.websocket - ERROR - WebSocket error: User does not have permission to perform the requested operation.(BadUserAccessDenied)
2025-02-24 11:37:29,260 - app.routes.websocket - INFO - WebSocket connection established
2025-02-24 11:37:29,266 - app.routes.websocket - ERROR - WebSocket error: User does not have permission to perform the requested operation.(BadUserAccessDenied)
2025-02-24 11:37:29,605 - app.routes.websocket - INFO - WebSocket connection established
2025-02-24 11:37:29,612 - app.routes.websocket - ERROR - WebSocket error: User does not have permission to perform the requested operation.(BadUserAccessDenied)
2025-02-24 11:37:34,591 - app.routes.websocket - INFO - WebSocket connection established
2025-02-24 11:37:34,597 - app.routes.websocket - ERROR - WebSocket error: User does not have permission to perform the requested operation.(BadUserAccessDenied)
2025-02-24 11:37:34,933 - app.routes.websocket - INFO - WebSocket connection established
2025-02-24 11:37:34,940 - app.routes.websocket - ERROR - WebSocket error: User does not have permission to perform the requested operation.(BadUserAccessDenied)
2025-02-24 11:37:39,919 - app.routes.websocket - INFO - WebSocket connection established
2025-02-24 11:37:39,926 - app.routes.websocket - ERROR - WebSocket error: User does not have permission to perform the requested operation.(BadUserAccessDenied)
2025-02-24 11:37:40,265 - app.routes.websocket - INFO - WebSocket connection established
2025-02-24 11:37:40,272 - app.routes.websocket - ERROR - WebSocket error: User does not have permission to perform the requested operation.(BadUserAccessDenied)
2025-02-24 11:37:45,248 - app.routes.websocket - INFO - WebSocket connection established
2025-02-24 11:37:45,253 - app.routes.websocket - ERROR - WebSocket error: User does not have permission to perform the requested operation.(BadUserAccessDenied)
2025-02-24 11:37:45,604 - app.routes.websocket - INFO - WebSocket connection established
2025-02-24 11:37:45,612 - app.routes.websocket - ERROR - WebSocket error: User does not have permission to perform the requested operation.(BadUserAccessDenied)
2025-02-24 11:37:50,577 - app.routes.websocket - INFO - WebSocket connection established
2025-02-24 11:37:50,582 - app.routes.websocket - ERROR - WebSocket error: User does not have permission to perform the requested operation.(BadUserAccessDenied)
2025-02-24 11:37:51,595 - app.routes.websocket - INFO - WebSocket connection established
2025-02-24 11:37:51,601 - app.routes.websocket - ERROR - WebSocket error: User does not have permission to perform the requested operation.(BadUserAccessDenied)
2025-02-24 11:37:56,585 - app.routes.websocket - INFO - WebSocket connection established
2025-02-24 11:37:56,589 - app.routes.websocket - ERROR - WebSocket error: User does not have permission to perform the requested operation.(BadUserAccessDenied)
2025-02-24 11:37:57,599 - app.routes.websocket - INFO - WebSocket connection established
2025-02-24 11:37:57,603 - app.routes.websocket - ERROR - WebSocket error: User does not have permission to perform the requested operation.(BadUserAccessDenied)
2025-02-24 11:38:02,596 - app.routes.websocket - INFO - WebSocket connection established
2025-02-24 11:38:02,601 - app.routes.websocket - ERROR - WebSocket error: User does not have permission to perform the requested operation.(BadUserAccessDenied)
2025-02-24 11:38:03,585 - app.routes.websocket - INFO - WebSocket connection established
2025-02-24 11:38:03,590 - app.routes.websocket - ERROR - WebSocket error: User does not have permission to perform the requested operation.(BadUserAccessDenied)
2025-02-24 11:38:08,595 - app.routes.websocket - INFO - WebSocket connection established
2025-02-24 11:38:08,600 - app.routes.websocket - ERROR - WebSocket error: User does not have permission to perform the requested operation.(BadUserAccessDenied)
2025-02-24 11:38:09,592 - app.routes.websocket - INFO - WebSocket connection established
2025-02-24 11:38:09,601 - app.routes.websocket - ERROR - WebSocket error: User does not have permission to perform the requested operation.(BadUserAccessDenied)
2025-02-24 11:38:14,588 - app.routes.websocket - INFO - WebSocket connection established
2025-02-24 11:38:14,592 - app.routes.websocket - ERROR - WebSocket error: User does not have permission to perform the requested operation.(BadUserAccessDenied)
2025-02-24 11:38:15,591 - app.routes.websocket - INFO - WebSocket connection established
2025-02-24 11:38:15,598 - app.routes.websocket - ERROR - WebSocket error: User does not have permission to perform the requested operation.(BadUserAccessDenied)
2025-02-24 11:38:20,590 - app.routes.websocket - INFO - WebSocket connection established
2025-02-24 11:38:20,597 - app.routes.websocket - ERROR - WebSocket error: User does not have permission to perform the requested operation.(BadUserAccessDenied)
2025-02-24 11:38:21,591 - app.routes.websocket - INFO - WebSocket connection established
2025-02-24 11:38:21,597 - app.routes.websocket - ERROR - WebSocket error: User does not have permission to perform the requested operation.(BadUserAccessDenied)
2025-02-24 11:38:26,594 - app.routes.websocket - INFO - WebSocket connection established
2025-02-24 11:38:26,599 - app.routes.websocket - ERROR - WebSocket error: User does not have permission to perform the requested operation.(BadUserAccessDenied)
2025-02-24 11:38:27,601 - app.routes.websocket - INFO - WebSocket connection established
2025-02-24 11:38:27,606 - app.routes.websocket - ERROR - WebSocket error: User does not have permission to perform the requested operation.(BadUserAccessDenied)
2025-02-24 11:38:32,591 - app.routes.websocket - INFO - WebSocket connection established
2025-02-24 11:38:32,596 - app.routes.websocket - ERROR - WebSocket error: User does not have permission to perform the requested operation.(BadUserAccessDenied)
2025-02-24 11:38:33,588 - app.routes.websocket - INFO - WebSocket connection established
2025-02-24 11:38:33,594 - app.routes.websocket - ERROR - WebSocket error: User does not have permission to perform the requested operation.(BadUserAccessDenied)
2025-02-24 11:38:38,591 - app.routes.websocket - INFO - WebSocket connection established
2025-02-24 11:38:38,596 - app.routes.websocket - ERROR - WebSocket error: User does not have permission to perform the requested operation.(BadUserAccessDenied)
2025-02-24 11:38:39,591 - app.routes.websocket - INFO - WebSocket connection established
2025-02-24 11:38:39,594 - app.routes.websocket - ERROR - WebSocket error: User does not have permission to perform the requested operation.(BadUserAccessDenied)
2025-02-24 11:38:44,588 - app.routes.websocket - INFO - WebSocket connection established
2025-02-24 11:38:44,593 - app.routes.websocket - ERROR - WebSocket error: User does not have permission to perform the requested operation.(BadUserAccessDenied)
2025-02-24 11:38:45,589 - app.routes.websocket - INFO - WebSocket connection established
2025-02-24 11:38:45,597 - app.routes.websocket - ERROR - WebSocket error: User does not have permission to perform the requested operation.(BadUserAccessDenied)
2025-02-24 11:38:50,584 - app.routes.websocket - INFO - WebSocket connection established
2025-02-24 11:38:50,588 - app.routes.websocket - ERROR - WebSocket error: User does not have permission to perform the requested operation.(BadUserAccessDenied)
2025-02-24 11:38:51,596 - app.routes.websocket - INFO - WebSocket connection established
2025-02-24 11:38:51,600 - app.routes.websocket - ERROR - WebSocket error: User does not have permission to perform the requested operation.(BadUserAccessDenied)
2025-02-24 11:38:56,594 - app.routes.websocket - INFO - WebSocket connection established
2025-02-24 11:38:56,602 - app.routes.websocket - ERROR - WebSocket error: User does not have permission to perform the requested operation.(BadUserAccessDenied)
2025-02-24 11:38:57,594 - app.routes.websocket - INFO - WebSocket connection established
2025-02-24 11:38:57,600 - app.routes.websocket - ERROR - WebSocket error: User does not have permission to perform the requested operation.(BadUserAccessDenied)
2025-02-24 11:39:02,599 - app.routes.websocket - INFO - WebSocket connection established
2025-02-24 11:39:02,603 - app.routes.websocket - ERROR - WebSocket error: User does not have permission to perform the requested operation.(BadUserAccessDenied)
2025-02-24 11:39:03,598 - app.routes.websocket - INFO - WebSocket connection established
2025-02-24 11:39:03,602 - app.routes.websocket - ERROR - WebSocket error: User does not have permission to perform the requested operation.(BadUserAccessDenied)
2025-02-24 11:39:08,599 - app.routes.websocket - INFO - WebSocket connection established
2025-02-24 11:39:08,605 - app.routes.websocket - ERROR - WebSocket error: User does not have permission to perform the requested operation.(BadUserAccessDenied)
2025-02-24 11:39:09,593 - app.routes.websocket - INFO - WebSocket connection established
2025-02-24 11:39:09,597 - app.routes.websocket - ERROR - WebSocket error: User does not have permission to perform the requested operation.(BadUserAccessDenied)
2025-02-24 11:39:14,590 - app.routes.websocket - INFO - WebSocket connection established
2025-02-24 11:39:14,598 - app.routes.websocket - ERROR - WebSocket error: User does not have permission to perform the requested operation.(BadUserAccessDenied)
2025-02-24 11:39:15,580 - app.routes.websocket - INFO - WebSocket connection established
2025-02-24 11:39:15,585 - app.routes.websocket - ERROR - WebSocket error: User does not have permission to perform the requested operation.(BadUserAccessDenied)
2025-02-24 11:39:20,596 - app.routes.websocket - INFO - WebSocket connection established
2025-02-24 11:39:20,603 - app.routes.websocket - ERROR - WebSocket error: User does not have permission to perform the requested operation.(BadUserAccessDenied)
2025-02-24 11:39:21,589 - app.routes.websocket - INFO - WebSocket connection established
2025-02-24 11:39:21,596 - app.routes.websocket - ERROR - WebSocket error: User does not have permission to perform the requested operation.(BadUserAccessDenied)
2025-02-24 11:39:22,301 - app.utils.opcua_client - INFO - Disconnected from OPCUA server
2025-02-24 11:39:22,301 - app.main - INFO - Successfully disconnected from OPCUA server
