2025-02-23 23:46:44,584 - app.utils.opcua_client - INFO - Connecting to OPCUA server at opc.tcp://localhost:4840
2025-02-23 23:46:44,588 - app.utils.opcua_client - INFO - Connected to OPCUA server at opc.tcp://localhost:4840
2025-02-23 23:46:44,588 - app.main - INFO - Successfully connected to OPCUA server
2025-02-23 23:46:46,387 - app.routes.websocket - INFO - WebSocket connection established
2025-02-23 23:46:46,387 - app.utils.opcua_client - INFO - Connecting to OPCUA server at opc.tcp://localhost:4840
2025-02-23 23:46:46,392 - app.utils.opcua_client - INFO - Connected to OPCUA server at opc.tcp://localhost:4840
2025-02-23 23:46:46,398 - app.routes.websocket - ERROR - WebSocket error: User does not have permission to perform the requested operation.(BadUserAccessDenied)
2025-02-23 23:46:51,402 - app.routes.websocket - INFO - WebSocket connection established
2025-02-23 23:46:51,403 - app.routes.websocket - ERROR - WebSocket error: User does not have permission to perform the requested operation.(BadUserAccessDenied)
2025-02-23 23:46:56,410 - app.routes.websocket - INFO - WebSocket connection established
2025-02-23 23:46:56,413 - app.routes.websocket - ERROR - WebSocket error: User does not have permission to perform the requested operation.(BadUserAccessDenied)
2025-02-23 23:47:01,419 - app.routes.websocket - INFO - WebSocket connection established
2025-02-23 23:47:01,421 - app.routes.websocket - ERROR - WebSocket error: User does not have permission to perform the requested operation.(BadUserAccessDenied)
2025-02-23 23:47:06,425 - app.routes.websocket - INFO - WebSocket connection established
2025-02-23 23:47:06,427 - app.routes.websocket - ERROR - WebSocket error: User does not have permission to perform the requested operation.(BadUserAccessDenied)
2025-02-23 23:47:11,432 - app.routes.websocket - INFO - WebSocket connection established
2025-02-23 23:47:11,434 - app.routes.websocket - ERROR - WebSocket error: User does not have permission to perform the requested operation.(BadUserAccessDenied)
2025-02-23 23:47:16,438 - app.routes.websocket - INFO - WebSocket connection established
2025-02-23 23:47:16,439 - app.routes.websocket - ERROR - WebSocket error: User does not have permission to perform the requested operation.(BadUserAccessDenied)
2025-02-23 23:47:21,443 - app.routes.websocket - INFO - WebSocket connection established
2025-02-23 23:47:21,448 - app.routes.websocket - ERROR - WebSocket error: User does not have permission to perform the requested operation.(BadUserAccessDenied)
2025-02-23 23:47:26,455 - app.routes.websocket - INFO - WebSocket connection established
2025-02-23 23:47:26,456 - app.routes.websocket - ERROR - WebSocket error: User does not have permission to perform the requested operation.(BadUserAccessDenied)
2025-02-23 23:47:31,462 - app.routes.websocket - INFO - WebSocket connection established
2025-02-23 23:47:31,465 - app.routes.websocket - ERROR - WebSocket error: User does not have permission to perform the requested operation.(BadUserAccessDenied)
2025-02-23 23:47:36,470 - app.routes.websocket - INFO - WebSocket connection established
2025-02-23 23:47:36,471 - app.routes.websocket - ERROR - WebSocket error: User does not have permission to perform the requested operation.(BadUserAccessDenied)
2025-02-23 23:47:41,476 - app.routes.websocket - INFO - WebSocket connection established
2025-02-23 23:47:41,480 - app.routes.websocket - ERROR - WebSocket error: User does not have permission to perform the requested operation.(BadUserAccessDenied)
2025-02-23 23:47:46,485 - app.routes.websocket - INFO - WebSocket connection established
2025-02-23 23:47:46,487 - app.routes.websocket - ERROR - WebSocket error: User does not have permission to perform the requested operation.(BadUserAccessDenied)
2025-02-23 23:47:51,492 - app.routes.websocket - INFO - WebSocket connection established
2025-02-23 23:47:51,494 - app.routes.websocket - ERROR - WebSocket error: User does not have permission to perform the requested operation.(BadUserAccessDenied)
2025-02-23 23:47:56,497 - app.routes.websocket - INFO - WebSocket connection established
2025-02-23 23:47:56,499 - app.routes.websocket - ERROR - WebSocket error: User does not have permission to perform the requested operation.(BadUserAccessDenied)
2025-02-23 23:48:01,504 - app.routes.websocket - INFO - WebSocket connection established
2025-02-23 23:48:01,508 - app.routes.websocket - ERROR - WebSocket error: User does not have permission to perform the requested operation.(BadUserAccessDenied)
2025-02-23 23:48:06,513 - app.routes.websocket - INFO - WebSocket connection established
2025-02-23 23:48:06,515 - app.routes.websocket - ERROR - WebSocket error: User does not have permission to perform the requested operation.(BadUserAccessDenied)
2025-02-23 23:48:11,521 - app.routes.websocket - INFO - WebSocket connection established
2025-02-23 23:48:11,523 - app.routes.websocket - ERROR - WebSocket error: User does not have permission to perform the requested operation.(BadUserAccessDenied)
2025-02-23 23:48:16,528 - app.routes.websocket - INFO - WebSocket connection established
2025-02-23 23:48:16,530 - app.routes.websocket - ERROR - WebSocket error: User does not have permission to perform the requested operation.(BadUserAccessDenied)
2025-02-23 23:48:21,533 - app.routes.websocket - INFO - WebSocket connection established
2025-02-23 23:48:21,535 - app.routes.websocket - ERROR - WebSocket error: User does not have permission to perform the requested operation.(BadUserAccessDenied)
2025-02-23 23:48:26,541 - app.routes.websocket - INFO - WebSocket connection established
2025-02-23 23:48:26,545 - app.routes.websocket - ERROR - WebSocket error: User does not have permission to perform the requested operation.(BadUserAccessDenied)
2025-02-23 23:48:31,550 - app.routes.websocket - INFO - WebSocket connection established
2025-02-23 23:48:31,552 - app.routes.websocket - ERROR - WebSocket error: User does not have permission to perform the requested operation.(BadUserAccessDenied)
2025-02-23 23:48:36,556 - app.routes.websocket - INFO - WebSocket connection established
2025-02-23 23:48:36,557 - app.routes.websocket - ERROR - WebSocket error: User does not have permission to perform the requested operation.(BadUserAccessDenied)
2025-02-23 23:48:41,562 - app.routes.websocket - INFO - WebSocket connection established
2025-02-23 23:48:41,564 - app.routes.websocket - ERROR - WebSocket error: User does not have permission to perform the requested operation.(BadUserAccessDenied)
2025-02-23 23:48:46,570 - app.routes.websocket - INFO - WebSocket connection established
2025-02-23 23:48:46,571 - app.routes.websocket - ERROR - WebSocket error: User does not have permission to perform the requested operation.(BadUserAccessDenied)
2025-02-23 23:48:51,575 - app.routes.websocket - INFO - WebSocket connection established
2025-02-23 23:48:51,577 - app.routes.websocket - ERROR - WebSocket error: User does not have permission to perform the requested operation.(BadUserAccessDenied)
2025-02-23 23:48:56,581 - app.routes.websocket - INFO - WebSocket connection established
2025-02-23 23:48:56,583 - app.routes.websocket - ERROR - WebSocket error: User does not have permission to perform the requested operation.(BadUserAccessDenied)
2025-02-23 23:49:01,587 - app.routes.websocket - INFO - WebSocket connection established
2025-02-23 23:49:01,589 - app.routes.websocket - ERROR - WebSocket error: User does not have permission to perform the requested operation.(BadUserAccessDenied)
2025-02-23 23:49:06,596 - app.routes.websocket - INFO - WebSocket connection established
2025-02-23 23:49:06,600 - app.routes.websocket - ERROR - WebSocket error: User does not have permission to perform the requested operation.(BadUserAccessDenied)
2025-02-23 23:49:11,604 - app.routes.websocket - INFO - WebSocket connection established
2025-02-23 23:49:11,607 - app.routes.websocket - ERROR - WebSocket error: User does not have permission to perform the requested operation.(BadUserAccessDenied)
2025-02-23 23:49:16,611 - app.routes.websocket - INFO - WebSocket connection established
2025-02-23 23:49:16,613 - app.routes.websocket - ERROR - WebSocket error: User does not have permission to perform the requested operation.(BadUserAccessDenied)
2025-02-23 23:49:21,618 - app.routes.websocket - INFO - WebSocket connection established
2025-02-23 23:49:21,620 - app.routes.websocket - ERROR - WebSocket error: User does not have permission to perform the requested operation.(BadUserAccessDenied)
2025-02-23 23:49:26,625 - app.routes.websocket - INFO - WebSocket connection established
2025-02-23 23:49:26,626 - app.routes.websocket - ERROR - WebSocket error: User does not have permission to perform the requested operation.(BadUserAccessDenied)
2025-02-23 23:49:31,631 - app.routes.websocket - INFO - WebSocket connection established
2025-02-23 23:49:31,632 - app.routes.websocket - ERROR - WebSocket error: User does not have permission to perform the requested operation.(BadUserAccessDenied)
2025-02-23 23:49:36,636 - app.routes.websocket - INFO - WebSocket connection established
2025-02-23 23:49:36,637 - app.routes.websocket - ERROR - WebSocket error: User does not have permission to perform the requested operation.(BadUserAccessDenied)
2025-02-23 23:49:41,221 - app.routes.websocket - INFO - WebSocket connection established
2025-02-23 23:49:41,224 - app.utils.opcua_client - ERROR - Error getting namespace index: 'NoneType' object has no attribute 'get_namespace_index'
2025-02-23 23:49:41,224 - app.routes.data - ERROR - Error retrieving data: 'NoneType' object has no attribute 'get_namespace_index'
2025-02-23 23:49:41,238 - app.routes.websocket - ERROR - WebSocket error: User does not have permission to perform the requested operation.(BadUserAccessDenied)
2025-02-23 23:49:46,248 - app.routes.websocket - INFO - WebSocket connection established
2025-02-23 23:49:46,252 - app.routes.websocket - ERROR - WebSocket error: User does not have permission to perform the requested operation.(BadUserAccessDenied)
2025-02-23 23:49:51,256 - app.routes.websocket - INFO - WebSocket connection established
2025-02-23 23:49:51,258 - app.routes.websocket - ERROR - WebSocket error: User does not have permission to perform the requested operation.(BadUserAccessDenied)
2025-02-23 23:49:56,263 - app.routes.websocket - INFO - WebSocket connection established
2025-02-23 23:49:56,264 - app.routes.websocket - ERROR - WebSocket error: User does not have permission to perform the requested operation.(BadUserAccessDenied)
2025-02-23 23:50:01,268 - app.routes.websocket - INFO - WebSocket connection established
2025-02-23 23:50:01,269 - app.routes.websocket - ERROR - WebSocket error: User does not have permission to perform the requested operation.(BadUserAccessDenied)
2025-02-23 23:50:06,274 - app.routes.websocket - INFO - WebSocket connection established
2025-02-23 23:50:06,276 - app.routes.websocket - ERROR - WebSocket error: User does not have permission to perform the requested operation.(BadUserAccessDenied)
2025-02-23 23:50:11,280 - app.routes.websocket - INFO - WebSocket connection established
2025-02-23 23:50:11,281 - app.routes.websocket - ERROR - WebSocket error: User does not have permission to perform the requested operation.(BadUserAccessDenied)
2025-02-23 23:50:16,286 - app.routes.websocket - INFO - WebSocket connection established
2025-02-23 23:50:16,288 - app.routes.websocket - ERROR - WebSocket error: User does not have permission to perform the requested operation.(BadUserAccessDenied)
2025-02-23 23:50:21,293 - app.routes.websocket - INFO - WebSocket connection established
2025-02-23 23:50:21,294 - app.routes.websocket - ERROR - WebSocket error: User does not have permission to perform the requested operation.(BadUserAccessDenied)
2025-02-23 23:50:26,298 - app.routes.websocket - INFO - WebSocket connection established
2025-02-23 23:50:26,299 - app.routes.websocket - ERROR - WebSocket error: User does not have permission to perform the requested operation.(BadUserAccessDenied)
2025-02-23 23:50:31,303 - app.routes.websocket - INFO - WebSocket connection established
2025-02-23 23:50:31,304 - app.routes.websocket - ERROR - WebSocket error: User does not have permission to perform the requested operation.(BadUserAccessDenied)
2025-02-23 23:50:36,308 - app.routes.websocket - INFO - WebSocket connection established
2025-02-23 23:50:36,310 - app.routes.websocket - ERROR - WebSocket error: User does not have permission to perform the requested operation.(BadUserAccessDenied)
2025-02-23 23:50:41,314 - app.routes.websocket - INFO - WebSocket connection established
2025-02-23 23:50:41,315 - app.routes.websocket - ERROR - WebSocket error: User does not have permission to perform the requested operation.(BadUserAccessDenied)
2025-02-23 23:50:46,321 - app.routes.websocket - INFO - WebSocket connection established
2025-02-23 23:50:46,322 - app.routes.websocket - ERROR - WebSocket error: User does not have permission to perform the requested operation.(BadUserAccessDenied)
2025-02-23 23:50:51,327 - app.routes.websocket - INFO - WebSocket connection established
2025-02-23 23:50:51,330 - app.routes.websocket - ERROR - WebSocket error: User does not have permission to perform the requested operation.(BadUserAccessDenied)
2025-02-23 23:50:56,335 - app.routes.websocket - INFO - WebSocket connection established
2025-02-23 23:50:56,337 - app.routes.websocket - ERROR - WebSocket error: User does not have permission to perform the requested operation.(BadUserAccessDenied)
2025-02-23 23:50:57,992 - app.utils.opcua_client - INFO - Disconnected from OPCUA server
2025-02-23 23:50:57,993 - app.main - INFO - Successfully disconnected from OPCUA server
