2025-02-24 11:19:35,228 - app.utils.opcua_client - INFO - Connecting to OPCUA server at opc.tcp://localhost:4841
2025-02-24 11:19:37,286 - app.utils.opcua_client - INFO - Connected to OPCUA server at opc.tcp://localhost:4841
2025-02-24 11:19:38,215 - app.routes.websocket - INFO - WebSocket connection established
2025-02-24 11:19:38,216 - app.utils.opcua_client - INFO - Connecting to OPCUA server at opc.tcp://localhost:4841
2025-02-24 11:19:40,288 - app.utils.opcua_client - INFO - Connected to OPCUA server at opc.tcp://localhost:4841
2025-02-24 11:19:40,295 - app.routes.websocket - ERROR - WebSocket error: User does not have permission to perform the requested operation.(BadUserAccessDenied)
2025-02-24 11:19:45,636 - app.routes.websocket - INFO - WebSocket connection established
2025-02-24 11:19:45,643 - app.routes.websocket - ERROR - WebSocket error: User does not have permission to perform the requested operation.(BadUserAccessDenied)
2025-02-24 11:19:50,963 - app.routes.websocket - INFO - WebSocket connection established
2025-02-24 11:19:50,968 - app.routes.websocket - ERROR - WebSocket error: User does not have permission to perform the requested operation.(BadUserAccessDenied)
2025-02-24 11:19:56,287 - app.routes.websocket - INFO - WebSocket connection established
2025-02-24 11:19:56,294 - app.routes.websocket - ERROR - WebSocket error: User does not have permission to perform the requested operation.(BadUserAccessDenied)
2025-02-24 11:20:01,625 - app.routes.websocket - INFO - WebSocket connection established
2025-02-24 11:20:01,630 - app.routes.websocket - ERROR - WebSocket error: User does not have permission to perform the requested operation.(BadUserAccessDenied)
2025-02-24 11:20:06,959 - app.routes.websocket - INFO - WebSocket connection established
2025-02-24 11:20:06,963 - app.routes.websocket - ERROR - WebSocket error: User does not have permission to perform the requested operation.(BadUserAccessDenied)
2025-02-24 11:20:12,289 - app.routes.websocket - INFO - WebSocket connection established
2025-02-24 11:20:12,293 - app.routes.websocket - ERROR - WebSocket error: User does not have permission to perform the requested operation.(BadUserAccessDenied)
2025-02-24 11:20:17,614 - app.routes.websocket - INFO - WebSocket connection established
2025-02-24 11:20:17,619 - app.routes.websocket - ERROR - WebSocket error: User does not have permission to perform the requested operation.(BadUserAccessDenied)
2025-02-24 11:20:22,948 - app.routes.websocket - INFO - WebSocket connection established
2025-02-24 11:20:22,953 - app.routes.websocket - ERROR - WebSocket error: User does not have permission to perform the requested operation.(BadUserAccessDenied)
2025-02-24 11:20:28,281 - app.routes.websocket - INFO - WebSocket connection established
2025-02-24 11:20:28,285 - app.routes.websocket - ERROR - WebSocket error: User does not have permission to perform the requested operation.(BadUserAccessDenied)
2025-02-24 11:20:33,615 - app.routes.websocket - INFO - WebSocket connection established
2025-02-24 11:20:33,619 - app.routes.websocket - ERROR - WebSocket error: User does not have permission to perform the requested operation.(BadUserAccessDenied)
2025-02-24 11:20:38,942 - app.routes.websocket - INFO - WebSocket connection established
2025-02-24 11:20:38,949 - app.routes.websocket - ERROR - WebSocket error: User does not have permission to perform the requested operation.(BadUserAccessDenied)
2025-02-24 11:20:44,277 - app.routes.websocket - INFO - WebSocket connection established
2025-02-24 11:20:44,281 - app.routes.websocket - ERROR - WebSocket error: User does not have permission to perform the requested operation.(BadUserAccessDenied)
2025-02-24 11:20:49,603 - app.routes.websocket - INFO - WebSocket connection established
2025-02-24 11:20:49,609 - app.routes.websocket - ERROR - WebSocket error: User does not have permission to perform the requested operation.(BadUserAccessDenied)
2025-02-24 11:20:54,930 - app.routes.websocket - INFO - WebSocket connection established
2025-02-24 11:20:54,936 - app.routes.websocket - ERROR - WebSocket error: User does not have permission to perform the requested operation.(BadUserAccessDenied)
2025-02-24 11:21:00,257 - app.routes.websocket - INFO - WebSocket connection established
2025-02-24 11:21:00,260 - app.routes.websocket - ERROR - WebSocket error: User does not have permission to perform the requested operation.(BadUserAccessDenied)
2025-02-24 11:21:05,583 - app.routes.websocket - INFO - WebSocket connection established
2025-02-24 11:21:05,589 - app.routes.websocket - ERROR - WebSocket error: User does not have permission to perform the requested operation.(BadUserAccessDenied)
2025-02-24 11:21:05,926 - app.utils.opcua_client - INFO - Disconnected from OPCUA server
