2025-02-25 23:15:49,913 - app.utils.opcua_client - INFO - Connecting to OPCUA server at opc.tcp://localhost:4841
2025-02-25 23:15:49,917 - app.utils.opcua_client - INFO - Connected to OPCUA server at opc.tcp://localhost:4841
2025-02-25 23:15:49,917 - app.main - INFO - Successfully connected to OPCUA server
2025-02-25 23:16:06,160 - app.utils.opcua_client - INFO - Connecting to OPCUA server at opc.tcp://localhost:4841
2025-02-25 23:16:06,163 - app.utils.opcua_client - INFO - Connected to OPCUA server at opc.tcp://localhost:4841
2025-02-25 23:16:06,164 - app.routes.config - INFO - Received config request: namespace_uri=example_namespace_uri_sadasdas, variables={'variable1': 123, 'variable2': 'example_value', 'variable3': True}
2025-02-25 23:16:06,165 - app.utils.opcua_client - INFO - Namespace index: 2
2025-02-25 23:16:06,165 - app.utils.opcua_client - INFO - Objects node: i=85
2025-02-25 23:16:06,166 - app.utils.opcua_client - ERROR - Error adding namespace and variables: User does not have permission to perform the requested operation.(BadUserAccessDenied)
2025-02-25 23:16:06,166 - app.routes.config - ERROR - Error adding configuration: User does not have permission to perform the requested operation.(BadUserAccessDenied)
2025-02-25 23:17:41,168 - app.routes.config - INFO - Received config request: namespace_uri=http://example.com/namespace, variables={'temperature': 25.5, 'pressure': 101.3, 'status': 'active'}
2025-02-25 23:17:41,169 - app.utils.opcua_client - INFO - Namespace index: 2
2025-02-25 23:17:41,169 - app.utils.opcua_client - INFO - Objects node: i=85
2025-02-25 23:17:41,170 - app.utils.opcua_client - ERROR - Error adding namespace and variables: User does not have permission to perform the requested operation.(BadUserAccessDenied)
2025-02-25 23:17:41,170 - app.routes.config - ERROR - Error adding configuration: User does not have permission to perform the requested operation.(BadUserAccessDenied)
2025-02-25 23:18:44,383 - app.routes.config - INFO - Received config request: namespace_uri=http://example.com/namespace, variables={'temperature': 25.5, 'pressure': 101.3, 'status': 'active'}
2025-02-25 23:18:44,385 - app.utils.opcua_client - INFO - Namespace index: 2
2025-02-25 23:18:44,385 - app.utils.opcua_client - INFO - Objects node: i=85
2025-02-25 23:18:44,386 - app.utils.opcua_client - ERROR - Error adding namespace and variables: User does not have permission to perform the requested operation.(BadUserAccessDenied)
2025-02-25 23:18:44,386 - app.routes.config - ERROR - Error adding configuration: User does not have permission to perform the requested operation.(BadUserAccessDenied)
