2025-02-23 23:44:06,859 - app.utils.opcua_client - INFO - Connecting to OPCUA server at opc.tcp://localhost:4840
2025-02-23 23:44:06,864 - app.utils.opcua_client - INFO - Connected to OPCUA server at opc.tcp://localhost:4840
2025-02-23 23:44:06,864 - app.main - INFO - Successfully connected to OPCUA server
2025-02-23 23:44:09,773 - app.routes.websocket - INFO - WebSocket connection established
2025-02-23 23:44:09,773 - app.utils.opcua_client - INFO - Connecting to OPCUA server at opc.tcp://localhost:4840
2025-02-23 23:44:09,775 - app.utils.opcua_client - INFO - Connected to OPCUA server at opc.tcp://localhost:4840
2025-02-23 23:44:09,776 - app.routes.websocket - ERROR - WebSocket error: User does not have permission to perform the requested operation.(BadUserAccessDenied)
2025-02-23 23:44:14,780 - app.routes.websocket - INFO - WebSocket connection established
2025-02-23 23:44:14,782 - app.routes.websocket - ERROR - WebSocket error: User does not have permission to perform the requested operation.(BadUserAccessDenied)
2025-02-23 23:44:19,787 - app.routes.websocket - INFO - WebSocket connection established
2025-02-23 23:44:19,791 - app.routes.websocket - ERROR - WebSocket error: User does not have permission to perform the requested operation.(BadUserAccessDenied)
2025-02-23 23:44:21,182 - app.routes.websocket - INFO - WebSocket connection established
2025-02-23 23:44:21,188 - app.utils.opcua_client - ERROR - Error getting namespace index: 'NoneType' object has no attribute 'get_namespace_index'
2025-02-23 23:44:21,189 - app.routes.data - ERROR - Error retrieving data: 'NoneType' object has no attribute 'get_namespace_index'
2025-02-23 23:44:21,191 - app.utils.opcua_client - ERROR - Error getting namespace index: 'NoneType' object has no attribute 'get_namespace_index'
2025-02-23 23:44:21,192 - app.routes.data - ERROR - Error retrieving data: 'NoneType' object has no attribute 'get_namespace_index'
2025-02-23 23:44:21,194 - app.routes.websocket - ERROR - WebSocket error: User does not have permission to perform the requested operation.(BadUserAccessDenied)
2025-02-23 23:44:26,181 - app.routes.websocket - INFO - WebSocket connection established
2025-02-23 23:44:26,184 - app.routes.websocket - ERROR - WebSocket error: User does not have permission to perform the requested operation.(BadUserAccessDenied)
2025-02-23 23:44:26,202 - app.routes.websocket - INFO - WebSocket connection established
2025-02-23 23:44:26,204 - app.routes.websocket - ERROR - WebSocket error: User does not have permission to perform the requested operation.(BadUserAccessDenied)
2025-02-23 23:44:31,188 - app.routes.websocket - INFO - WebSocket connection established
2025-02-23 23:44:31,190 - app.routes.websocket - ERROR - WebSocket error: User does not have permission to perform the requested operation.(BadUserAccessDenied)
2025-02-23 23:44:31,209 - app.routes.websocket - INFO - WebSocket connection established
2025-02-23 23:44:31,210 - app.routes.websocket - ERROR - WebSocket error: User does not have permission to perform the requested operation.(BadUserAccessDenied)
2025-02-23 23:44:36,194 - app.routes.websocket - INFO - WebSocket connection established
2025-02-23 23:44:36,196 - app.routes.websocket - ERROR - WebSocket error: User does not have permission to perform the requested operation.(BadUserAccessDenied)
2025-02-23 23:44:36,214 - app.routes.websocket - INFO - WebSocket connection established
2025-02-23 23:44:36,215 - app.routes.websocket - ERROR - WebSocket error: User does not have permission to perform the requested operation.(BadUserAccessDenied)
2025-02-23 23:44:41,200 - app.routes.websocket - INFO - WebSocket connection established
2025-02-23 23:44:41,201 - app.routes.websocket - ERROR - WebSocket error: User does not have permission to perform the requested operation.(BadUserAccessDenied)
2025-02-23 23:44:41,220 - app.routes.websocket - INFO - WebSocket connection established
2025-02-23 23:44:41,221 - app.routes.websocket - ERROR - WebSocket error: User does not have permission to perform the requested operation.(BadUserAccessDenied)
2025-02-23 23:44:46,205 - app.routes.websocket - INFO - WebSocket connection established
2025-02-23 23:44:46,207 - app.routes.websocket - ERROR - WebSocket error: User does not have permission to perform the requested operation.(BadUserAccessDenied)
2025-02-23 23:44:46,225 - app.routes.websocket - INFO - WebSocket connection established
2025-02-23 23:44:46,227 - app.routes.websocket - ERROR - WebSocket error: User does not have permission to perform the requested operation.(BadUserAccessDenied)
2025-02-23 23:44:51,210 - app.routes.websocket - INFO - WebSocket connection established
2025-02-23 23:44:51,212 - app.routes.websocket - ERROR - WebSocket error: User does not have permission to perform the requested operation.(BadUserAccessDenied)
2025-02-23 23:44:51,230 - app.routes.websocket - INFO - WebSocket connection established
2025-02-23 23:44:51,232 - app.routes.websocket - ERROR - WebSocket error: User does not have permission to perform the requested operation.(BadUserAccessDenied)
2025-02-23 23:44:56,217 - app.routes.websocket - INFO - WebSocket connection established
2025-02-23 23:44:56,219 - app.routes.websocket - ERROR - WebSocket error: User does not have permission to perform the requested operation.(BadUserAccessDenied)
2025-02-23 23:44:56,237 - app.routes.websocket - INFO - WebSocket connection established
2025-02-23 23:44:56,239 - app.routes.websocket - ERROR - WebSocket error: User does not have permission to perform the requested operation.(BadUserAccessDenied)
2025-02-23 23:45:01,222 - app.routes.websocket - INFO - WebSocket connection established
2025-02-23 23:45:01,223 - app.routes.websocket - ERROR - WebSocket error: User does not have permission to perform the requested operation.(BadUserAccessDenied)
2025-02-23 23:45:01,243 - app.routes.websocket - INFO - WebSocket connection established
2025-02-23 23:45:01,245 - app.routes.websocket - ERROR - WebSocket error: User does not have permission to perform the requested operation.(BadUserAccessDenied)
2025-02-23 23:45:06,230 - app.routes.websocket - INFO - WebSocket connection established
2025-02-23 23:45:06,235 - app.routes.websocket - ERROR - WebSocket error: User does not have permission to perform the requested operation.(BadUserAccessDenied)
2025-02-23 23:45:06,249 - app.routes.websocket - INFO - WebSocket connection established
2025-02-23 23:45:06,252 - app.routes.websocket - ERROR - WebSocket error: User does not have permission to perform the requested operation.(BadUserAccessDenied)
2025-02-23 23:45:10,912 - app.utils.opcua_client - INFO - Disconnected from OPCUA server
2025-02-23 23:45:10,912 - app.main - INFO - Successfully disconnected from OPCUA server
