2025-02-24 11:31:39,668 - app.utils.opcua_client - INFO - Connecting to OPCUA server at opc.tcp://localhost:4841
2025-02-24 11:31:41,695 - app.utils.opcua_client - INFO - Connected to OPCUA server at opc.tcp://localhost:4841
2025-02-24 11:31:41,696 - app.main - INFO - Successfully connected to OPCUA server
2025-02-24 11:31:42,206 - app.routes.websocket - INFO - WebSocket connection established
2025-02-24 11:31:42,207 - app.utils.opcua_client - INFO - Connecting to OPCUA server at opc.tcp://localhost:4841
2025-02-24 11:31:44,266 - app.utils.opcua_client - INFO - Connected to OPCUA server at opc.tcp://localhost:4841
2025-02-24 11:31:44,276 - app.routes.websocket - ERROR - WebSocket error: User does not have permission to perform the requested operation.(BadUserAccessDenied)
2025-02-24 11:31:49,601 - app.routes.websocket - INFO - WebSocket connection established
2025-02-24 11:31:49,609 - app.routes.websocket - ERROR - WebSocket error: User does not have permission to perform the requested operation.(BadUserAccessDenied)
2025-02-24 11:31:54,933 - app.routes.websocket - INFO - WebSocket connection established
2025-02-24 11:31:54,938 - app.routes.websocket - ERROR - WebSocket error: User does not have permission to perform the requested operation.(BadUserAccessDenied)
2025-02-24 11:32:00,273 - app.routes.websocket - INFO - WebSocket connection established
2025-02-24 11:32:00,279 - app.routes.websocket - ERROR - WebSocket error: User does not have permission to perform the requested operation.(BadUserAccessDenied)
2025-02-24 11:32:05,605 - app.routes.websocket - INFO - WebSocket connection established
2025-02-24 11:32:05,610 - app.routes.websocket - ERROR - WebSocket error: User does not have permission to perform the requested operation.(BadUserAccessDenied)
2025-02-24 11:32:10,942 - app.routes.websocket - INFO - WebSocket connection established
2025-02-24 11:32:10,950 - app.routes.websocket - ERROR - WebSocket error: User does not have permission to perform the requested operation.(BadUserAccessDenied)
2025-02-24 11:32:16,273 - app.routes.websocket - INFO - WebSocket connection established
2025-02-24 11:32:16,281 - app.routes.websocket - ERROR - WebSocket error: User does not have permission to perform the requested operation.(BadUserAccessDenied)
2025-02-24 11:32:21,611 - app.routes.websocket - INFO - WebSocket connection established
2025-02-24 11:32:21,618 - app.routes.websocket - ERROR - WebSocket error: User does not have permission to perform the requested operation.(BadUserAccessDenied)
2025-02-24 11:32:26,944 - app.routes.websocket - INFO - WebSocket connection established
2025-02-24 11:32:26,947 - app.routes.websocket - ERROR - WebSocket error: User does not have permission to perform the requested operation.(BadUserAccessDenied)
2025-02-24 11:32:32,280 - app.routes.websocket - INFO - WebSocket connection established
2025-02-24 11:32:32,287 - app.routes.websocket - ERROR - WebSocket error: User does not have permission to perform the requested operation.(BadUserAccessDenied)
2025-02-24 11:32:37,608 - app.routes.websocket - INFO - WebSocket connection established
2025-02-24 11:32:37,616 - app.routes.websocket - ERROR - WebSocket error: User does not have permission to perform the requested operation.(BadUserAccessDenied)
2025-02-24 11:32:42,931 - app.routes.websocket - INFO - WebSocket connection established
2025-02-24 11:32:42,936 - app.routes.websocket - ERROR - WebSocket error: User does not have permission to perform the requested operation.(BadUserAccessDenied)
2025-02-24 11:32:48,266 - app.routes.websocket - INFO - WebSocket connection established
2025-02-24 11:32:48,270 - app.routes.websocket - ERROR - WebSocket error: User does not have permission to perform the requested operation.(BadUserAccessDenied)
2025-02-24 11:32:53,594 - app.routes.websocket - INFO - WebSocket connection established
2025-02-24 11:32:53,601 - app.routes.websocket - ERROR - WebSocket error: User does not have permission to perform the requested operation.(BadUserAccessDenied)
2025-02-24 11:32:58,922 - app.routes.websocket - INFO - WebSocket connection established
2025-02-24 11:32:58,927 - app.routes.websocket - ERROR - WebSocket error: User does not have permission to perform the requested operation.(BadUserAccessDenied)
2025-02-24 11:33:04,257 - app.routes.websocket - INFO - WebSocket connection established
2025-02-24 11:33:04,265 - app.routes.websocket - ERROR - WebSocket error: User does not have permission to perform the requested operation.(BadUserAccessDenied)
2025-02-24 11:33:09,595 - app.routes.websocket - INFO - WebSocket connection established
2025-02-24 11:33:09,598 - app.routes.websocket - ERROR - WebSocket error: User does not have permission to perform the requested operation.(BadUserAccessDenied)
2025-02-24 11:33:14,929 - app.routes.websocket - INFO - WebSocket connection established
2025-02-24 11:33:14,937 - app.routes.websocket - ERROR - WebSocket error: User does not have permission to perform the requested operation.(BadUserAccessDenied)
2025-02-24 11:33:20,257 - app.routes.websocket - INFO - WebSocket connection established
2025-02-24 11:33:20,264 - app.routes.websocket - ERROR - WebSocket error: User does not have permission to perform the requested operation.(BadUserAccessDenied)
2025-02-24 11:33:25,592 - app.routes.websocket - INFO - WebSocket connection established
2025-02-24 11:33:25,595 - app.routes.websocket - ERROR - WebSocket error: User does not have permission to perform the requested operation.(BadUserAccessDenied)
2025-02-24 11:33:30,922 - app.routes.websocket - INFO - WebSocket connection established
2025-02-24 11:33:30,925 - app.routes.websocket - ERROR - WebSocket error: User does not have permission to perform the requested operation.(BadUserAccessDenied)
2025-02-24 11:33:36,244 - app.routes.websocket - INFO - WebSocket connection established
2025-02-24 11:33:36,248 - app.routes.websocket - ERROR - WebSocket error: User does not have permission to perform the requested operation.(BadUserAccessDenied)
2025-02-24 11:33:41,579 - app.routes.websocket - INFO - WebSocket connection established
2025-02-24 11:33:41,583 - app.routes.websocket - ERROR - WebSocket error: User does not have permission to perform the requested operation.(BadUserAccessDenied)
2025-02-24 11:33:46,912 - app.routes.websocket - INFO - WebSocket connection established
2025-02-24 11:33:46,915 - app.routes.websocket - ERROR - WebSocket error: User does not have permission to perform the requested operation.(BadUserAccessDenied)
2025-02-24 11:33:52,237 - app.routes.websocket - INFO - WebSocket connection established
2025-02-24 11:33:52,240 - app.routes.websocket - ERROR - WebSocket error: User does not have permission to perform the requested operation.(BadUserAccessDenied)
2025-02-24 11:33:57,564 - app.routes.websocket - INFO - WebSocket connection established
2025-02-24 11:33:57,572 - app.routes.websocket - ERROR - WebSocket error: User does not have permission to perform the requested operation.(BadUserAccessDenied)
2025-02-24 11:34:02,888 - app.routes.websocket - INFO - WebSocket connection established
2025-02-24 11:34:02,897 - app.routes.websocket - ERROR - WebSocket error: User does not have permission to perform the requested operation.(BadUserAccessDenied)
2025-02-24 11:34:08,218 - app.routes.websocket - INFO - WebSocket connection established
2025-02-24 11:34:08,222 - app.routes.websocket - ERROR - WebSocket error: User does not have permission to perform the requested operation.(BadUserAccessDenied)
2025-02-24 11:34:13,542 - app.routes.websocket - INFO - WebSocket connection established
2025-02-24 11:34:13,547 - app.routes.websocket - ERROR - WebSocket error: User does not have permission to perform the requested operation.(BadUserAccessDenied)
2025-02-24 11:34:18,876 - app.routes.websocket - INFO - WebSocket connection established
2025-02-24 11:34:18,881 - app.routes.websocket - ERROR - WebSocket error: User does not have permission to perform the requested operation.(BadUserAccessDenied)
2025-02-24 11:34:24,208 - app.routes.websocket - INFO - WebSocket connection established
2025-02-24 11:34:24,213 - app.routes.websocket - ERROR - WebSocket error: User does not have permission to perform the requested operation.(BadUserAccessDenied)
2025-02-24 11:34:29,544 - app.routes.websocket - INFO - WebSocket connection established
2025-02-24 11:34:29,552 - app.routes.websocket - ERROR - WebSocket error: User does not have permission to perform the requested operation.(BadUserAccessDenied)
2025-02-24 11:34:34,876 - app.routes.websocket - INFO - WebSocket connection established
2025-02-24 11:34:34,884 - app.routes.websocket - ERROR - WebSocket error: User does not have permission to perform the requested operation.(BadUserAccessDenied)
2025-02-24 11:34:40,211 - app.routes.websocket - INFO - WebSocket connection established
2025-02-24 11:34:40,218 - app.routes.websocket - ERROR - WebSocket error: User does not have permission to perform the requested operation.(BadUserAccessDenied)
2025-02-24 11:34:45,549 - app.routes.websocket - INFO - WebSocket connection established
2025-02-24 11:34:45,553 - app.routes.websocket - ERROR - WebSocket error: User does not have permission to perform the requested operation.(BadUserAccessDenied)
2025-02-24 11:34:50,875 - app.routes.websocket - INFO - WebSocket connection established
2025-02-24 11:34:50,882 - app.routes.websocket - ERROR - WebSocket error: User does not have permission to perform the requested operation.(BadUserAccessDenied)
2025-02-24 11:34:56,207 - app.routes.websocket - INFO - WebSocket connection established
2025-02-24 11:34:56,214 - app.routes.websocket - ERROR - WebSocket error: User does not have permission to perform the requested operation.(BadUserAccessDenied)
2025-02-24 11:35:01,547 - app.routes.websocket - INFO - WebSocket connection established
2025-02-24 11:35:01,552 - app.routes.websocket - ERROR - WebSocket error: User does not have permission to perform the requested operation.(BadUserAccessDenied)
2025-02-24 11:35:06,874 - app.routes.websocket - INFO - WebSocket connection established
2025-02-24 11:35:06,877 - app.routes.websocket - ERROR - WebSocket error: User does not have permission to perform the requested operation.(BadUserAccessDenied)
2025-02-24 11:35:12,209 - app.routes.websocket - INFO - WebSocket connection established
2025-02-24 11:35:12,214 - app.routes.websocket - ERROR - WebSocket error: User does not have permission to perform the requested operation.(BadUserAccessDenied)
2025-02-24 11:35:17,543 - app.routes.websocket - INFO - WebSocket connection established
2025-02-24 11:35:17,551 - app.routes.websocket - ERROR - WebSocket error: User does not have permission to perform the requested operation.(BadUserAccessDenied)
2025-02-24 11:35:22,877 - app.routes.websocket - INFO - WebSocket connection established
2025-02-24 11:35:26,897 - app.utils.opcua_client - ERROR - Error getting namespace index: Connection is closed
2025-02-24 11:35:26,897 - app.routes.websocket - ERROR - WebSocket error: Connection is closed
2025-02-24 11:35:32,221 - app.routes.websocket - INFO - WebSocket connection established
2025-02-24 11:35:32,222 - app.utils.opcua_client - ERROR - Error getting namespace index: Connection is closed
2025-02-24 11:35:32,223 - app.routes.websocket - ERROR - WebSocket error: Connection is closed
2025-02-24 11:35:37,544 - app.routes.websocket - INFO - WebSocket connection established
2025-02-24 11:35:37,544 - app.utils.opcua_client - ERROR - Error getting namespace index: Connection is closed
2025-02-24 11:35:37,545 - app.routes.websocket - ERROR - WebSocket error: Connection is closed
2025-02-24 11:35:42,873 - app.routes.websocket - INFO - WebSocket connection established
2025-02-24 11:35:42,874 - app.utils.opcua_client - ERROR - Error getting namespace index: Connection is closed
2025-02-24 11:35:42,875 - app.routes.websocket - ERROR - WebSocket error: Connection is closed
2025-02-24 11:35:43,359 - app.utils.opcua_client - INFO - Disconnected from OPCUA server
2025-02-24 11:35:43,359 - app.main - INFO - Successfully disconnected from OPCUA server
