2025-02-24 13:28:43,898 - app.utils.opcua_client - INFO - Connecting to OPCUA server at opc.tcp://localhost:4841
2025-02-24 13:28:45,927 - app.utils.opcua_client - INFO - Connected to OPCUA server at opc.tcp://localhost:4841
2025-02-24 13:28:45,928 - app.main - INFO - Successfully connected to OPCUA server
2025-02-24 13:28:47,591 - app.routes.websocket - INFO - WebSocket connection established
2025-02-24 13:28:47,592 - app.utils.opcua_client - INFO - Connecting to OPCUA server at opc.tcp://localhost:4841
2025-02-24 13:28:49,623 - app.utils.opcua_client - INFO - Connected to OPCUA server at opc.tcp://localhost:4841
2025-02-24 13:28:49,629 - app.utils.opcua_client - INFO - Created OPCUA subscription
2025-02-24 13:28:50,148 - app.routes.websocket - ERROR - Error in datachange_notification: 'int' object has no attribute 'Value'
2025-02-24 13:28:50,150 - app.routes.websocket - ERROR - Error in datachange_notification: 'str' object has no attribute 'Value'
2025-02-24 13:28:50,151 - app.routes.websocket - ERROR - Error in datachange_notification: 'float' object has no attribute 'Value'
2025-02-24 13:28:50,643 - app.routes.websocket - ERROR - Error in datachange_notification: 'float' object has no attribute 'Value'
2025-02-24 13:28:51,643 - app.routes.websocket - ERROR - Error in datachange_notification: 'float' object has no attribute 'Value'
2025-02-24 13:28:52,638 - app.routes.websocket - ERROR - Error in datachange_notification: 'float' object has no attribute 'Value'
2025-02-24 13:28:53,623 - app.routes.websocket - ERROR - Error in datachange_notification: 'float' object has no attribute 'Value'
2025-02-24 13:28:54,619 - app.routes.websocket - ERROR - Error in datachange_notification: 'float' object has no attribute 'Value'
2025-02-24 13:28:55,633 - app.routes.websocket - ERROR - Error in datachange_notification: 'float' object has no attribute 'Value'
2025-02-24 13:28:56,646 - app.routes.websocket - ERROR - Error in datachange_notification: 'float' object has no attribute 'Value'
2025-02-24 13:28:57,645 - app.routes.websocket - ERROR - Error in datachange_notification: 'float' object has no attribute 'Value'
2025-02-24 13:28:58,640 - app.routes.websocket - ERROR - Error in datachange_notification: 'float' object has no attribute 'Value'
2025-02-24 13:28:59,640 - app.routes.websocket - ERROR - Error in datachange_notification: 'float' object has no attribute 'Value'
2025-02-24 13:29:00,636 - app.routes.websocket - ERROR - Error in datachange_notification: 'float' object has no attribute 'Value'
2025-02-24 13:29:01,620 - app.routes.websocket - ERROR - Error in datachange_notification: 'float' object has no attribute 'Value'
2025-02-24 13:29:02,618 - app.routes.websocket - ERROR - Error in datachange_notification: 'float' object has no attribute 'Value'
2025-02-24 13:29:03,627 - app.routes.websocket - ERROR - Error in datachange_notification: 'float' object has no attribute 'Value'
2025-02-24 13:29:04,644 - app.routes.websocket - ERROR - Error in datachange_notification: 'float' object has no attribute 'Value'
2025-02-24 13:29:05,639 - app.routes.websocket - ERROR - Error in datachange_notification: 'float' object has no attribute 'Value'
2025-02-24 13:29:06,639 - app.routes.websocket - ERROR - Error in datachange_notification: 'float' object has no attribute 'Value'
2025-02-24 13:29:07,632 - app.routes.websocket - ERROR - Error in datachange_notification: 'float' object has no attribute 'Value'
2025-02-24 13:29:09,144 - app.routes.websocket - ERROR - Error in datachange_notification: 'float' object has no attribute 'Value'
2025-02-24 13:29:09,639 - app.routes.websocket - ERROR - Error in datachange_notification: 'float' object has no attribute 'Value'
2025-02-24 13:29:11,138 - app.routes.websocket - ERROR - Error in datachange_notification: 'float' object has no attribute 'Value'
2025-02-24 13:29:12,150 - app.routes.websocket - ERROR - Error in datachange_notification: 'float' object has no attribute 'Value'
2025-02-24 13:29:13,132 - app.routes.websocket - ERROR - Error in datachange_notification: 'float' object has no attribute 'Value'
2025-02-24 13:29:13,647 - app.routes.websocket - ERROR - Error in datachange_notification: 'float' object has no attribute 'Value'
2025-02-24 13:29:15,145 - app.routes.websocket - ERROR - Error in datachange_notification: 'float' object has no attribute 'Value'
2025-02-24 13:29:16,126 - app.routes.websocket - ERROR - Error in datachange_notification: 'float' object has no attribute 'Value'
2025-02-24 13:29:17,124 - app.routes.websocket - ERROR - Error in datachange_notification: 'float' object has no attribute 'Value'
2025-02-24 13:29:18,134 - app.routes.websocket - ERROR - Error in datachange_notification: 'float' object has no attribute 'Value'
2025-02-24 13:29:19,145 - app.routes.websocket - ERROR - Error in datachange_notification: 'float' object has no attribute 'Value'
2025-02-24 13:29:20,129 - app.routes.websocket - ERROR - Error in datachange_notification: 'float' object has no attribute 'Value'
2025-02-24 13:29:21,128 - app.routes.websocket - ERROR - Error in datachange_notification: 'float' object has no attribute 'Value'
2025-02-24 13:29:22,132 - app.routes.websocket - ERROR - Error in datachange_notification: 'float' object has no attribute 'Value'
2025-02-24 13:29:23,132 - app.routes.websocket - ERROR - Error in datachange_notification: 'float' object has no attribute 'Value'
2025-02-24 13:29:24,131 - app.routes.websocket - ERROR - Error in datachange_notification: 'float' object has no attribute 'Value'
2025-02-24 13:29:25,129 - app.routes.websocket - ERROR - Error in datachange_notification: 'float' object has no attribute 'Value'
2025-02-24 13:29:25,632 - app.routes.websocket - ERROR - Error in datachange_notification: 'float' object has no attribute 'Value'
2025-02-24 13:29:27,146 - app.routes.websocket - ERROR - Error in datachange_notification: 'float' object has no attribute 'Value'
2025-02-24 13:29:27,647 - app.routes.websocket - ERROR - Error in datachange_notification: 'float' object has no attribute 'Value'
2025-02-24 13:29:29,130 - app.routes.websocket - ERROR - Error in datachange_notification: 'float' object has no attribute 'Value'
2025-02-24 13:29:30,137 - app.routes.websocket - ERROR - Error in datachange_notification: 'float' object has no attribute 'Value'
2025-02-24 13:29:31,148 - app.routes.websocket - ERROR - Error in datachange_notification: 'float' object has no attribute 'Value'
2025-02-24 13:29:32,134 - app.routes.websocket - ERROR - Error in datachange_notification: 'float' object has no attribute 'Value'
2025-02-24 13:29:33,143 - app.routes.websocket - ERROR - Error in datachange_notification: 'float' object has no attribute 'Value'
2025-02-24 13:29:33,643 - app.routes.websocket - ERROR - Error in datachange_notification: 'float' object has no attribute 'Value'
2025-02-24 13:29:35,134 - app.routes.websocket - ERROR - Error in datachange_notification: 'float' object has no attribute 'Value'
2025-02-24 13:29:36,147 - app.routes.websocket - ERROR - Error in datachange_notification: 'float' object has no attribute 'Value'
2025-02-24 13:29:37,140 - app.routes.websocket - ERROR - Error in datachange_notification: 'float' object has no attribute 'Value'
2025-02-24 13:29:38,140 - app.routes.websocket - ERROR - Error in datachange_notification: 'float' object has no attribute 'Value'
2025-02-24 13:29:39,144 - app.routes.websocket - ERROR - Error in datachange_notification: 'float' object has no attribute 'Value'
2025-02-24 13:29:40,137 - app.routes.websocket - ERROR - Error in datachange_notification: 'float' object has no attribute 'Value'
2025-02-24 13:29:41,141 - app.routes.websocket - ERROR - Error in datachange_notification: 'float' object has no attribute 'Value'
2025-02-24 13:29:42,127 - app.routes.websocket - ERROR - Error in datachange_notification: 'float' object has no attribute 'Value'
2025-02-24 13:29:43,140 - app.routes.websocket - ERROR - Error in datachange_notification: 'float' object has no attribute 'Value'
2025-02-24 13:29:44,119 - app.routes.websocket - ERROR - Error in datachange_notification: 'float' object has no attribute 'Value'
2025-02-24 13:29:45,118 - app.routes.websocket - ERROR - Error in datachange_notification: 'float' object has no attribute 'Value'
2025-02-24 13:29:46,113 - app.routes.websocket - ERROR - Error in datachange_notification: 'float' object has no attribute 'Value'
2025-02-24 13:29:47,139 - app.routes.websocket - ERROR - Error in datachange_notification: 'float' object has no attribute 'Value'
2025-02-24 13:29:48,120 - app.routes.websocket - ERROR - Error in datachange_notification: 'float' object has no attribute 'Value'
2025-02-24 13:29:49,133 - app.routes.websocket - ERROR - Error in datachange_notification: 'float' object has no attribute 'Value'
2025-02-24 13:29:50,132 - app.routes.websocket - ERROR - Error in datachange_notification: 'float' object has no attribute 'Value'
2025-02-24 13:29:51,131 - app.routes.websocket - ERROR - Error in datachange_notification: 'float' object has no attribute 'Value'
2025-02-24 13:29:52,145 - app.routes.websocket - ERROR - Error in datachange_notification: 'float' object has no attribute 'Value'
2025-02-24 13:29:52,465 - app.utils.opcua_client - INFO - Disconnected from OPCUA server
2025-02-24 13:29:52,466 - app.main - INFO - Successfully disconnected from OPCUA server
