2025-02-23 23:45:19,910 - app.utils.opcua_client - INFO - Connecting to OPCUA server at opc.tcp://localhost:4840
2025-02-23 23:45:19,914 - app.utils.opcua_client - INFO - Connected to OPCUA server at opc.tcp://localhost:4840
2025-02-23 23:45:19,914 - app.main - INFO - Successfully connected to OPCUA server
2025-02-23 23:45:21,254 - app.routes.websocket - INFO - WebSocket connection established
2025-02-23 23:45:21,254 - app.utils.opcua_client - INFO - Connecting to OPCUA server at opc.tcp://localhost:4840
2025-02-23 23:45:21,256 - app.utils.opcua_client - INFO - Connected to OPCUA server at opc.tcp://localhost:4840
2025-02-23 23:45:21,258 - app.routes.websocket - ERROR - WebSocket error: User does not have permission to perform the requested operation.(BadUserAccessDenied)
2025-02-23 23:45:21,266 - app.routes.websocket - INFO - WebSocket connection established
2025-02-23 23:45:21,268 - app.routes.websocket - ERROR - WebSocket error: User does not have permission to perform the requested operation.(BadUserAccessDenied)
2025-02-23 23:45:26,262 - app.routes.websocket - INFO - WebSocket connection established
2025-02-23 23:45:26,263 - app.routes.websocket - ERROR - WebSocket error: User does not have permission to perform the requested operation.(BadUserAccessDenied)
2025-02-23 23:45:26,274 - app.routes.websocket - INFO - WebSocket connection established
2025-02-23 23:45:26,276 - app.routes.websocket - ERROR - WebSocket error: User does not have permission to perform the requested operation.(BadUserAccessDenied)
2025-02-23 23:45:31,267 - app.routes.websocket - INFO - WebSocket connection established
2025-02-23 23:45:31,268 - app.routes.websocket - ERROR - WebSocket error: User does not have permission to perform the requested operation.(BadUserAccessDenied)
2025-02-23 23:45:31,280 - app.routes.websocket - INFO - WebSocket connection established
2025-02-23 23:45:31,281 - app.routes.websocket - ERROR - WebSocket error: User does not have permission to perform the requested operation.(BadUserAccessDenied)
2025-02-23 23:45:36,272 - app.routes.websocket - INFO - WebSocket connection established
2025-02-23 23:45:36,275 - app.routes.websocket - ERROR - WebSocket error: User does not have permission to perform the requested operation.(BadUserAccessDenied)
2025-02-23 23:45:36,284 - app.routes.websocket - INFO - WebSocket connection established
2025-02-23 23:45:36,285 - app.routes.websocket - ERROR - WebSocket error: User does not have permission to perform the requested operation.(BadUserAccessDenied)
2025-02-23 23:45:41,280 - app.routes.websocket - INFO - WebSocket connection established
2025-02-23 23:45:41,283 - app.routes.websocket - ERROR - WebSocket error: User does not have permission to perform the requested operation.(BadUserAccessDenied)
2025-02-23 23:45:41,293 - app.routes.websocket - INFO - WebSocket connection established
2025-02-23 23:45:41,295 - app.routes.websocket - ERROR - WebSocket error: User does not have permission to perform the requested operation.(BadUserAccessDenied)
2025-02-23 23:45:46,290 - app.routes.websocket - INFO - WebSocket connection established
2025-02-23 23:45:46,294 - app.routes.websocket - ERROR - WebSocket error: User does not have permission to perform the requested operation.(BadUserAccessDenied)
2025-02-23 23:45:46,303 - app.routes.websocket - INFO - WebSocket connection established
2025-02-23 23:45:46,307 - app.routes.websocket - ERROR - WebSocket error: User does not have permission to perform the requested operation.(BadUserAccessDenied)
2025-02-23 23:45:51,300 - app.routes.websocket - INFO - WebSocket connection established
2025-02-23 23:45:51,302 - app.routes.websocket - ERROR - WebSocket error: User does not have permission to perform the requested operation.(BadUserAccessDenied)
2025-02-23 23:45:51,311 - app.routes.websocket - INFO - WebSocket connection established
2025-02-23 23:45:51,313 - app.routes.websocket - ERROR - WebSocket error: User does not have permission to perform the requested operation.(BadUserAccessDenied)
2025-02-23 23:45:56,306 - app.routes.websocket - INFO - WebSocket connection established
2025-02-23 23:45:56,308 - app.routes.websocket - ERROR - WebSocket error: User does not have permission to perform the requested operation.(BadUserAccessDenied)
2025-02-23 23:45:56,319 - app.routes.websocket - INFO - WebSocket connection established
2025-02-23 23:45:56,321 - app.routes.websocket - ERROR - WebSocket error: User does not have permission to perform the requested operation.(BadUserAccessDenied)
2025-02-23 23:46:01,313 - app.routes.websocket - INFO - WebSocket connection established
2025-02-23 23:46:01,315 - app.routes.websocket - ERROR - WebSocket error: User does not have permission to perform the requested operation.(BadUserAccessDenied)
2025-02-23 23:46:01,325 - app.routes.websocket - INFO - WebSocket connection established
2025-02-23 23:46:01,326 - app.routes.websocket - ERROR - WebSocket error: User does not have permission to perform the requested operation.(BadUserAccessDenied)
2025-02-23 23:46:06,322 - app.routes.websocket - INFO - WebSocket connection established
2025-02-23 23:46:06,327 - app.routes.websocket - ERROR - WebSocket error: User does not have permission to perform the requested operation.(BadUserAccessDenied)
2025-02-23 23:46:11,331 - app.routes.websocket - INFO - WebSocket connection established
2025-02-23 23:46:11,332 - app.routes.websocket - ERROR - WebSocket error: User does not have permission to perform the requested operation.(BadUserAccessDenied)
2025-02-23 23:46:16,338 - app.routes.websocket - INFO - WebSocket connection established
2025-02-23 23:46:16,342 - app.routes.websocket - ERROR - WebSocket error: User does not have permission to perform the requested operation.(BadUserAccessDenied)
2025-02-23 23:46:21,347 - app.routes.websocket - INFO - WebSocket connection established
2025-02-23 23:46:21,349 - app.routes.websocket - ERROR - WebSocket error: User does not have permission to perform the requested operation.(BadUserAccessDenied)
2025-02-23 23:46:26,353 - app.routes.websocket - INFO - WebSocket connection established
2025-02-23 23:46:26,356 - app.routes.websocket - ERROR - WebSocket error: User does not have permission to perform the requested operation.(BadUserAccessDenied)
2025-02-23 23:46:28,411 - app.utils.opcua_client - INFO - Disconnected from OPCUA server
2025-02-23 23:46:28,412 - app.main - INFO - Successfully disconnected from OPCUA server
