2025-02-24 11:27:16,197 - app.utils.opcua_client - INFO - Connecting to OPCUA server at opc.tcp://localhost:4841
2025-02-24 11:27:18,277 - app.utils.opcua_client - INFO - Connected to OPCUA server at opc.tcp://localhost:4841
2025-02-24 11:27:18,278 - app.main - INFO - Successfully connected to OPCUA server
2025-02-24 11:27:18,295 - app.routes.websocket - INFO - WebSocket connection established
2025-02-24 11:27:18,295 - app.utils.opcua_client - INFO - Connecting to OPCUA server at opc.tcp://localhost:4841
2025-02-24 11:27:20,343 - app.utils.opcua_client - INFO - Connected to OPCUA server at opc.tcp://localhost:4841
2025-02-24 11:27:20,349 - app.routes.websocket - ERROR - WebSocket error: User does not have permission to perform the requested operation.(BadUserAccessDenied)
2025-02-24 11:27:25,683 - app.routes.websocket - INFO - WebSocket connection established
2025-02-24 11:27:25,687 - app.routes.websocket - ERROR - WebSocket error: User does not have permission to perform the requested operation.(BadUserAccessDenied)
2025-02-24 11:27:31,013 - app.routes.websocket - INFO - WebSocket connection established
2025-02-24 11:27:31,017 - app.routes.websocket - ERROR - WebSocket error: User does not have permission to perform the requested operation.(BadUserAccessDenied)
2025-02-24 11:27:36,349 - app.routes.websocket - INFO - WebSocket connection established
2025-02-24 11:27:36,357 - app.routes.websocket - ERROR - WebSocket error: User does not have permission to perform the requested operation.(BadUserAccessDenied)
2025-02-24 11:27:41,679 - app.routes.websocket - INFO - WebSocket connection established
2025-02-24 11:27:41,684 - app.routes.websocket - ERROR - WebSocket error: User does not have permission to perform the requested operation.(BadUserAccessDenied)
2025-02-24 11:27:47,010 - app.routes.websocket - INFO - WebSocket connection established
2025-02-24 11:27:47,014 - app.routes.websocket - ERROR - WebSocket error: User does not have permission to perform the requested operation.(BadUserAccessDenied)
2025-02-24 11:27:52,331 - app.routes.websocket - INFO - WebSocket connection established
2025-02-24 11:27:52,339 - app.routes.websocket - ERROR - WebSocket error: User does not have permission to perform the requested operation.(BadUserAccessDenied)
2025-02-24 11:27:57,670 - app.routes.websocket - INFO - WebSocket connection established
2025-02-24 11:27:57,674 - app.routes.websocket - ERROR - WebSocket error: User does not have permission to perform the requested operation.(BadUserAccessDenied)
2025-02-24 11:28:02,993 - app.routes.websocket - INFO - WebSocket connection established
2025-02-24 11:28:02,998 - app.routes.websocket - ERROR - WebSocket error: User does not have permission to perform the requested operation.(BadUserAccessDenied)
2025-02-24 11:28:08,323 - app.routes.websocket - INFO - WebSocket connection established
2025-02-24 11:28:08,330 - app.routes.websocket - ERROR - WebSocket error: User does not have permission to perform the requested operation.(BadUserAccessDenied)
2025-02-24 11:28:13,649 - app.routes.websocket - INFO - WebSocket connection established
2025-02-24 11:28:13,653 - app.routes.websocket - ERROR - WebSocket error: User does not have permission to perform the requested operation.(BadUserAccessDenied)
2025-02-24 11:28:18,983 - app.routes.websocket - INFO - WebSocket connection established
2025-02-24 11:28:18,987 - app.routes.websocket - ERROR - WebSocket error: User does not have permission to perform the requested operation.(BadUserAccessDenied)
2025-02-24 11:28:24,312 - app.routes.websocket - INFO - WebSocket connection established
2025-02-24 11:28:24,316 - app.routes.websocket - ERROR - WebSocket error: User does not have permission to perform the requested operation.(BadUserAccessDenied)
2025-02-24 11:28:29,636 - app.routes.websocket - INFO - WebSocket connection established
2025-02-24 11:28:29,644 - app.routes.websocket - ERROR - WebSocket error: User does not have permission to perform the requested operation.(BadUserAccessDenied)
2025-02-24 11:28:34,977 - app.routes.websocket - INFO - WebSocket connection established
2025-02-24 11:28:34,984 - app.routes.websocket - ERROR - WebSocket error: User does not have permission to perform the requested operation.(BadUserAccessDenied)
2025-02-24 11:28:40,300 - app.routes.websocket - INFO - WebSocket connection established
2025-02-24 11:28:40,306 - app.routes.websocket - ERROR - WebSocket error: User does not have permission to perform the requested operation.(BadUserAccessDenied)
2025-02-24 11:28:45,629 - app.routes.websocket - INFO - WebSocket connection established
2025-02-24 11:28:45,633 - app.routes.websocket - ERROR - WebSocket error: User does not have permission to perform the requested operation.(BadUserAccessDenied)
2025-02-24 11:28:50,961 - app.routes.websocket - INFO - WebSocket connection established
2025-02-24 11:28:50,966 - app.routes.websocket - ERROR - WebSocket error: User does not have permission to perform the requested operation.(BadUserAccessDenied)
2025-02-24 11:28:56,296 - app.routes.websocket - INFO - WebSocket connection established
2025-02-24 11:28:56,302 - app.routes.websocket - ERROR - WebSocket error: User does not have permission to perform the requested operation.(BadUserAccessDenied)
2025-02-24 11:29:01,625 - app.routes.websocket - INFO - WebSocket connection established
2025-02-24 11:29:01,629 - app.routes.websocket - ERROR - WebSocket error: User does not have permission to perform the requested operation.(BadUserAccessDenied)
2025-02-24 11:29:06,957 - app.routes.websocket - INFO - WebSocket connection established
2025-02-24 11:29:10,972 - app.utils.opcua_client - ERROR - Error getting namespace index: Connection is closed
2025-02-24 11:29:10,973 - app.routes.websocket - ERROR - WebSocket error: Connection is closed
2025-02-24 11:29:16,308 - app.routes.websocket - INFO - WebSocket connection established
2025-02-24 11:29:16,309 - app.utils.opcua_client - ERROR - Error getting namespace index: Connection is closed
2025-02-24 11:29:16,310 - app.routes.websocket - ERROR - WebSocket error: Connection is closed
2025-02-24 11:29:21,645 - app.routes.websocket - INFO - WebSocket connection established
2025-02-24 11:29:21,645 - app.utils.opcua_client - ERROR - Error getting namespace index: Connection is closed
2025-02-24 11:29:21,647 - app.routes.websocket - ERROR - WebSocket error: Connection is closed
2025-02-24 11:29:26,975 - app.routes.websocket - INFO - WebSocket connection established
2025-02-24 11:29:26,976 - app.utils.opcua_client - ERROR - Error getting namespace index: Connection is closed
2025-02-24 11:29:26,976 - app.routes.websocket - ERROR - WebSocket error: Connection is closed
2025-02-24 11:29:32,297 - app.routes.websocket - INFO - WebSocket connection established
2025-02-24 11:29:32,298 - app.utils.opcua_client - ERROR - Error getting namespace index: Connection is closed
2025-02-24 11:29:32,298 - app.routes.websocket - ERROR - WebSocket error: Connection is closed
2025-02-24 11:29:37,618 - app.routes.websocket - INFO - WebSocket connection established
2025-02-24 11:29:37,618 - app.utils.opcua_client - ERROR - Error getting namespace index: Connection is closed
2025-02-24 11:29:37,619 - app.routes.websocket - ERROR - WebSocket error: Connection is closed
2025-02-24 11:29:42,944 - app.routes.websocket - INFO - WebSocket connection established
2025-02-24 11:29:42,945 - app.utils.opcua_client - ERROR - Error getting namespace index: Connection is closed
2025-02-24 11:29:42,945 - app.routes.websocket - ERROR - WebSocket error: Connection is closed
2025-02-24 11:29:48,274 - app.routes.websocket - INFO - WebSocket connection established
2025-02-24 11:29:48,275 - app.utils.opcua_client - ERROR - Error getting namespace index: Connection is closed
2025-02-24 11:29:48,276 - app.routes.websocket - ERROR - WebSocket error: Connection is closed
2025-02-24 11:29:53,601 - app.routes.websocket - INFO - WebSocket connection established
2025-02-24 11:29:53,602 - app.utils.opcua_client - ERROR - Error getting namespace index: Connection is closed
2025-02-24 11:29:53,603 - app.routes.websocket - ERROR - WebSocket error: Connection is closed
2025-02-24 11:29:58,929 - app.routes.websocket - INFO - WebSocket connection established
2025-02-24 11:29:58,930 - app.utils.opcua_client - ERROR - Error getting namespace index: Connection is closed
2025-02-24 11:29:58,930 - app.routes.websocket - ERROR - WebSocket error: Connection is closed
2025-02-24 11:30:04,250 - app.routes.websocket - INFO - WebSocket connection established
2025-02-24 11:30:04,250 - app.utils.opcua_client - ERROR - Error getting namespace index: Connection is closed
2025-02-24 11:30:04,250 - app.routes.websocket - ERROR - WebSocket error: Connection is closed
2025-02-24 11:30:09,572 - app.routes.websocket - INFO - WebSocket connection established
2025-02-24 11:30:09,572 - app.utils.opcua_client - ERROR - Error getting namespace index: Connection is closed
2025-02-24 11:30:09,573 - app.routes.websocket - ERROR - WebSocket error: Connection is closed
2025-02-24 11:30:14,905 - app.routes.websocket - INFO - WebSocket connection established
2025-02-24 11:30:14,905 - app.utils.opcua_client - ERROR - Error getting namespace index: Connection is closed
2025-02-24 11:30:14,906 - app.routes.websocket - ERROR - WebSocket error: Connection is closed
2025-02-24 11:30:20,238 - app.routes.websocket - INFO - WebSocket connection established
2025-02-24 11:30:20,239 - app.utils.opcua_client - ERROR - Error getting namespace index: Connection is closed
2025-02-24 11:30:20,240 - app.routes.websocket - ERROR - WebSocket error: Connection is closed
2025-02-24 11:30:25,573 - app.routes.websocket - INFO - WebSocket connection established
2025-02-24 11:30:25,574 - app.utils.opcua_client - ERROR - Error getting namespace index: Connection is closed
2025-02-24 11:30:25,575 - app.routes.websocket - ERROR - WebSocket error: Connection is closed
2025-02-24 11:30:30,903 - app.routes.websocket - INFO - WebSocket connection established
2025-02-24 11:30:30,904 - app.utils.opcua_client - ERROR - Error getting namespace index: Connection is closed
2025-02-24 11:30:30,905 - app.routes.websocket - ERROR - WebSocket error: Connection is closed
2025-02-24 11:30:36,240 - app.routes.websocket - INFO - WebSocket connection established
2025-02-24 11:30:36,240 - app.utils.opcua_client - ERROR - Error getting namespace index: Connection is closed
2025-02-24 11:30:36,241 - app.routes.websocket - ERROR - WebSocket error: Connection is closed
2025-02-24 11:30:41,571 - app.routes.websocket - INFO - WebSocket connection established
2025-02-24 11:30:41,572 - app.utils.opcua_client - ERROR - Error getting namespace index: Connection is closed
2025-02-24 11:30:41,573 - app.routes.websocket - ERROR - WebSocket error: Connection is closed
2025-02-24 11:30:46,896 - app.routes.websocket - INFO - WebSocket connection established
2025-02-24 11:30:46,898 - app.utils.opcua_client - ERROR - Error getting namespace index: Connection is closed
2025-02-24 11:30:46,898 - app.routes.websocket - ERROR - WebSocket error: Connection is closed
2025-02-24 11:30:52,232 - app.routes.websocket - INFO - WebSocket connection established
2025-02-24 11:30:52,232 - app.utils.opcua_client - ERROR - Error getting namespace index: Connection is closed
2025-02-24 11:30:52,234 - app.routes.websocket - ERROR - WebSocket error: Connection is closed
2025-02-24 11:30:57,562 - app.routes.websocket - INFO - WebSocket connection established
2025-02-24 11:30:57,563 - app.utils.opcua_client - ERROR - Error getting namespace index: Connection is closed
2025-02-24 11:30:57,563 - app.routes.websocket - ERROR - WebSocket error: Connection is closed
2025-02-24 11:31:02,888 - app.routes.websocket - INFO - WebSocket connection established
2025-02-24 11:31:02,889 - app.utils.opcua_client - ERROR - Error getting namespace index: Connection is closed
2025-02-24 11:31:02,889 - app.routes.websocket - ERROR - WebSocket error: Connection is closed
2025-02-24 11:31:08,212 - app.routes.websocket - INFO - WebSocket connection established
2025-02-24 11:31:08,212 - app.utils.opcua_client - ERROR - Error getting namespace index: Connection is closed
2025-02-24 11:31:08,213 - app.routes.websocket - ERROR - WebSocket error: Connection is closed
2025-02-24 11:31:13,531 - app.routes.websocket - INFO - WebSocket connection established
2025-02-24 11:31:13,532 - app.utils.opcua_client - ERROR - Error getting namespace index: Connection is closed
2025-02-24 11:31:13,533 - app.routes.websocket - ERROR - WebSocket error: Connection is closed
2025-02-24 11:31:18,868 - app.routes.websocket - INFO - WebSocket connection established
2025-02-24 11:31:18,869 - app.utils.opcua_client - ERROR - Error getting namespace index: Connection is closed
2025-02-24 11:31:18,870 - app.routes.websocket - ERROR - WebSocket error: Connection is closed
2025-02-24 11:31:24,191 - app.routes.websocket - INFO - WebSocket connection established
2025-02-24 11:31:24,192 - app.utils.opcua_client - ERROR - Error getting namespace index: Connection is closed
2025-02-24 11:31:24,192 - app.routes.websocket - ERROR - WebSocket error: Connection is closed
2025-02-24 11:31:29,511 - app.routes.websocket - INFO - WebSocket connection established
2025-02-24 11:31:29,511 - app.utils.opcua_client - ERROR - Error getting namespace index: Connection is closed
2025-02-24 11:31:29,511 - app.routes.websocket - ERROR - WebSocket error: Connection is closed
2025-02-24 11:31:34,267 - app.utils.opcua_client - INFO - Disconnected from OPCUA server
2025-02-24 11:31:34,268 - app.main - INFO - Successfully disconnected from OPCUA server
